#! /c/iverilog/bin/vvp
:ivl_version "0.9.7 " "(v0_9_7)";
:vpi_time_precision + 0;
:vpi_module "system";
:vpi_module "v2005_math";
:vpi_module "va_math";
S_01171B50 .scope module, "tb" "tb" 2 1;
 .timescale 0 0;
v011AEF00_0 .net "IR", 31 0, v011AE4B0_0; 1 drivers
v011AEBE8_0 .net "PC", 31 0, v011AE668_0; 1 drivers
v011AEC40_0 .var/s "a", 31 0;
v011AEC98_0 .var/s "b", 31 0;
v011AEDF8_0 .var "clk", 0 0;
S_01170E08 .scope module, "uut" "cpu" 2 5, 3 208, S_01171B50;
 .timescale 0 0;
v011AE1F0_0 .var "IMM", 31 0;
v011AE090_0 .alias/s "IR", 31 0, v011AEF00_0;
v011AE668_0 .var "PC", 31 0;
v011AE140_0 .net "RD_d", 31 0, v011AE5B8_0; 1 drivers
v011AE6C0_0 .var "RD_d2", 31 0;
v011AE718_0 .net "RD_i", 31 0, v0113CC18_0; 1 drivers
v011AE770_0 .var "RS_d", 31 0;
v011AEA88_0 .var "RS_i", 31 0;
v011AE7C8_0 .var "RT_i", 31 0;
v011AE820_0 .var "SHAMT", 4 0;
v011AE8D0_0 .var "alu_en", 0 0;
v011AE980_0 .net "clk", 0 0, v011AEDF8_0; 1 drivers
v011AE9D8_0 .var "mode", 0 0;
v011AEA30 .array "registers", 0 31, 31 0;
v011AEF58_0 .net "type1", 1 0, v0113C900_0; 1 drivers
v011AEE50_0 .net "type2", 5 0, L_011AEFB0; 1 drivers
v011AEB38_0 .var "we", 0 0;
E_01172E10 .event negedge, v011AE980_0;
E_011730D0 .event posedge, v011AE980_0;
L_011AECF0 .arith/sum 32, v011AE770_0, v011AE1F0_0;
S_011711C0 .scope module, "memory_instr" "VEDA" 3 249, 3 2, S_01170E08;
 .timescale 0 0;
v011AE400_0 .alias "address", 31 0, v011AEBE8_0;
v011AE458_0 .net "clk", 0 0, C4<z>; 0 drivers
v011AE3A8_0 .net "data_in", 31 0, C4<00000000000000000000000000000000>; 1 drivers
v011AE2A0_0 .alias "data_out", 31 0, v011AEF00_0;
v011AE4B0_0 .var "data_reg", 31 0;
v011AE038 .array "mem", 0 127, 31 0;
v011AE508_0 .net "mode", 0 0, C4<1>; 1 drivers
v011AE560_0 .net "reset", 0 0, C4<0>; 1 drivers
v011AE878_0 .net "we", 0 0, C4<0>; 1 drivers
E_01172E90/0 .event edge, v011AE560_0, v011AE508_0, v011AE878_0, v011AE3A8_0;
v011AE038_0 .array/port v011AE038, 0;
v011AE038_1 .array/port v011AE038, 1;
v011AE038_2 .array/port v011AE038, 2;
E_01172E90/1 .event edge, v011AE400_0, v011AE038_0, v011AE038_1, v011AE038_2;
v011AE038_3 .array/port v011AE038, 3;
v011AE038_4 .array/port v011AE038, 4;
v011AE038_5 .array/port v011AE038, 5;
v011AE038_6 .array/port v011AE038, 6;
E_01172E90/2 .event edge, v011AE038_3, v011AE038_4, v011AE038_5, v011AE038_6;
v011AE038_7 .array/port v011AE038, 7;
v011AE038_8 .array/port v011AE038, 8;
v011AE038_9 .array/port v011AE038, 9;
v011AE038_10 .array/port v011AE038, 10;
E_01172E90/3 .event edge, v011AE038_7, v011AE038_8, v011AE038_9, v011AE038_10;
v011AE038_11 .array/port v011AE038, 11;
v011AE038_12 .array/port v011AE038, 12;
v011AE038_13 .array/port v011AE038, 13;
v011AE038_14 .array/port v011AE038, 14;
E_01172E90/4 .event edge, v011AE038_11, v011AE038_12, v011AE038_13, v011AE038_14;
v011AE038_15 .array/port v011AE038, 15;
v011AE038_16 .array/port v011AE038, 16;
v011AE038_17 .array/port v011AE038, 17;
v011AE038_18 .array/port v011AE038, 18;
E_01172E90/5 .event edge, v011AE038_15, v011AE038_16, v011AE038_17, v011AE038_18;
v011AE038_19 .array/port v011AE038, 19;
v011AE038_20 .array/port v011AE038, 20;
v011AE038_21 .array/port v011AE038, 21;
v011AE038_22 .array/port v011AE038, 22;
E_01172E90/6 .event edge, v011AE038_19, v011AE038_20, v011AE038_21, v011AE038_22;
v011AE038_23 .array/port v011AE038, 23;
v011AE038_24 .array/port v011AE038, 24;
v011AE038_25 .array/port v011AE038, 25;
v011AE038_26 .array/port v011AE038, 26;
E_01172E90/7 .event edge, v011AE038_23, v011AE038_24, v011AE038_25, v011AE038_26;
v011AE038_27 .array/port v011AE038, 27;
v011AE038_28 .array/port v011AE038, 28;
v011AE038_29 .array/port v011AE038, 29;
v011AE038_30 .array/port v011AE038, 30;
E_01172E90/8 .event edge, v011AE038_27, v011AE038_28, v011AE038_29, v011AE038_30;
v011AE038_31 .array/port v011AE038, 31;
v011AE038_32 .array/port v011AE038, 32;
v011AE038_33 .array/port v011AE038, 33;
v011AE038_34 .array/port v011AE038, 34;
E_01172E90/9 .event edge, v011AE038_31, v011AE038_32, v011AE038_33, v011AE038_34;
v011AE038_35 .array/port v011AE038, 35;
v011AE038_36 .array/port v011AE038, 36;
v011AE038_37 .array/port v011AE038, 37;
v011AE038_38 .array/port v011AE038, 38;
E_01172E90/10 .event edge, v011AE038_35, v011AE038_36, v011AE038_37, v011AE038_38;
v011AE038_39 .array/port v011AE038, 39;
v011AE038_40 .array/port v011AE038, 40;
v011AE038_41 .array/port v011AE038, 41;
v011AE038_42 .array/port v011AE038, 42;
E_01172E90/11 .event edge, v011AE038_39, v011AE038_40, v011AE038_41, v011AE038_42;
v011AE038_43 .array/port v011AE038, 43;
v011AE038_44 .array/port v011AE038, 44;
v011AE038_45 .array/port v011AE038, 45;
v011AE038_46 .array/port v011AE038, 46;
E_01172E90/12 .event edge, v011AE038_43, v011AE038_44, v011AE038_45, v011AE038_46;
v011AE038_47 .array/port v011AE038, 47;
v011AE038_48 .array/port v011AE038, 48;
v011AE038_49 .array/port v011AE038, 49;
v011AE038_50 .array/port v011AE038, 50;
E_01172E90/13 .event edge, v011AE038_47, v011AE038_48, v011AE038_49, v011AE038_50;
v011AE038_51 .array/port v011AE038, 51;
v011AE038_52 .array/port v011AE038, 52;
v011AE038_53 .array/port v011AE038, 53;
v011AE038_54 .array/port v011AE038, 54;
E_01172E90/14 .event edge, v011AE038_51, v011AE038_52, v011AE038_53, v011AE038_54;
v011AE038_55 .array/port v011AE038, 55;
v011AE038_56 .array/port v011AE038, 56;
v011AE038_57 .array/port v011AE038, 57;
v011AE038_58 .array/port v011AE038, 58;
E_01172E90/15 .event edge, v011AE038_55, v011AE038_56, v011AE038_57, v011AE038_58;
v011AE038_59 .array/port v011AE038, 59;
v011AE038_60 .array/port v011AE038, 60;
v011AE038_61 .array/port v011AE038, 61;
v011AE038_62 .array/port v011AE038, 62;
E_01172E90/16 .event edge, v011AE038_59, v011AE038_60, v011AE038_61, v011AE038_62;
v011AE038_63 .array/port v011AE038, 63;
v011AE038_64 .array/port v011AE038, 64;
v011AE038_65 .array/port v011AE038, 65;
v011AE038_66 .array/port v011AE038, 66;
E_01172E90/17 .event edge, v011AE038_63, v011AE038_64, v011AE038_65, v011AE038_66;
v011AE038_67 .array/port v011AE038, 67;
v011AE038_68 .array/port v011AE038, 68;
v011AE038_69 .array/port v011AE038, 69;
v011AE038_70 .array/port v011AE038, 70;
E_01172E90/18 .event edge, v011AE038_67, v011AE038_68, v011AE038_69, v011AE038_70;
v011AE038_71 .array/port v011AE038, 71;
v011AE038_72 .array/port v011AE038, 72;
v011AE038_73 .array/port v011AE038, 73;
v011AE038_74 .array/port v011AE038, 74;
E_01172E90/19 .event edge, v011AE038_71, v011AE038_72, v011AE038_73, v011AE038_74;
v011AE038_75 .array/port v011AE038, 75;
v011AE038_76 .array/port v011AE038, 76;
v011AE038_77 .array/port v011AE038, 77;
v011AE038_78 .array/port v011AE038, 78;
E_01172E90/20 .event edge, v011AE038_75, v011AE038_76, v011AE038_77, v011AE038_78;
v011AE038_79 .array/port v011AE038, 79;
v011AE038_80 .array/port v011AE038, 80;
v011AE038_81 .array/port v011AE038, 81;
v011AE038_82 .array/port v011AE038, 82;
E_01172E90/21 .event edge, v011AE038_79, v011AE038_80, v011AE038_81, v011AE038_82;
v011AE038_83 .array/port v011AE038, 83;
v011AE038_84 .array/port v011AE038, 84;
v011AE038_85 .array/port v011AE038, 85;
v011AE038_86 .array/port v011AE038, 86;
E_01172E90/22 .event edge, v011AE038_83, v011AE038_84, v011AE038_85, v011AE038_86;
v011AE038_87 .array/port v011AE038, 87;
v011AE038_88 .array/port v011AE038, 88;
v011AE038_89 .array/port v011AE038, 89;
v011AE038_90 .array/port v011AE038, 90;
E_01172E90/23 .event edge, v011AE038_87, v011AE038_88, v011AE038_89, v011AE038_90;
v011AE038_91 .array/port v011AE038, 91;
v011AE038_92 .array/port v011AE038, 92;
v011AE038_93 .array/port v011AE038, 93;
v011AE038_94 .array/port v011AE038, 94;
E_01172E90/24 .event edge, v011AE038_91, v011AE038_92, v011AE038_93, v011AE038_94;
v011AE038_95 .array/port v011AE038, 95;
v011AE038_96 .array/port v011AE038, 96;
v011AE038_97 .array/port v011AE038, 97;
v011AE038_98 .array/port v011AE038, 98;
E_01172E90/25 .event edge, v011AE038_95, v011AE038_96, v011AE038_97, v011AE038_98;
v011AE038_99 .array/port v011AE038, 99;
v011AE038_100 .array/port v011AE038, 100;
v011AE038_101 .array/port v011AE038, 101;
v011AE038_102 .array/port v011AE038, 102;
E_01172E90/26 .event edge, v011AE038_99, v011AE038_100, v011AE038_101, v011AE038_102;
v011AE038_103 .array/port v011AE038, 103;
v011AE038_104 .array/port v011AE038, 104;
v011AE038_105 .array/port v011AE038, 105;
v011AE038_106 .array/port v011AE038, 106;
E_01172E90/27 .event edge, v011AE038_103, v011AE038_104, v011AE038_105, v011AE038_106;
v011AE038_107 .array/port v011AE038, 107;
v011AE038_108 .array/port v011AE038, 108;
v011AE038_109 .array/port v011AE038, 109;
v011AE038_110 .array/port v011AE038, 110;
E_01172E90/28 .event edge, v011AE038_107, v011AE038_108, v011AE038_109, v011AE038_110;
v011AE038_111 .array/port v011AE038, 111;
v011AE038_112 .array/port v011AE038, 112;
v011AE038_113 .array/port v011AE038, 113;
v011AE038_114 .array/port v011AE038, 114;
E_01172E90/29 .event edge, v011AE038_111, v011AE038_112, v011AE038_113, v011AE038_114;
v011AE038_115 .array/port v011AE038, 115;
v011AE038_116 .array/port v011AE038, 116;
v011AE038_117 .array/port v011AE038, 117;
v011AE038_118 .array/port v011AE038, 118;
E_01172E90/30 .event edge, v011AE038_115, v011AE038_116, v011AE038_117, v011AE038_118;
v011AE038_119 .array/port v011AE038, 119;
v011AE038_120 .array/port v011AE038, 120;
v011AE038_121 .array/port v011AE038, 121;
v011AE038_122 .array/port v011AE038, 122;
E_01172E90/31 .event edge, v011AE038_119, v011AE038_120, v011AE038_121, v011AE038_122;
v011AE038_123 .array/port v011AE038, 123;
v011AE038_124 .array/port v011AE038, 124;
v011AE038_125 .array/port v011AE038, 125;
v011AE038_126 .array/port v011AE038, 126;
E_01172E90/32 .event edge, v011AE038_123, v011AE038_124, v011AE038_125, v011AE038_126;
v011AE038_127 .array/port v011AE038, 127;
E_01172E90/33 .event edge, v011AE038_127;
E_01172E90 .event/or E_01172E90/0, E_01172E90/1, E_01172E90/2, E_01172E90/3, E_01172E90/4, E_01172E90/5, E_01172E90/6, E_01172E90/7, E_01172E90/8, E_01172E90/9, E_01172E90/10, E_01172E90/11, E_01172E90/12, E_01172E90/13, E_01172E90/14, E_01172E90/15, E_01172E90/16, E_01172E90/17, E_01172E90/18, E_01172E90/19, E_01172E90/20, E_01172E90/21, E_01172E90/22, E_01172E90/23, E_01172E90/24, E_01172E90/25, E_01172E90/26, E_01172E90/27, E_01172E90/28, E_01172E90/29, E_01172E90/30, E_01172E90/31, E_01172E90/32, E_01172E90/33;
S_01171798 .scope module, "memory_data" "VEDA" 3 250, 3 2, S_01170E08;
 .timescale 0 0;
v011AE928_0 .net "address", 31 0, L_011AECF0; 1 drivers
v011AEAE0_0 .net "clk", 0 0, C4<z>; 0 drivers
v011AE2F8_0 .net "data_in", 31 0, v011AE6C0_0; 1 drivers
v011AE350_0 .alias "data_out", 31 0, v011AE140_0;
v011AE5B8_0 .var "data_reg", 31 0;
v011AE248 .array "mem", 0 127, 31 0;
v011AE610_0 .net "mode", 0 0, v011AE9D8_0; 1 drivers
v011AE198_0 .net "reset", 0 0, C4<0>; 1 drivers
v011AE0E8_0 .net "we", 0 0, v011AEB38_0; 1 drivers
E_01173090/0 .event edge, v011AE198_0, v011AE610_0, v011AE0E8_0, v011AE2F8_0;
v011AE248_0 .array/port v011AE248, 0;
v011AE248_1 .array/port v011AE248, 1;
v011AE248_2 .array/port v011AE248, 2;
E_01173090/1 .event edge, v011AE928_0, v011AE248_0, v011AE248_1, v011AE248_2;
v011AE248_3 .array/port v011AE248, 3;
v011AE248_4 .array/port v011AE248, 4;
v011AE248_5 .array/port v011AE248, 5;
v011AE248_6 .array/port v011AE248, 6;
E_01173090/2 .event edge, v011AE248_3, v011AE248_4, v011AE248_5, v011AE248_6;
v011AE248_7 .array/port v011AE248, 7;
v011AE248_8 .array/port v011AE248, 8;
v011AE248_9 .array/port v011AE248, 9;
v011AE248_10 .array/port v011AE248, 10;
E_01173090/3 .event edge, v011AE248_7, v011AE248_8, v011AE248_9, v011AE248_10;
v011AE248_11 .array/port v011AE248, 11;
v011AE248_12 .array/port v011AE248, 12;
v011AE248_13 .array/port v011AE248, 13;
v011AE248_14 .array/port v011AE248, 14;
E_01173090/4 .event edge, v011AE248_11, v011AE248_12, v011AE248_13, v011AE248_14;
v011AE248_15 .array/port v011AE248, 15;
v011AE248_16 .array/port v011AE248, 16;
v011AE248_17 .array/port v011AE248, 17;
v011AE248_18 .array/port v011AE248, 18;
E_01173090/5 .event edge, v011AE248_15, v011AE248_16, v011AE248_17, v011AE248_18;
v011AE248_19 .array/port v011AE248, 19;
v011AE248_20 .array/port v011AE248, 20;
v011AE248_21 .array/port v011AE248, 21;
v011AE248_22 .array/port v011AE248, 22;
E_01173090/6 .event edge, v011AE248_19, v011AE248_20, v011AE248_21, v011AE248_22;
v011AE248_23 .array/port v011AE248, 23;
v011AE248_24 .array/port v011AE248, 24;
v011AE248_25 .array/port v011AE248, 25;
v011AE248_26 .array/port v011AE248, 26;
E_01173090/7 .event edge, v011AE248_23, v011AE248_24, v011AE248_25, v011AE248_26;
v011AE248_27 .array/port v011AE248, 27;
v011AE248_28 .array/port v011AE248, 28;
v011AE248_29 .array/port v011AE248, 29;
v011AE248_30 .array/port v011AE248, 30;
E_01173090/8 .event edge, v011AE248_27, v011AE248_28, v011AE248_29, v011AE248_30;
v011AE248_31 .array/port v011AE248, 31;
v011AE248_32 .array/port v011AE248, 32;
v011AE248_33 .array/port v011AE248, 33;
v011AE248_34 .array/port v011AE248, 34;
E_01173090/9 .event edge, v011AE248_31, v011AE248_32, v011AE248_33, v011AE248_34;
v011AE248_35 .array/port v011AE248, 35;
v011AE248_36 .array/port v011AE248, 36;
v011AE248_37 .array/port v011AE248, 37;
v011AE248_38 .array/port v011AE248, 38;
E_01173090/10 .event edge, v011AE248_35, v011AE248_36, v011AE248_37, v011AE248_38;
v011AE248_39 .array/port v011AE248, 39;
v011AE248_40 .array/port v011AE248, 40;
v011AE248_41 .array/port v011AE248, 41;
v011AE248_42 .array/port v011AE248, 42;
E_01173090/11 .event edge, v011AE248_39, v011AE248_40, v011AE248_41, v011AE248_42;
v011AE248_43 .array/port v011AE248, 43;
v011AE248_44 .array/port v011AE248, 44;
v011AE248_45 .array/port v011AE248, 45;
v011AE248_46 .array/port v011AE248, 46;
E_01173090/12 .event edge, v011AE248_43, v011AE248_44, v011AE248_45, v011AE248_46;
v011AE248_47 .array/port v011AE248, 47;
v011AE248_48 .array/port v011AE248, 48;
v011AE248_49 .array/port v011AE248, 49;
v011AE248_50 .array/port v011AE248, 50;
E_01173090/13 .event edge, v011AE248_47, v011AE248_48, v011AE248_49, v011AE248_50;
v011AE248_51 .array/port v011AE248, 51;
v011AE248_52 .array/port v011AE248, 52;
v011AE248_53 .array/port v011AE248, 53;
v011AE248_54 .array/port v011AE248, 54;
E_01173090/14 .event edge, v011AE248_51, v011AE248_52, v011AE248_53, v011AE248_54;
v011AE248_55 .array/port v011AE248, 55;
v011AE248_56 .array/port v011AE248, 56;
v011AE248_57 .array/port v011AE248, 57;
v011AE248_58 .array/port v011AE248, 58;
E_01173090/15 .event edge, v011AE248_55, v011AE248_56, v011AE248_57, v011AE248_58;
v011AE248_59 .array/port v011AE248, 59;
v011AE248_60 .array/port v011AE248, 60;
v011AE248_61 .array/port v011AE248, 61;
v011AE248_62 .array/port v011AE248, 62;
E_01173090/16 .event edge, v011AE248_59, v011AE248_60, v011AE248_61, v011AE248_62;
v011AE248_63 .array/port v011AE248, 63;
v011AE248_64 .array/port v011AE248, 64;
v011AE248_65 .array/port v011AE248, 65;
v011AE248_66 .array/port v011AE248, 66;
E_01173090/17 .event edge, v011AE248_63, v011AE248_64, v011AE248_65, v011AE248_66;
v011AE248_67 .array/port v011AE248, 67;
v011AE248_68 .array/port v011AE248, 68;
v011AE248_69 .array/port v011AE248, 69;
v011AE248_70 .array/port v011AE248, 70;
E_01173090/18 .event edge, v011AE248_67, v011AE248_68, v011AE248_69, v011AE248_70;
v011AE248_71 .array/port v011AE248, 71;
v011AE248_72 .array/port v011AE248, 72;
v011AE248_73 .array/port v011AE248, 73;
v011AE248_74 .array/port v011AE248, 74;
E_01173090/19 .event edge, v011AE248_71, v011AE248_72, v011AE248_73, v011AE248_74;
v011AE248_75 .array/port v011AE248, 75;
v011AE248_76 .array/port v011AE248, 76;
v011AE248_77 .array/port v011AE248, 77;
v011AE248_78 .array/port v011AE248, 78;
E_01173090/20 .event edge, v011AE248_75, v011AE248_76, v011AE248_77, v011AE248_78;
v011AE248_79 .array/port v011AE248, 79;
v011AE248_80 .array/port v011AE248, 80;
v011AE248_81 .array/port v011AE248, 81;
v011AE248_82 .array/port v011AE248, 82;
E_01173090/21 .event edge, v011AE248_79, v011AE248_80, v011AE248_81, v011AE248_82;
v011AE248_83 .array/port v011AE248, 83;
v011AE248_84 .array/port v011AE248, 84;
v011AE248_85 .array/port v011AE248, 85;
v011AE248_86 .array/port v011AE248, 86;
E_01173090/22 .event edge, v011AE248_83, v011AE248_84, v011AE248_85, v011AE248_86;
v011AE248_87 .array/port v011AE248, 87;
v011AE248_88 .array/port v011AE248, 88;
v011AE248_89 .array/port v011AE248, 89;
v011AE248_90 .array/port v011AE248, 90;
E_01173090/23 .event edge, v011AE248_87, v011AE248_88, v011AE248_89, v011AE248_90;
v011AE248_91 .array/port v011AE248, 91;
v011AE248_92 .array/port v011AE248, 92;
v011AE248_93 .array/port v011AE248, 93;
v011AE248_94 .array/port v011AE248, 94;
E_01173090/24 .event edge, v011AE248_91, v011AE248_92, v011AE248_93, v011AE248_94;
v011AE248_95 .array/port v011AE248, 95;
v011AE248_96 .array/port v011AE248, 96;
v011AE248_97 .array/port v011AE248, 97;
v011AE248_98 .array/port v011AE248, 98;
E_01173090/25 .event edge, v011AE248_95, v011AE248_96, v011AE248_97, v011AE248_98;
v011AE248_99 .array/port v011AE248, 99;
v011AE248_100 .array/port v011AE248, 100;
v011AE248_101 .array/port v011AE248, 101;
v011AE248_102 .array/port v011AE248, 102;
E_01173090/26 .event edge, v011AE248_99, v011AE248_100, v011AE248_101, v011AE248_102;
v011AE248_103 .array/port v011AE248, 103;
v011AE248_104 .array/port v011AE248, 104;
v011AE248_105 .array/port v011AE248, 105;
v011AE248_106 .array/port v011AE248, 106;
E_01173090/27 .event edge, v011AE248_103, v011AE248_104, v011AE248_105, v011AE248_106;
v011AE248_107 .array/port v011AE248, 107;
v011AE248_108 .array/port v011AE248, 108;
v011AE248_109 .array/port v011AE248, 109;
v011AE248_110 .array/port v011AE248, 110;
E_01173090/28 .event edge, v011AE248_107, v011AE248_108, v011AE248_109, v011AE248_110;
v011AE248_111 .array/port v011AE248, 111;
v011AE248_112 .array/port v011AE248, 112;
v011AE248_113 .array/port v011AE248, 113;
v011AE248_114 .array/port v011AE248, 114;
E_01173090/29 .event edge, v011AE248_111, v011AE248_112, v011AE248_113, v011AE248_114;
v011AE248_115 .array/port v011AE248, 115;
v011AE248_116 .array/port v011AE248, 116;
v011AE248_117 .array/port v011AE248, 117;
v011AE248_118 .array/port v011AE248, 118;
E_01173090/30 .event edge, v011AE248_115, v011AE248_116, v011AE248_117, v011AE248_118;
v011AE248_119 .array/port v011AE248, 119;
v011AE248_120 .array/port v011AE248, 120;
v011AE248_121 .array/port v011AE248, 121;
v011AE248_122 .array/port v011AE248, 122;
E_01173090/31 .event edge, v011AE248_119, v011AE248_120, v011AE248_121, v011AE248_122;
v011AE248_123 .array/port v011AE248, 123;
v011AE248_124 .array/port v011AE248, 124;
v011AE248_125 .array/port v011AE248, 125;
v011AE248_126 .array/port v011AE248, 126;
E_01173090/32 .event edge, v011AE248_123, v011AE248_124, v011AE248_125, v011AE248_126;
v011AE248_127 .array/port v011AE248, 127;
E_01173090/33 .event edge, v011AE248_127;
E_01173090 .event/or E_01173090/0, E_01173090/1, E_01173090/2, E_01173090/3, E_01173090/4, E_01173090/5, E_01173090/6, E_01173090/7, E_01173090/8, E_01173090/9, E_01173090/10, E_01173090/11, E_01173090/12, E_01173090/13, E_01173090/14, E_01173090/15, E_01173090/16, E_01173090/17, E_01173090/18, E_01173090/19, E_01173090/20, E_01173090/21, E_01173090/22, E_01173090/23, E_01173090/24, E_01173090/25, E_01173090/26, E_01173090/27, E_01173090/28, E_01173090/29, E_01173090/30, E_01173090/31, E_01173090/32, E_01173090/33;
S_01171468 .scope module, "instr" "decoder" 3 251, 3 150, S_01170E08;
 .timescale 0 0;
v0113C7F8_0 .alias "IR", 31 0, v011AEF00_0;
v0113C850_0 .var "shifted_opcode1", 31 0;
v0113C8A8_0 .var "shifted_opcode2", 31 0;
v0113CC70_0 .alias "type1", 1 0, v011AEF58_0;
v0113CB10_0 .alias "type2", 5 0, v011AEE50_0;
v0113C900_0 .var "type_1", 1 0;
v0113C958_0 .var "type_2", 31 0;
E_01172FB0 .event edge, v0113C7F8_0, v0113C850_0, v0113C8A8_0;
L_011AEFB0 .part v0113C958_0, 0, 6;
S_01171028 .scope module, "ALU" "alu" 3 252, 3 80, S_01170E08;
 .timescale 0 0;
v0113CA08_0 .net "IMM", 31 0, v011AE1F0_0; 1 drivers
v0113CC18_0 .var "RD", 31 0;
v0113C640_0 .net "RS", 31 0, v011AEA88_0; 1 drivers
v0113C7A0_0 .net "RT", 31 0, v011AE7C8_0; 1 drivers
v0113CA60_0 .net "SHAMT", 4 0, v011AE820_0; 1 drivers
v0113C6F0_0 .net "alu_en", 0 0, v011AE8D0_0; 1 drivers
v0113C748_0 .alias "type1", 1 0, v011AEF58_0;
v0113CBC0_0 .alias "type2", 5 0, v011AEE50_0;
E_01172D90/0 .event edge, v0113C6F0_0, v0113C748_0, v0113CBC0_0, v0113C640_0;
E_01172D90/1 .event edge, v0113C7A0_0, v0113CA60_0, v0113CA08_0;
E_01172D90 .event/or E_01172D90/0, E_01172D90/1;
    .scope S_011711C0;
T_0 ;
    %movi 8, 67106848, 32;
   %ix/load 1, 0, 0;
   %ix/load 3, 0, 0;
   %set/av v011AE038, 8, 32;
    %movi 8, 16416, 32;
   %ix/load 1, 0, 0;
   %ix/load 3, 1, 0;
   %set/av v011AE038, 8, 32;
    %movi 8, 574095359, 32;
   %ix/load 1, 0, 0;
   %ix/load 3, 2, 0;
   %set/av v011AE038, 8, 32;
    %movi 8, 18333738, 32;
   %ix/load 1, 0, 0;
   %ix/load 3, 3, 0;
   %set/av v011AE038, 8, 32;
    %movi 8, 318767125, 32;
   %ix/load 1, 0, 0;
   %ix/load 3, 4, 0;
   %set/av v011AE038, 8, 32;
    %movi 8, 18464, 32;
   %ix/load 1, 0, 0;
   %ix/load 3, 5, 0;
   %set/av v011AE038, 8, 32;
    %movi 8, 48810018, 32;
   %ix/load 1, 0, 0;
   %ix/load 3, 6, 0;
   %set/av v011AE038, 8, 32;
    %movi 8, 20561962, 32;
   %ix/load 1, 0, 0;
   %ix/load 3, 7, 0;
   %set/av v011AE038, 8, 32;
    %movi 8, 318767123, 32;
   %ix/load 1, 0, 0;
   %ix/load 3, 8, 0;
   %set/av v011AE038, 8, 32;
    %movi 8, 18894848, 32;
   %ix/load 1, 0, 0;
   %ix/load 3, 9, 0;
   %set/av v011AE038, 8, 32;
    %movi 8, 22042656, 32;
   %ix/load 1, 0, 0;
   %ix/load 3, 10, 0;
   %set/av v011AE038, 8, 32;
    %movi 8, 2373058560, 32;
   %ix/load 1, 0, 0;
   %ix/load 3, 11, 0;
   %set/av v011AE038, 8, 32;
    %movi 8, 560726017, 32;
   %ix/load 1, 0, 0;
   %ix/load 3, 12, 0;
   %set/av v011AE038, 8, 32;
    %movi 8, 2375221248, 32;
   %ix/load 1, 0, 0;
   %ix/load 3, 13, 0;
   %set/av v011AE038, 8, 32;
    %movi 8, 41052202, 32;
   %ix/load 1, 0, 0;
   %ix/load 3, 14, 0;
   %set/av v011AE038, 8, 32;
    %movi 8, 295698449, 32;
   %ix/load 1, 0, 0;
   %ix/load 3, 15, 0;
   %set/av v011AE038, 8, 32;
    %movi 8, 2912026624, 32;
   %ix/load 1, 0, 0;
   %ix/load 3, 16, 0;
   %set/av v011AE038, 8, 32;
    %movi 8, 2909995008, 32;
   %ix/load 1, 0, 0;
   %ix/load 3, 17, 0;
   %set/av v011AE038, 8, 32;
    %movi 8, 556335105, 32;
   %ix/load 1, 0, 0;
   %ix/load 3, 18, 0;
   %set/av v011AE038, 8, 32;
    %movi 8, 134217734, 32;
   %ix/load 1, 0, 0;
   %ix/load 3, 19, 0;
   %set/av v011AE038, 8, 32;
    %movi 8, 554172417, 32;
   %ix/load 1, 0, 0;
   %ix/load 3, 20, 0;
   %set/av v011AE038, 8, 32;
    %movi 8, 134217731, 32;
   %ix/load 1, 0, 0;
   %ix/load 3, 21, 0;
   %set/av v011AE038, 8, 32;
    %movi 8, 4227858432, 32;
   %ix/load 1, 0, 0;
   %ix/load 3, 22, 0;
   %set/av v011AE038, 8, 32;
    %movi 8, 15, 32;
   %ix/load 1, 0, 0;
   %ix/load 3, 32, 0;
   %set/av v011AE038, 8, 32;
    %movi 8, 10, 32;
   %ix/load 1, 0, 0;
   %ix/load 3, 33, 0;
   %set/av v011AE038, 8, 32;
    %movi 8, 12, 32;
   %ix/load 1, 0, 0;
   %ix/load 3, 34, 0;
   %set/av v011AE038, 8, 32;
    %movi 8, 8, 32;
   %ix/load 1, 0, 0;
   %ix/load 3, 35, 0;
   %set/av v011AE038, 8, 32;
    %movi 8, 21, 32;
   %ix/load 1, 0, 0;
   %ix/load 3, 36, 0;
   %set/av v011AE038, 8, 32;
    %movi 8, 56, 32;
   %ix/load 1, 0, 0;
   %ix/load 3, 37, 0;
   %set/av v011AE038, 8, 32;
    %movi 8, 2, 32;
   %ix/load 1, 0, 0;
   %ix/load 3, 38, 0;
   %set/av v011AE038, 8, 32;
    %movi 8, 30, 32;
   %ix/load 1, 0, 0;
   %ix/load 3, 39, 0;
   %set/av v011AE038, 8, 32;
    %vpi_call 3 52 "$monitor", "%d, %d, %d, %d, %d", &A<v011AE038, 32>, &A<v011AE038, 33>, &A<v011AE038, 34>, &A<v011AE038, 35>, &A<v011AE038, 36>, &A<v011AE038, 37>, &A<v011AE038, 38>, &A<v011AE038, 39>;
    %end;
    .thread T_0;
    .scope S_011711C0;
T_1 ;
    %wait E_01172E90;
    %load/v 8, v011AE560_0, 1;
    %jmp/0xz  T_1.0, 8;
    %ix/load 0, 32, 0;
    %assign/v0 v011AE4B0_0, 0, 0;
    %jmp T_1.1;
T_1.0 ;
    %load/v 8, v011AE508_0, 1;
    %mov 9, 0, 1;
    %cmpi/u 8, 0, 2;
    %jmp/0xz  T_1.2, 4;
    %load/v 8, v011AE878_0, 1;
    %jmp/0xz  T_1.4, 8;
    %load/v 8, v011AE3A8_0, 32;
    %ix/getv 3, v011AE400_0;
    %jmp/1 t_0, 4;
    %ix/load 0, 32, 0; word width
    %ix/load 1, 0, 0; part off
    %assign/av v011AE038, 0, 8;
t_0 ;
T_1.4 ;
    %load/v 8, v011AE3A8_0, 32;
    %ix/load 0, 32, 0;
    %assign/v0 v011AE4B0_0, 0, 8;
    %jmp T_1.3;
T_1.2 ;
    %ix/getv 3, v011AE400_0;
    %load/av 8, v011AE038, 32;
    %ix/load 0, 32, 0;
    %assign/v0 v011AE4B0_0, 0, 8;
T_1.3 ;
T_1.1 ;
    %jmp T_1;
    .thread T_1, $push;
    .scope S_01171798;
T_2 ;
    %movi 8, 67106848, 32;
   %ix/load 1, 0, 0;
   %ix/load 3, 0, 0;
   %set/av v011AE248, 8, 32;
    %movi 8, 16416, 32;
   %ix/load 1, 0, 0;
   %ix/load 3, 1, 0;
   %set/av v011AE248, 8, 32;
    %movi 8, 574095359, 32;
   %ix/load 1, 0, 0;
   %ix/load 3, 2, 0;
   %set/av v011AE248, 8, 32;
    %movi 8, 18333738, 32;
   %ix/load 1, 0, 0;
   %ix/load 3, 3, 0;
   %set/av v011AE248, 8, 32;
    %movi 8, 318767125, 32;
   %ix/load 1, 0, 0;
   %ix/load 3, 4, 0;
   %set/av v011AE248, 8, 32;
    %movi 8, 18464, 32;
   %ix/load 1, 0, 0;
   %ix/load 3, 5, 0;
   %set/av v011AE248, 8, 32;
    %movi 8, 48810018, 32;
   %ix/load 1, 0, 0;
   %ix/load 3, 6, 0;
   %set/av v011AE248, 8, 32;
    %movi 8, 20561962, 32;
   %ix/load 1, 0, 0;
   %ix/load 3, 7, 0;
   %set/av v011AE248, 8, 32;
    %movi 8, 318767123, 32;
   %ix/load 1, 0, 0;
   %ix/load 3, 8, 0;
   %set/av v011AE248, 8, 32;
    %movi 8, 18894848, 32;
   %ix/load 1, 0, 0;
   %ix/load 3, 9, 0;
   %set/av v011AE248, 8, 32;
    %movi 8, 22042656, 32;
   %ix/load 1, 0, 0;
   %ix/load 3, 10, 0;
   %set/av v011AE248, 8, 32;
    %movi 8, 2373058560, 32;
   %ix/load 1, 0, 0;
   %ix/load 3, 11, 0;
   %set/av v011AE248, 8, 32;
    %movi 8, 560726017, 32;
   %ix/load 1, 0, 0;
   %ix/load 3, 12, 0;
   %set/av v011AE248, 8, 32;
    %movi 8, 2375221248, 32;
   %ix/load 1, 0, 0;
   %ix/load 3, 13, 0;
   %set/av v011AE248, 8, 32;
    %movi 8, 41052202, 32;
   %ix/load 1, 0, 0;
   %ix/load 3, 14, 0;
   %set/av v011AE248, 8, 32;
    %movi 8, 295698449, 32;
   %ix/load 1, 0, 0;
   %ix/load 3, 15, 0;
   %set/av v011AE248, 8, 32;
    %movi 8, 2912026624, 32;
   %ix/load 1, 0, 0;
   %ix/load 3, 16, 0;
   %set/av v011AE248, 8, 32;
    %movi 8, 2909995008, 32;
   %ix/load 1, 0, 0;
   %ix/load 3, 17, 0;
   %set/av v011AE248, 8, 32;
    %movi 8, 556335105, 32;
   %ix/load 1, 0, 0;
   %ix/load 3, 18, 0;
   %set/av v011AE248, 8, 32;
    %movi 8, 134217734, 32;
   %ix/load 1, 0, 0;
   %ix/load 3, 19, 0;
   %set/av v011AE248, 8, 32;
    %movi 8, 554172417, 32;
   %ix/load 1, 0, 0;
   %ix/load 3, 20, 0;
   %set/av v011AE248, 8, 32;
    %movi 8, 134217731, 32;
   %ix/load 1, 0, 0;
   %ix/load 3, 21, 0;
   %set/av v011AE248, 8, 32;
    %movi 8, 4227858432, 32;
   %ix/load 1, 0, 0;
   %ix/load 3, 22, 0;
   %set/av v011AE248, 8, 32;
    %movi 8, 15, 32;
   %ix/load 1, 0, 0;
   %ix/load 3, 32, 0;
   %set/av v011AE248, 8, 32;
    %movi 8, 10, 32;
   %ix/load 1, 0, 0;
   %ix/load 3, 33, 0;
   %set/av v011AE248, 8, 32;
    %movi 8, 12, 32;
   %ix/load 1, 0, 0;
   %ix/load 3, 34, 0;
   %set/av v011AE248, 8, 32;
    %movi 8, 8, 32;
   %ix/load 1, 0, 0;
   %ix/load 3, 35, 0;
   %set/av v011AE248, 8, 32;
    %movi 8, 21, 32;
   %ix/load 1, 0, 0;
   %ix/load 3, 36, 0;
   %set/av v011AE248, 8, 32;
    %movi 8, 56, 32;
   %ix/load 1, 0, 0;
   %ix/load 3, 37, 0;
   %set/av v011AE248, 8, 32;
    %movi 8, 2, 32;
   %ix/load 1, 0, 0;
   %ix/load 3, 38, 0;
   %set/av v011AE248, 8, 32;
    %movi 8, 30, 32;
   %ix/load 1, 0, 0;
   %ix/load 3, 39, 0;
   %set/av v011AE248, 8, 32;
    %vpi_call 3 52 "$monitor", "%d, %d, %d, %d, %d", &A<v011AE248, 32>, &A<v011AE248, 33>, &A<v011AE248, 34>, &A<v011AE248, 35>, &A<v011AE248, 36>, &A<v011AE248, 37>, &A<v011AE248, 38>, &A<v011AE248, 39>;
    %end;
    .thread T_2;
    .scope S_01171798;
T_3 ;
    %wait E_01173090;
    %load/v 8, v011AE198_0, 1;
    %jmp/0xz  T_3.0, 8;
    %ix/load 0, 32, 0;
    %assign/v0 v011AE5B8_0, 0, 0;
    %jmp T_3.1;
T_3.0 ;
    %load/v 8, v011AE610_0, 1;
    %mov 9, 0, 1;
    %cmpi/u 8, 0, 2;
    %jmp/0xz  T_3.2, 4;
    %load/v 8, v011AE0E8_0, 1;
    %jmp/0xz  T_3.4, 8;
    %load/v 8, v011AE2F8_0, 32;
    %ix/getv 3, v011AE928_0;
    %jmp/1 t_1, 4;
    %ix/load 0, 32, 0; word width
    %ix/load 1, 0, 0; part off
    %assign/av v011AE248, 0, 8;
t_1 ;
T_3.4 ;
    %load/v 8, v011AE2F8_0, 32;
    %ix/load 0, 32, 0;
    %assign/v0 v011AE5B8_0, 0, 8;
    %jmp T_3.3;
T_3.2 ;
    %ix/getv 3, v011AE928_0;
    %load/av 8, v011AE248, 32;
    %ix/load 0, 32, 0;
    %assign/v0 v011AE5B8_0, 0, 8;
T_3.3 ;
T_3.1 ;
    %jmp T_3;
    .thread T_3, $push;
    .scope S_01171468;
T_4 ;
    %wait E_01172FB0;
    %load/v 8, v0113C7F8_0, 32;
    %ix/load 0, 26, 0;
    %mov 4, 0, 1;
    %shiftr/i0  8, 32;
    %set/v v0113C850_0, 8, 32;
    %load/v 8, v0113C850_0, 32;
    %cmpi/u 8, 0, 32;
    %jmp/0xz  T_4.0, 6;
    %set/v v0113C900_0, 0, 2;
    %load/v 8, v0113C7F8_0, 32;
    %ix/load 0, 26, 0;
    %mov 4, 0, 1;
    %shiftl/i0  8, 32;
    %ix/load 0, 26, 0;
    %mov 4, 0, 1;
    %shiftr/i0  8, 32;
    %set/v v0113C8A8_0, 8, 32;
    %load/v 8, v0113C8A8_0, 32;
    %cmpi/u 8, 32, 32;
    %jmp/0xz  T_4.2, 6;
    %set/v v0113C958_0, 0, 32;
    %jmp T_4.3;
T_4.2 ;
    %load/v 8, v0113C8A8_0, 32;
    %cmpi/u 8, 34, 32;
    %jmp/0xz  T_4.4, 6;
    %movi 8, 1, 32;
    %set/v v0113C958_0, 8, 32;
    %jmp T_4.5;
T_4.4 ;
    %load/v 8, v0113C8A8_0, 32;
    %cmpi/u 8, 33, 32;
    %jmp/0xz  T_4.6, 6;
    %movi 8, 2, 32;
    %set/v v0113C958_0, 8, 32;
    %jmp T_4.7;
T_4.6 ;
    %load/v 8, v0113C8A8_0, 32;
    %cmpi/u 8, 35, 32;
    %jmp/0xz  T_4.8, 6;
    %movi 8, 3, 32;
    %set/v v0113C958_0, 8, 32;
    %jmp T_4.9;
T_4.8 ;
    %load/v 8, v0113C8A8_0, 32;
    %cmpi/u 8, 36, 32;
    %jmp/0xz  T_4.10, 6;
    %movi 8, 4, 32;
    %set/v v0113C958_0, 8, 32;
    %jmp T_4.11;
T_4.10 ;
    %load/v 8, v0113C8A8_0, 32;
    %cmpi/u 8, 37, 32;
    %jmp/0xz  T_4.12, 6;
    %movi 8, 5, 32;
    %set/v v0113C958_0, 8, 32;
    %jmp T_4.13;
T_4.12 ;
    %load/v 8, v0113C8A8_0, 32;
    %cmpi/u 8, 0, 32;
    %jmp/0xz  T_4.14, 6;
    %movi 8, 6, 32;
    %set/v v0113C958_0, 8, 32;
    %jmp T_4.15;
T_4.14 ;
    %load/v 8, v0113C8A8_0, 32;
    %cmpi/u 8, 2, 32;
    %jmp/0xz  T_4.16, 6;
    %movi 8, 7, 32;
    %set/v v0113C958_0, 8, 32;
    %jmp T_4.17;
T_4.16 ;
    %load/v 8, v0113C8A8_0, 32;
    %cmpi/u 8, 8, 32;
    %jmp/0xz  T_4.18, 6;
    %movi 8, 8, 32;
    %set/v v0113C958_0, 8, 32;
    %jmp T_4.19;
T_4.18 ;
    %load/v 8, v0113C8A8_0, 32;
    %cmpi/u 8, 42, 32;
    %jmp/0xz  T_4.20, 6;
    %movi 8, 9, 32;
    %set/v v0113C958_0, 8, 32;
T_4.20 ;
T_4.19 ;
T_4.17 ;
T_4.15 ;
T_4.13 ;
T_4.11 ;
T_4.9 ;
T_4.7 ;
T_4.5 ;
T_4.3 ;
    %jmp T_4.1;
T_4.0 ;
    %load/v 8, v0113C850_0, 32;
    %cmpi/u 8, 2, 32;
    %jmp/0xz  T_4.22, 6;
    %movi 8, 1, 2;
    %set/v v0113C900_0, 8, 2;
    %jmp T_4.23;
T_4.22 ;
    %load/v 8, v0113C850_0, 32;
    %cmpi/u 8, 3, 32;
    %jmp/0xz  T_4.24, 6;
    %movi 8, 2, 2;
    %set/v v0113C900_0, 8, 2;
    %jmp T_4.25;
T_4.24 ;
    %load/v 8, v0113C850_0, 32;
    %cmpi/u 8, 8, 32;
    %jmp/0xz  T_4.26, 6;
    %set/v v0113C958_0, 0, 32;
    %jmp T_4.27;
T_4.26 ;
    %load/v 8, v0113C850_0, 32;
    %cmpi/u 8, 9, 32;
    %jmp/0xz  T_4.28, 6;
    %movi 8, 1, 32;
    %set/v v0113C958_0, 8, 32;
    %jmp T_4.29;
T_4.28 ;
    %load/v 8, v0113C850_0, 32;
    %cmpi/u 8, 12, 32;
    %jmp/0xz  T_4.30, 6;
    %movi 8, 2, 32;
    %set/v v0113C958_0, 8, 32;
    %jmp T_4.31;
T_4.30 ;
    %load/v 8, v0113C850_0, 32;
    %cmpi/u 8, 13, 32;
    %jmp/0xz  T_4.32, 6;
    %movi 8, 3, 32;
    %set/v v0113C958_0, 8, 32;
    %jmp T_4.33;
T_4.32 ;
    %load/v 8, v0113C850_0, 32;
    %cmpi/u 8, 35, 32;
    %jmp/0xz  T_4.34, 6;
    %movi 8, 4, 32;
    %set/v v0113C958_0, 8, 32;
    %jmp T_4.35;
T_4.34 ;
    %load/v 8, v0113C850_0, 32;
    %cmpi/u 8, 43, 32;
    %jmp/0xz  T_4.36, 6;
    %movi 8, 5, 32;
    %set/v v0113C958_0, 8, 32;
    %jmp T_4.37;
T_4.36 ;
    %load/v 8, v0113C850_0, 32;
    %cmpi/u 8, 4, 32;
    %jmp/0xz  T_4.38, 6;
    %movi 8, 6, 32;
    %set/v v0113C958_0, 8, 32;
    %jmp T_4.39;
T_4.38 ;
    %load/v 8, v0113C850_0, 32;
    %cmpi/u 8, 5, 32;
    %jmp/0xz  T_4.40, 6;
    %movi 8, 7, 32;
    %set/v v0113C958_0, 8, 32;
    %jmp T_4.41;
T_4.40 ;
    %load/v 8, v0113C850_0, 32;
    %cmpi/u 8, 7, 32;
    %jmp/0xz  T_4.42, 6;
    %movi 8, 8, 32;
    %set/v v0113C958_0, 8, 32;
    %jmp T_4.43;
T_4.42 ;
    %load/v 8, v0113C850_0, 32;
    %cmpi/u 8, 1, 32;
    %jmp/0xz  T_4.44, 6;
    %movi 8, 9, 32;
    %set/v v0113C958_0, 8, 32;
    %jmp T_4.45;
T_4.44 ;
    %load/v 8, v0113C850_0, 32;
    %cmpi/u 8, 14, 32;
    %jmp/0xz  T_4.46, 6;
    %movi 8, 10, 32;
    %set/v v0113C958_0, 8, 32;
    %jmp T_4.47;
T_4.46 ;
    %load/v 8, v0113C850_0, 32;
    %cmpi/u 8, 15, 32;
    %jmp/0xz  T_4.48, 6;
    %movi 8, 11, 32;
    %set/v v0113C958_0, 8, 32;
    %jmp T_4.49;
T_4.48 ;
    %load/v 8, v0113C850_0, 32;
    %cmpi/u 8, 10, 32;
    %jmp/0xz  T_4.50, 6;
    %movi 8, 12, 32;
    %set/v v0113C958_0, 8, 32;
    %jmp T_4.51;
T_4.50 ;
    %load/v 8, v0113C850_0, 32;
    %cmpi/u 8, 63, 32;
    %jmp/0xz  T_4.52, 6;
    %movi 8, 13, 32;
    %set/v v0113C958_0, 8, 32;
T_4.52 ;
T_4.51 ;
T_4.49 ;
T_4.47 ;
T_4.45 ;
T_4.43 ;
T_4.41 ;
T_4.39 ;
T_4.37 ;
T_4.35 ;
T_4.33 ;
T_4.31 ;
T_4.29 ;
T_4.27 ;
    %set/v v0113C900_0, 1, 2;
T_4.25 ;
T_4.23 ;
T_4.1 ;
    %jmp T_4;
    .thread T_4, $push;
    .scope S_01171028;
T_5 ;
    %wait E_01172D90;
    %load/v 8, v0113C6F0_0, 1;
    %mov 9, 0, 2;
    %cmpi/u 8, 1, 3;
    %jmp/0xz  T_5.0, 6;
    %load/v 8, v0113C748_0, 2;
    %mov 10, 0, 1;
    %cmpi/u 8, 0, 3;
    %jmp/0xz  T_5.2, 6;
    %load/v 8, v0113CBC0_0, 6;
    %mov 14, 0, 1;
    %cmpi/u 8, 0, 7;
    %jmp/0xz  T_5.4, 6;
    %load/v 8, v0113C640_0, 32;
    %load/v 40, v0113C7A0_0, 32;
    %add 8, 40, 32;
    %set/v v0113CC18_0, 8, 32;
T_5.4 ;
    %load/v 8, v0113CBC0_0, 6;
    %mov 14, 0, 1;
    %cmpi/u 8, 1, 7;
    %jmp/0xz  T_5.6, 6;
    %load/v 8, v0113C640_0, 32;
    %load/v 40, v0113C7A0_0, 32;
    %sub 8, 40, 32;
    %set/v v0113CC18_0, 8, 32;
T_5.6 ;
    %load/v 8, v0113CBC0_0, 6;
    %mov 14, 0, 1;
    %cmpi/u 8, 2, 7;
    %jmp/0xz  T_5.8, 6;
    %load/v 8, v0113C640_0, 32;
    %load/v 40, v0113C7A0_0, 32;
    %add 8, 40, 32;
    %set/v v0113CC18_0, 8, 32;
T_5.8 ;
    %load/v 8, v0113CBC0_0, 6;
    %mov 14, 0, 1;
    %cmpi/u 8, 3, 7;
    %jmp/0xz  T_5.10, 6;
    %load/v 8, v0113C640_0, 32;
    %load/v 40, v0113C7A0_0, 32;
    %sub 8, 40, 32;
    %set/v v0113CC18_0, 8, 32;
T_5.10 ;
    %load/v 8, v0113CBC0_0, 6;
    %mov 14, 0, 1;
    %cmpi/u 8, 4, 7;
    %jmp/0xz  T_5.12, 6;
    %load/v 8, v0113C640_0, 32;
    %load/v 40, v0113C7A0_0, 32;
    %and 8, 40, 32;
    %set/v v0113CC18_0, 8, 32;
T_5.12 ;
    %load/v 8, v0113CBC0_0, 6;
    %mov 14, 0, 1;
    %cmpi/u 8, 5, 7;
    %jmp/0xz  T_5.14, 6;
    %load/v 8, v0113C640_0, 32;
    %load/v 40, v0113C7A0_0, 32;
    %or 8, 40, 32;
    %set/v v0113CC18_0, 8, 32;
T_5.14 ;
    %load/v 8, v0113CBC0_0, 6;
    %mov 14, 0, 1;
    %cmpi/u 8, 6, 7;
    %jmp/0xz  T_5.16, 6;
    %load/v 8, v0113C640_0, 32;
    %load/v 40, v0113CA60_0, 5;
    %ix/get 0, 40, 5;
    %shiftl/i0  8, 32;
    %set/v v0113CC18_0, 8, 32;
T_5.16 ;
    %load/v 8, v0113CBC0_0, 6;
    %mov 14, 0, 1;
    %cmpi/u 8, 7, 7;
    %jmp/0xz  T_5.18, 6;
    %load/v 8, v0113C640_0, 32;
    %load/v 40, v0113CA60_0, 5;
    %ix/get 0, 40, 5;
    %shiftr/i0  8, 32;
    %set/v v0113CC18_0, 8, 32;
T_5.18 ;
    %load/v 8, v0113CBC0_0, 6;
    %mov 14, 0, 1;
    %cmpi/u 8, 9, 7;
    %jmp/0xz  T_5.20, 6;
    %load/v 8, v0113C640_0, 32;
    %load/v 40, v0113C7A0_0, 32;
    %cmp/u 8, 40, 32;
    %jmp/0xz  T_5.22, 5;
    %movi 8, 1, 32;
    %set/v v0113CC18_0, 8, 32;
    %jmp T_5.23;
T_5.22 ;
    %set/v v0113CC18_0, 0, 32;
T_5.23 ;
T_5.20 ;
    %jmp T_5.3;
T_5.2 ;
    %load/v 8, v0113C748_0, 2;
    %mov 10, 0, 2;
    %cmpi/u 8, 3, 4;
    %jmp/0xz  T_5.24, 6;
    %load/v 8, v0113CBC0_0, 6;
    %mov 14, 0, 1;
    %cmpi/u 8, 0, 7;
    %jmp/0xz  T_5.26, 6;
    %load/v 8, v0113C640_0, 32;
    %load/v 40, v0113CA08_0, 32;
    %add 8, 40, 32;
    %set/v v0113CC18_0, 8, 32;
T_5.26 ;
    %load/v 8, v0113CBC0_0, 6;
    %mov 14, 0, 1;
    %cmpi/u 8, 1, 7;
    %jmp/0xz  T_5.28, 6;
    %load/v 8, v0113C640_0, 32;
    %load/v 40, v0113CA08_0, 32;
    %add 8, 40, 32;
    %set/v v0113CC18_0, 8, 32;
T_5.28 ;
    %load/v 8, v0113CBC0_0, 6;
    %mov 14, 0, 1;
    %cmpi/u 8, 2, 7;
    %jmp/0xz  T_5.30, 6;
    %load/v 8, v0113C640_0, 32;
    %load/v 40, v0113CA08_0, 32;
    %and 8, 40, 32;
    %set/v v0113CC18_0, 8, 32;
T_5.30 ;
    %load/v 8, v0113CBC0_0, 6;
    %mov 14, 0, 1;
    %cmpi/u 8, 3, 7;
    %jmp/0xz  T_5.32, 6;
    %load/v 8, v0113C640_0, 32;
    %load/v 40, v0113CA08_0, 32;
    %or 8, 40, 32;
    %set/v v0113CC18_0, 8, 32;
T_5.32 ;
    %load/v 8, v0113CBC0_0, 6;
    %mov 14, 0, 1;
    %cmpi/u 8, 12, 7;
    %jmp/0xz  T_5.34, 6;
    %load/v 8, v0113C640_0, 32;
    %load/v 40, v0113CA08_0, 32;
    %cmp/u 8, 40, 32;
    %jmp/0xz  T_5.36, 5;
    %movi 8, 1, 32;
    %set/v v0113CC18_0, 8, 32;
    %jmp T_5.37;
T_5.36 ;
    %set/v v0113CC18_0, 0, 32;
T_5.37 ;
T_5.34 ;
T_5.24 ;
T_5.3 ;
T_5.0 ;
    %jmp T_5;
    .thread T_5, $push;
    .scope S_01170E08;
T_6 ;
    %set/v v011AE668_0, 0, 32;
    %end;
    .thread T_6;
    .scope S_01170E08;
T_7 ;
   %ix/load 1, 0, 0;
   %ix/load 3, 0, 0;
   %set/av v011AEA30, 0, 32;
    %movi 8, 32, 32;
   %ix/load 1, 0, 0;
   %ix/load 3, 16, 0;
   %set/av v011AEA30, 8, 32;
    %movi 8, 8, 32;
   %ix/load 1, 0, 0;
   %ix/load 3, 17, 0;
   %set/av v011AEA30, 8, 32;
    %end;
    .thread T_7;
    .scope S_01170E08;
T_8 ;
    %wait E_011730D0;
    %load/v 8, v011AEF58_0, 2;
    %mov 10, 0, 1;
    %cmpi/u 8, 0, 3;
    %jmp/0xz  T_8.0, 4;
    %load/v 8, v011AEE50_0, 6;
    %mov 14, 0, 1;
    %cmpi/u 8, 8, 7;
    %inv 4, 1;
    %jmp/0xz  T_8.2, 4;
    %set/v v011AE8D0_0, 0, 1;
    %load/v 8, v011AE718_0, 32;
    %load/v 40, v011AE090_0, 32;
    %ix/load 0, 16, 0;
    %mov 4, 0, 1;
    %shiftl/i0  40, 32;
    %ix/load 0, 27, 0;
    %mov 4, 0, 1;
    %shiftr/i0  40, 32;
    %ix/get 3, 40, 32;
   %jmp/1 t_2, 4;
   %ix/load 1, 0, 0;
   %set/av v011AEA30, 8, 32;
t_2 ;
    %load/v 8, v011AE668_0, 32;
    %mov 40, 0, 1;
    %addi 8, 1, 33;
    %set/v v011AE668_0, 8, 32;
    %jmp T_8.3;
T_8.2 ;
    %set/v v011AE8D0_0, 0, 1;
    %load/v 40, v011AE090_0, 32;
    %ix/load 0, 6, 0;
    %mov 4, 0, 1;
    %shiftl/i0  40, 32;
    %ix/load 0, 27, 0;
    %mov 4, 0, 1;
    %shiftr/i0  40, 32;
    %ix/get 3, 40, 32;
    %load/av 8, v011AEA30, 32;
    %set/v v011AE668_0, 8, 32;
    %load/v 8, v011AE668_0, 32;
    %mov 40, 0, 1;
    %addi 8, 1, 33;
    %set/v v011AE668_0, 8, 32;
T_8.3 ;
    %jmp T_8.1;
T_8.0 ;
    %load/v 8, v011AEF58_0, 2;
    %mov 10, 0, 1;
    %cmpi/u 8, 1, 3;
    %jmp/0xz  T_8.4, 4;
    %set/v v011AE8D0_0, 0, 1;
    %load/v 8, v011AE090_0, 32;
    %ix/load 0, 6, 0;
    %mov 4, 0, 1;
    %shiftl/i0  8, 32;
    %ix/load 0, 6, 0;
    %mov 4, 0, 1;
    %shiftr/i0  8, 32;
    %set/v v011AE668_0, 8, 32;
    %jmp T_8.5;
T_8.4 ;
    %load/v 8, v011AEF58_0, 2;
    %mov 10, 0, 2;
    %cmpi/u 8, 2, 4;
    %jmp/0xz  T_8.6, 6;
    %set/v v011AE8D0_0, 0, 1;
    %load/v 8, v011AE668_0, 32;
   %ix/load 1, 0, 0;
   %ix/load 3, 31, 0;
   %set/av v011AEA30, 8, 32;
    %load/v 8, v011AE090_0, 32;
    %ix/load 0, 6, 0;
    %mov 4, 0, 1;
    %shiftl/i0  8, 32;
    %ix/load 0, 6, 0;
    %mov 4, 0, 1;
    %shiftr/i0  8, 32;
    %set/v v011AE668_0, 8, 32;
    %jmp T_8.7;
T_8.6 ;
    %load/v 8, v011AEF58_0, 2;
    %mov 10, 0, 2;
    %cmpi/u 8, 3, 4;
    %jmp/0xz  T_8.8, 6;
    %load/v 8, v011AEE50_0, 6;
    %mov 14, 0, 1;
   %cmpi/u 8, 4, 7;
    %mov 8, 5, 1;
    %load/v 9, v011AEE50_0, 6;
    %mov 15, 0, 1;
    %cmpi/u 9, 12, 7;
    %or 8, 6, 1;
    %jmp/0xz  T_8.10, 8;
    %set/v v011AE8D0_0, 0, 1;
    %load/v 8, v011AE718_0, 32;
    %load/v 40, v011AE090_0, 32;
    %ix/load 0, 11, 0;
    %mov 4, 0, 1;
    %shiftl/i0  40, 32;
    %ix/load 0, 27, 0;
    %mov 4, 0, 1;
    %shiftr/i0  40, 32;
    %ix/get 3, 40, 32;
   %jmp/1 t_3, 4;
   %ix/load 1, 0, 0;
   %set/av v011AEA30, 8, 32;
t_3 ;
    %load/v 8, v011AE668_0, 32;
    %mov 40, 0, 1;
    %addi 8, 1, 33;
    %set/v v011AE668_0, 8, 32;
    %jmp T_8.11;
T_8.10 ;
    %load/v 8, v011AEE50_0, 6;
    %mov 14, 0, 1;
    %cmpi/u 8, 6, 7;
    %jmp/0xz  T_8.12, 6;
    %set/v v011AE8D0_0, 0, 1;
    %load/v 8, v011AEA88_0, 32;
    %load/v 40, v011AE7C8_0, 32;
    %cmp/u 8, 40, 32;
    %jmp/0xz  T_8.14, 4;
    %movi 8, 1, 33;
    %load/v 41, v011AE1F0_0, 32;
    %mov 73, 0, 1;
    %add 8, 41, 33;
    %set/v v011AE668_0, 8, 32;
    %jmp T_8.15;
T_8.14 ;
    %load/v 8, v011AE668_0, 32;
    %mov 40, 0, 1;
    %addi 8, 1, 33;
    %set/v v011AE668_0, 8, 32;
T_8.15 ;
    %jmp T_8.13;
T_8.12 ;
    %load/v 8, v011AEE50_0, 6;
    %mov 14, 0, 1;
    %cmpi/u 8, 7, 7;
    %jmp/0xz  T_8.16, 6;
    %set/v v011AE8D0_0, 0, 1;
    %load/v 40, v011AEA88_0, 32;
    %nor/r 40, 40, 32;
    %mov 8, 40, 1;
    %mov 9, 0, 31;
    %load/v 40, v011AE7C8_0, 32;
    %cmp/u 8, 40, 32;
    %jmp/0xz  T_8.18, 6;
    %movi 8, 1, 33;
    %load/v 41, v011AE1F0_0, 32;
    %mov 73, 0, 1;
    %add 8, 41, 33;
    %set/v v011AE668_0, 8, 32;
    %jmp T_8.19;
T_8.18 ;
    %load/v 8, v011AE668_0, 32;
    %mov 40, 0, 1;
    %addi 8, 1, 33;
    %set/v v011AE668_0, 8, 32;
T_8.19 ;
    %jmp T_8.17;
T_8.16 ;
    %load/v 8, v011AEE50_0, 6;
    %mov 14, 0, 1;
    %cmpi/u 8, 8, 7;
    %jmp/0xz  T_8.20, 6;
    %set/v v011AE8D0_0, 0, 1;
    %load/v 8, v011AE7C8_0, 32;
    %load/v 40, v011AEA88_0, 32;
    %cmp/u 8, 40, 32;
    %jmp/0xz  T_8.22, 5;
    %movi 8, 1, 33;
    %load/v 41, v011AE1F0_0, 32;
    %mov 73, 0, 1;
    %add 8, 41, 33;
    %set/v v011AE668_0, 8, 32;
    %jmp T_8.23;
T_8.22 ;
    %load/v 8, v011AE668_0, 32;
    %mov 40, 0, 1;
    %addi 8, 1, 33;
    %set/v v011AE668_0, 8, 32;
T_8.23 ;
    %jmp T_8.21;
T_8.20 ;
    %load/v 8, v011AEE50_0, 6;
    %mov 14, 0, 1;
    %cmpi/u 8, 9, 7;
    %jmp/0xz  T_8.24, 6;
    %set/v v011AE8D0_0, 0, 1;
    %load/v 8, v011AE7C8_0, 32;
    %load/v 40, v011AEA88_0, 32;
    %cmp/u 8, 40, 32;
    %or 5, 4, 1;
    %jmp/0xz  T_8.26, 5;
    %movi 8, 1, 33;
    %load/v 41, v011AE1F0_0, 32;
    %mov 73, 0, 1;
    %add 8, 41, 33;
    %set/v v011AE668_0, 8, 32;
    %jmp T_8.27;
T_8.26 ;
    %load/v 8, v011AE668_0, 32;
    %mov 40, 0, 1;
    %addi 8, 1, 33;
    %set/v v011AE668_0, 8, 32;
T_8.27 ;
    %jmp T_8.25;
T_8.24 ;
    %load/v 8, v011AEE50_0, 6;
    %mov 14, 0, 1;
    %cmpi/u 8, 10, 7;
    %jmp/0xz  T_8.28, 6;
    %set/v v011AE8D0_0, 0, 1;
    %load/v 8, v011AEA88_0, 32;
    %load/v 40, v011AE7C8_0, 32;
    %cmp/u 8, 40, 32;
    %jmp/0xz  T_8.30, 5;
    %movi 8, 1, 34;
    %load/v 42, v011AE1F0_0, 32;
    %mov 74, 0, 2;
    %add 8, 42, 34;
    %load/v 42, v011AE668_0, 32;
    %mov 74, 0, 2;
    %add 8, 42, 34;
    %set/v v011AE668_0, 8, 32;
    %jmp T_8.31;
T_8.30 ;
    %load/v 8, v011AE668_0, 32;
    %mov 40, 0, 1;
    %addi 8, 1, 33;
    %set/v v011AE668_0, 8, 32;
T_8.31 ;
    %jmp T_8.29;
T_8.28 ;
    %load/v 8, v011AEE50_0, 6;
    %mov 14, 0, 1;
    %cmpi/u 8, 11, 7;
    %jmp/0xz  T_8.32, 6;
    %set/v v011AE8D0_0, 0, 1;
    %load/v 8, v011AEA88_0, 32;
    %load/v 40, v011AE7C8_0, 32;
    %cmp/u 8, 40, 32;
    %or 5, 4, 1;
    %jmp/0xz  T_8.34, 5;
    %movi 8, 1, 33;
    %load/v 41, v011AE1F0_0, 32;
    %mov 73, 0, 1;
    %add 8, 41, 33;
    %set/v v011AE668_0, 8, 32;
    %jmp T_8.35;
T_8.34 ;
    %load/v 8, v011AE668_0, 32;
    %mov 40, 0, 1;
    %addi 8, 1, 33;
    %set/v v011AE668_0, 8, 32;
T_8.35 ;
    %jmp T_8.33;
T_8.32 ;
    %load/v 8, v011AEE50_0, 6;
    %mov 14, 0, 1;
    %cmpi/u 8, 4, 7;
    %jmp/0xz  T_8.36, 4;
    %set/v v011AE8D0_0, 0, 1;
    %load/v 8, v011AE140_0, 32;
    %load/v 40, v011AE090_0, 32;
    %ix/load 0, 11, 0;
    %mov 4, 0, 1;
    %shiftl/i0  40, 32;
    %ix/load 0, 27, 0;
    %mov 4, 0, 1;
    %shiftr/i0  40, 32;
    %ix/get 3, 40, 32;
   %jmp/1 t_4, 4;
   %ix/load 1, 0, 0;
   %set/av v011AEA30, 8, 32;
t_4 ;
    %load/v 8, v011AE668_0, 32;
    %mov 40, 0, 1;
    %addi 8, 1, 33;
    %set/v v011AE668_0, 8, 32;
    %jmp T_8.37;
T_8.36 ;
    %load/v 8, v011AEE50_0, 6;
    %mov 14, 0, 1;
    %cmpi/u 8, 5, 7;
    %jmp/0xz  T_8.38, 4;
    %set/v v011AE8D0_0, 0, 1;
    %set/v v011AE770_0, 2, 32;
    %load/v 8, v011AE668_0, 32;
    %mov 40, 0, 1;
    %addi 8, 1, 33;
    %set/v v011AE668_0, 8, 32;
    %jmp T_8.39;
T_8.38 ;
    %load/v 8, v011AEE50_0, 6;
    %mov 14, 0, 1;
    %cmpi/u 8, 13, 7;
    %jmp/0xz  T_8.40, 4;
    %set/v v011AE8D0_0, 0, 1;
    %load/v 8, v011AE668_0, 32;
    %set/v v011AE668_0, 8, 32;
T_8.40 ;
T_8.39 ;
T_8.37 ;
T_8.33 ;
T_8.29 ;
T_8.25 ;
T_8.21 ;
T_8.17 ;
T_8.13 ;
T_8.11 ;
T_8.8 ;
T_8.7 ;
T_8.5 ;
T_8.1 ;
    %jmp T_8;
    .thread T_8;
    .scope S_01170E08;
T_9 ;
    %wait E_01172E10;
    %load/v 8, v011AEF58_0, 2;
    %mov 10, 0, 1;
    %cmpi/u 8, 0, 3;
    %jmp/0xz  T_9.0, 4;
    %load/v 8, v011AEE50_0, 6;
    %mov 14, 0, 1;
    %cmpi/u 8, 8, 7;
    %inv 4, 1;
    %jmp/0xz  T_9.2, 4;
    %set/v v011AE8D0_0, 1, 1;
    %load/v 40, v011AE090_0, 32;
    %ix/load 0, 6, 0;
    %mov 4, 0, 1;
    %shiftl/i0  40, 32;
    %ix/load 0, 27, 0;
    %mov 4, 0, 1;
    %shiftr/i0  40, 32;
    %ix/get 3, 40, 32;
    %load/av 8, v011AEA30, 32;
    %set/v v011AEA88_0, 8, 32;
    %load/v 40, v011AE090_0, 32;
    %ix/load 0, 11, 0;
    %mov 4, 0, 1;
    %shiftl/i0  40, 32;
    %ix/load 0, 27, 0;
    %mov 4, 0, 1;
    %shiftr/i0  40, 32;
    %ix/get 3, 40, 32;
    %load/av 8, v011AEA30, 32;
    %set/v v011AE7C8_0, 8, 32;
    %load/v 8, v011AE090_0, 32;
    %ix/load 0, 21, 0;
    %mov 4, 0, 1;
    %shiftl/i0  8, 32;
    %ix/load 0, 27, 0;
    %mov 4, 0, 1;
    %shiftr/i0  8, 32;
    %set/v v011AE820_0, 8, 5;
T_9.2 ;
T_9.0 ;
    %load/v 8, v011AEF58_0, 2;
    %mov 10, 0, 2;
    %cmpi/u 8, 3, 4;
    %jmp/0xz  T_9.4, 4;
    %load/v 8, v011AEE50_0, 6;
    %mov 14, 0, 1;
   %cmpi/u 8, 4, 7;
    %mov 8, 5, 1;
    %load/v 9, v011AEE50_0, 6;
    %mov 15, 0, 1;
    %cmpi/u 9, 12, 7;
    %or 8, 6, 1;
    %jmp/0xz  T_9.6, 8;
    %set/v v011AE8D0_0, 1, 1;
    %load/v 40, v011AE090_0, 32;
    %ix/load 0, 6, 0;
    %mov 4, 0, 1;
    %shiftl/i0  40, 32;
    %ix/load 0, 27, 0;
    %mov 4, 0, 1;
    %shiftr/i0  40, 32;
    %ix/get 3, 40, 32;
    %load/av 8, v011AEA30, 32;
    %set/v v011AEA88_0, 8, 32;
    %load/v 40, v011AE090_0, 32;
    %ix/load 0, 11, 0;
    %mov 4, 0, 1;
    %shiftl/i0  40, 32;
    %ix/load 0, 27, 0;
    %mov 4, 0, 1;
    %shiftr/i0  40, 32;
    %ix/get 3, 40, 32;
    %load/av 8, v011AEA30, 32;
    %set/v v011AE7C8_0, 8, 32;
    %load/v 8, v011AE090_0, 32;
    %ix/load 0, 16, 0;
    %mov 4, 0, 1;
    %shiftl/i0  8, 32;
    %ix/load 0, 16, 0;
    %mov 4, 0, 1;
    %shiftr/s/i0  8, 32;
    %set/v v011AE1F0_0, 8, 32;
T_9.6 ;
    %load/v 8, v011AEE50_0, 6;
    %mov 14, 0, 1;
    %cmpi/u 8, 4, 7;
    %jmp/0xz  T_9.8, 4;
    %set/v v011AE8D0_0, 0, 1;
    %set/v v011AEB38_0, 0, 1;
    %set/v v011AE9D8_0, 1, 1;
    %load/v 40, v011AE090_0, 32;
    %ix/load 0, 6, 0;
    %mov 4, 0, 1;
    %shiftl/i0  40, 32;
    %ix/load 0, 27, 0;
    %mov 4, 0, 1;
    %shiftr/i0  40, 32;
    %ix/get 3, 40, 32;
    %load/av 8, v011AEA30, 32;
    %set/v v011AE770_0, 8, 32;
    %load/v 8, v011AE090_0, 32;
    %ix/load 0, 16, 0;
    %mov 4, 0, 1;
    %shiftl/i0  8, 32;
    %ix/load 0, 16, 0;
    %mov 4, 0, 1;
    %shiftr/s/i0  8, 32;
    %set/v v011AE1F0_0, 8, 32;
    %jmp T_9.9;
T_9.8 ;
    %load/v 8, v011AEE50_0, 6;
    %mov 14, 0, 1;
    %cmpi/u 8, 5, 7;
    %jmp/0xz  T_9.10, 4;
    %set/v v011AE8D0_0, 0, 1;
    %load/v 40, v011AE090_0, 32;
    %ix/load 0, 11, 0;
    %mov 4, 0, 1;
    %shiftl/i0  40, 32;
    %ix/load 0, 27, 0;
    %mov 4, 0, 1;
    %shiftr/i0  40, 32;
    %ix/get 3, 40, 32;
    %load/av 8, v011AEA30, 32;
    %set/v v011AE6C0_0, 8, 32;
    %set/v v011AEB38_0, 1, 1;
    %set/v v011AE9D8_0, 0, 1;
    %load/v 40, v011AE090_0, 32;
    %ix/load 0, 6, 0;
    %mov 4, 0, 1;
    %shiftl/i0  40, 32;
    %ix/load 0, 27, 0;
    %mov 4, 0, 1;
    %shiftr/i0  40, 32;
    %ix/get 3, 40, 32;
    %load/av 8, v011AEA30, 32;
    %set/v v011AE770_0, 8, 32;
    %load/v 8, v011AE090_0, 32;
    %ix/load 0, 16, 0;
    %mov 4, 0, 1;
    %shiftl/i0  8, 32;
    %ix/load 0, 16, 0;
    %mov 4, 0, 1;
    %shiftr/i0  8, 32;
    %set/v v011AE1F0_0, 8, 32;
T_9.10 ;
T_9.9 ;
    %load/v 8, v011AEE50_0, 6;
    %mov 14, 0, 1;
    %cmpi/u 8, 10, 7;
    %jmp/0xz  T_9.12, 4;
    %set/v v011AE8D0_0, 0, 1;
    %load/v 40, v011AE090_0, 32;
    %ix/load 0, 6, 0;
    %mov 4, 0, 1;
    %shiftl/i0  40, 32;
    %ix/load 0, 27, 0;
    %mov 4, 0, 1;
    %shiftr/i0  40, 32;
    %ix/get 3, 40, 32;
    %load/av 8, v011AEA30, 32;
    %set/v v011AEA88_0, 8, 32;
    %load/v 40, v011AE090_0, 32;
    %ix/load 0, 11, 0;
    %mov 4, 0, 1;
    %shiftl/i0  40, 32;
    %ix/load 0, 27, 0;
    %mov 4, 0, 1;
    %shiftr/i0  40, 32;
    %ix/get 3, 40, 32;
    %load/av 8, v011AEA30, 32;
    %set/v v011AE7C8_0, 8, 32;
    %load/v 8, v011AE090_0, 32;
    %ix/load 0, 16, 0;
    %mov 4, 0, 1;
    %shiftl/i0  8, 32;
    %ix/load 0, 16, 0;
    %mov 4, 0, 1;
    %shiftr/s/i0  8, 32;
    %set/v v011AE1F0_0, 8, 32;
T_9.12 ;
    %load/v 8, v011AEE50_0, 6;
    %mov 14, 0, 1;
    %cmpi/u 8, 6, 7;
    %jmp/0xz  T_9.14, 4;
    %set/v v011AE8D0_0, 0, 1;
    %load/v 40, v011AE090_0, 32;
    %ix/load 0, 6, 0;
    %mov 4, 0, 1;
    %shiftl/i0  40, 32;
    %ix/load 0, 27, 0;
    %mov 4, 0, 1;
    %shiftr/i0  40, 32;
    %ix/get 3, 40, 32;
    %load/av 8, v011AEA30, 32;
    %set/v v011AEA88_0, 8, 32;
    %load/v 40, v011AE090_0, 32;
    %ix/load 0, 11, 0;
    %mov 4, 0, 1;
    %shiftl/i0  40, 32;
    %ix/load 0, 27, 0;
    %mov 4, 0, 1;
    %shiftr/i0  40, 32;
    %ix/get 3, 40, 32;
    %load/av 8, v011AEA30, 32;
    %set/v v011AE7C8_0, 8, 32;
    %load/v 8, v011AE090_0, 32;
    %ix/load 0, 16, 0;
    %mov 4, 0, 1;
    %shiftl/i0  8, 32;
    %ix/load 0, 16, 0;
    %mov 4, 0, 1;
    %shiftr/s/i0  8, 32;
    %set/v v011AE1F0_0, 8, 32;
T_9.14 ;
T_9.4 ;
    %jmp T_9;
    .thread T_9;
    .scope S_01171B50;
T_10 ;
    %movi 8, 2, 32;
    %set/v v011AEC40_0, 8, 32;
    %end;
    .thread T_10;
    .scope S_01171B50;
T_11 ;
    %movi 8, 2147483649, 32;
    %set/v v011AEC98_0, 8, 32;
    %end;
    .thread T_11;
    .scope S_01171B50;
T_12 ;
    %delay 1, 0;
    %load/v 8, v011AEDF8_0, 1;
    %inv 8, 1;
    %set/v v011AEDF8_0, 8, 1;
    %jmp T_12;
    .thread T_12;
    .scope S_01171B50;
T_13 ;
    %vpi_call 2 14 "$dumpfile", "PDS.vcd";
    %vpi_call 2 15 "$dumpvars", 1'sb0, S_01171B50;
    %set/v v011AEDF8_0, 0, 1;
    %end;
    .thread T_13;
# The file index is used to find the file name in the following table.
:file_names 4;
    "N/A";
    "<interactive>";
    "trytb.v";
    "try.v";
