#! /c/iverilog/bin/vvp
:ivl_version "0.9.7 " "(v0_9_7)";
:vpi_time_precision - 12;
:vpi_module "system";
:vpi_module "v2005_math";
:vpi_module "va_math";
S_0113CEE8 .scope module, "testbench" "testbench" 2 3;
 .timescale -9 -12;
v011A3808_0 .var "clk", 0 0;
v011A3CD8_0 .var "reset", 0 0;
S_0113D3B0 .scope module, "dut" "top" 2 12, 3 3, S_0113CEE8;
 .timescale -9 -12;
L_011A47E0 .functor BUFZ 32, v011A1748_0, C4<00000000000000000000000000000000>, C4<00000000000000000000000000000000>, C4<00000000000000000000000000000000>;
v011A2A68_0 .net *"_s0", 32 0, L_011A3B20; 1 drivers
v011A2C78_0 .net *"_s13", 0 0, L_011A3758; 1 drivers
v011A2438_0 .net *"_s14", 15 0, L_011A3650; 1 drivers
v011A2CD0_0 .net *"_s16", 31 0, L_011A37B0; 1 drivers
v011A2858_0 .net *"_s3", 0 0, C4<0>; 1 drivers
v011A2540_0 .net *"_s4", 32 0, C4<000000000000000000000000000000100>; 1 drivers
v011A2800_0 .net *"_s6", 32 0, L_011A3B78; 1 drivers
v011A2DD8_0 .net "address", 25 0, L_011A3440; 1 drivers
v011A2D28_0 .net "alu_control", 3 0, v011A1538_0; 1 drivers
v011A28B0_0 .net "alu_input_b", 31 0, L_011A3F40; 1 drivers
v011A2D80_0 .net "alu_result", 31 0, v011A1748_0; 1 drivers
v011A2E30_0 .net "alu_src", 0 0, v011A2350_0; 1 drivers
v011A2490_0 .net "branch", 0 0, v011A2090_0; 1 drivers
v011A2598_0 .net "clk", 0 0, v011A3808_0; 1 drivers
v011A24E8_0 .net "funct", 5 0, L_011A3E38; 1 drivers
v011A25F0_0 .net "immediate", 15 0, L_011A33E8; 1 drivers
v011A2648_0 .net "instruction", 31 0, L_01154820; 1 drivers
v011A26A0_0 .net "jump", 0 0, v011A2248_0; 1 drivers
v011A2EE0_0 .net "mem_data_out", 31 0, v01139478_0; 1 drivers
v011A3358_0 .net "mem_read", 0 0, v011A1F30_0; 1 drivers
v011A3300_0 .net "mem_to_reg", 0 0, v011A22A0_0; 1 drivers
v011A3250_0 .net "mem_write", 0 0, v011A21F0_0; 1 drivers
v011A2F38_0 .net "opcode", 5 0, L_011A3D30; 1 drivers
v011A3098_0 .net "pc_current", 31 0, v011A26F8_0; 1 drivers
v011A3040_0 .net "pc_next", 31 0, L_011A35F8; 1 drivers
v011A32A8_0 .net "rd", 4 0, L_011A3E90; 1 drivers
v011A2F90_0 .net "reg_data1", 31 0, L_011A3A70; 1 drivers
v011A30F0_0 .net "reg_data2", 31 0, L_011A35A0; 1 drivers
v011A3148_0 .net "reg_dst", 0 0, v011A1FE0_0; 1 drivers
v011A2FE8_0 .net "reg_write", 0 0, v011A20E8_0; 1 drivers
v011A31A0_0 .net "reset", 0 0, v011A3CD8_0; 1 drivers
v011A31F8_0 .net "rs", 4 0, L_011A3700; 1 drivers
v011A36A8_0 .net "rt", 4 0, L_011A3D88; 1 drivers
v011A3C28_0 .net "shamt", 4 0, L_011A3BD0; 1 drivers
RS_0116E664 .resolv tri, L_011A47E0, L_011A3F98, C4<zzzzzzzzzzzzzzzzzzzzzzzzzzzzzzzz>, C4<zzzzzzzzzzzzzzzzzzzzzzzzzzzzzzzz>;
v011A3C80_0 .net8 "write_data", 31 0, RS_0116E664; 2 drivers
v011A3968_0 .net "write_reg", 4 0, L_011A3498; 1 drivers
v011A3DE0_0 .net "zero", 0 0, L_011A4150; 1 drivers
L_011A3B20 .concat [ 32 1 0 0], v011A26F8_0, C4<0>;
L_011A3B78 .arith/sum 33, L_011A3B20, C4<000000000000000000000000000000100>;
L_011A35F8 .part L_011A3B78, 0, 32;
L_011A3498 .functor MUXZ 5, L_011A3D88, L_011A3E90, v011A1FE0_0, C4<>;
L_011A3758 .part L_011A33E8, 15, 1;
LS_011A3650_0_0 .concat [ 1 1 1 1], L_011A3758, L_011A3758, L_011A3758, L_011A3758;
LS_011A3650_0_4 .concat [ 1 1 1 1], L_011A3758, L_011A3758, L_011A3758, L_011A3758;
LS_011A3650_0_8 .concat [ 1 1 1 1], L_011A3758, L_011A3758, L_011A3758, L_011A3758;
LS_011A3650_0_12 .concat [ 1 1 1 1], L_011A3758, L_011A3758, L_011A3758, L_011A3758;
L_011A3650 .concat [ 4 4 4 4], LS_011A3650_0_0, LS_011A3650_0_4, LS_011A3650_0_8, LS_011A3650_0_12;
L_011A37B0 .concat [ 16 16 0 0], L_011A33E8, L_011A3650;
L_011A3F40 .functor MUXZ 32, L_011A35A0, L_011A37B0, v011A2350_0, C4<>;
L_011A3F98 .functor MUXZ 32, v011A1748_0, v01139478_0, v011A22A0_0, C4<>;
S_0113CF70 .scope module, "pc_inst" "pc" 3 32, 4 1, S_0113D3B0;
 .timescale -9 -12;
v011A2960_0 .alias "clk", 0 0, v011A2598_0;
v011A26F8_0 .var "curr_pc", 31 0;
v011A27A8_0 .alias "next_pc", 31 0, v011A3040_0;
v011A2B18_0 .alias "reset", 0 0, v011A31A0_0;
E_01136FD8 .event posedge, v011A1488_0, v01139318_0;
S_0113C778 .scope module, "imem" "instruction_mem" 3 42, 5 1, S_0113D3B0;
 .timescale -9 -12;
L_01154820 .functor BUFZ 32, L_011A3860, C4<00000000000000000000000000000000>, C4<00000000000000000000000000000000>, C4<00000000000000000000000000000000>;
v011A2AC0_0 .net *"_s0", 31 0, L_011A3860; 1 drivers
v011A2750_0 .net *"_s3", 29 0, L_011A38B8; 1 drivers
v011A2BC8_0 .alias "addr", 31 0, v011A3098_0;
v011A23E0_0 .alias "instruction", 31 0, v011A2648_0;
v011A2C20 .array "memory", 255 0, 31 0;
L_011A3860 .array/port v011A2C20, L_011A38B8;
L_011A38B8 .part v011A26F8_0, 2, 30;
S_0113C6F0 .scope module, "decode" "decoder" 3 48, 6 1, S_0113D3B0;
 .timescale -9 -12;
v011A2038_0 .alias "address", 25 0, v011A2DD8_0;
v011A2140_0 .alias "funct", 5 0, v011A24E8_0;
v011A1F88_0 .alias "immediate", 15 0, v011A25F0_0;
v011A2198_0 .alias "instruction", 31 0, v011A2648_0;
v011A2908_0 .alias "opcode", 5 0, v011A2F38_0;
v011A29B8_0 .alias "rd", 4 0, v011A32A8_0;
v011A2E88_0 .alias "rs", 4 0, v011A31F8_0;
v011A2A10_0 .alias "rt", 4 0, v011A36A8_0;
v011A2B70_0 .alias "shamt", 4 0, v011A3C28_0;
L_011A3D30 .part L_01154820, 26, 6;
L_011A3700 .part L_01154820, 21, 5;
L_011A3D88 .part L_01154820, 16, 5;
L_011A3E90 .part L_01154820, 11, 5;
L_011A3BD0 .part L_01154820, 6, 5;
L_011A3E38 .part L_01154820, 0, 6;
L_011A33E8 .part L_01154820, 0, 16;
L_011A3440 .part L_01154820, 0, 26;
S_0113CE60 .scope module, "control_unit" "controller" 3 61, 7 1, S_0113D3B0;
 .timescale -9 -12;
v011A1538_0 .var "alu_control", 3 0;
v011A2350_0 .var "alu_src", 0 0;
v011A2090_0 .var "branch", 0 0;
v011A1ED8_0 .alias "funct", 5 0, v011A24E8_0;
v011A2248_0 .var "jump", 0 0;
v011A1F30_0 .var "mem_read", 0 0;
v011A22A0_0 .var "mem_to_reg", 0 0;
v011A21F0_0 .var "mem_write", 0 0;
v011A22F8_0 .alias "opcode", 5 0, v011A2F38_0;
v011A1FE0_0 .var "reg_dst", 0 0;
v011A20E8_0 .var "reg_write", 0 0;
E_01136F58 .event edge, v011A22F8_0, v011A1ED8_0;
S_0113D438 .scope module, "reg_file" "register_file" 3 78, 8 1, S_0113D3B0;
 .timescale -9 -12;
v011A1CC8_0 .net *"_s0", 5 0, L_011A39C0; 1 drivers
v011A1D78_0 .net *"_s10", 31 0, C4<00000000000000000000000000000000>; 1 drivers
v011A1D20_0 .net *"_s14", 5 0, L_011A3AC8; 1 drivers
v011A17A0_0 .net *"_s17", 0 0, C4<0>; 1 drivers
v011A17F8_0 .net *"_s18", 5 0, C4<000000>; 1 drivers
v011A1850_0 .net *"_s20", 0 0, L_011A34F0; 1 drivers
v011A1DD0_0 .net *"_s22", 31 0, L_011A3548; 1 drivers
v011A18A8_0 .net *"_s24", 31 0, C4<00000000000000000000000000000000>; 1 drivers
v011A1A08_0 .net *"_s3", 0 0, C4<0>; 1 drivers
v011A1B68_0 .net *"_s4", 5 0, C4<000000>; 1 drivers
v011A1E28_0 .net *"_s6", 0 0, L_011A3A18; 1 drivers
v011A1590_0 .net *"_s8", 31 0, L_011A3910; 1 drivers
v011A1E80_0 .alias "clk", 0 0, v011A2598_0;
v011A15E8_0 .var/i "i", 31 0;
v011A13D8_0 .alias "rd", 4 0, v011A3968_0;
v011A1430_0 .alias "read_data1", 31 0, v011A2F90_0;
v011A1698_0 .alias "read_data2", 31 0, v011A30F0_0;
v011A1B10_0 .alias "reg_write", 0 0, v011A2FE8_0;
v011A1640 .array "register", 31 0, 31 0;
v011A1A60 .array "registers", 31 0, 31 0;
v011A1488_0 .alias "reset", 0 0, v011A31A0_0;
v011A1958_0 .alias "rs", 4 0, v011A31F8_0;
v011A1AB8_0 .alias "rt", 4 0, v011A36A8_0;
v011A14E0_0 .alias "write_data", 31 0, v011A3C80_0;
E_01136D78 .event posedge, v011A1488_0;
L_011A39C0 .concat [ 5 1 0 0], L_011A3700, C4<0>;
L_011A3A18 .cmp/ne 6, L_011A39C0, C4<000000>;
L_011A3910 .array/port v011A1A60, L_011A3700;
L_011A3A70 .functor MUXZ 32, C4<00000000000000000000000000000000>, L_011A3910, L_011A3A18, C4<>;
L_011A3AC8 .concat [ 5 1 0 0], L_011A3D88, C4<0>;
L_011A34F0 .cmp/ne 6, L_011A3AC8, C4<000000>;
L_011A3548 .array/port v011A1A60, L_011A3D88;
L_011A35A0 .functor MUXZ 32, C4<00000000000000000000000000000000>, L_011A3548, L_011A34F0, C4<>;
S_0113D218 .scope module, "alu_inst" "alu" 3 93, 9 1, S_0113D3B0;
 .timescale -9 -12;
L_011A47A8 .functor BUFZ 32, L_011A3A70, C4<00000000000000000000000000000000>, C4<00000000000000000000000000000000>, C4<00000000000000000000000000000000>;
L_011A45E8 .functor BUFZ 32, L_011A3F40, C4<00000000000000000000000000000000>, C4<00000000000000000000000000000000>, C4<00000000000000000000000000000000>;
v01139420_0 .net *"_s4", 31 0, C4<00000000000000000000000000000000>; 1 drivers
v01138F50_0 .alias "a", 31 0, v011A2F90_0;
v011A19B0_0 .net/s "a_signed", 31 0, L_011A47A8; 1 drivers
v011A16F0_0 .alias "alu_control", 3 0, v011A2D28_0;
v011A1C18_0 .alias "b", 31 0, v011A28B0_0;
v011A1900_0 .net/s "b_signed", 31 0, L_011A45E8; 1 drivers
v011A1748_0 .var "result", 31 0;
v011A1C70_0 .alias "shamt", 4 0, v011A3C28_0;
v011A1BC0_0 .alias "zero", 0 0, v011A3DE0_0;
E_01136B58/0 .event edge, v011A16F0_0, v01138F50_0, v011A1C18_0, v011A1C70_0;
E_01136B58/1 .event edge, v011A19B0_0, v011A1900_0;
E_01136B58 .event/or E_01136B58/0, E_01136B58/1;
L_011A4150 .cmp/eq 32, v011A1748_0, C4<00000000000000000000000000000000>;
S_0113D108 .scope module, "dmem" "data_mem" 3 108, 10 1, S_0113D3B0;
 .timescale -9 -12;
v011392C0_0 .alias "addr", 31 0, v011A2D80_0;
v01139318_0 .alias "clk", 0 0, v011A2598_0;
v01138EA0_0 .alias "mem_read", 0 0, v011A3358_0;
v01139528_0 .alias "mem_write", 0 0, v011A3250_0;
v01139580 .array "memory", 1023 0, 31 0;
v01139478_0 .var "read_data", 31 0;
v01139370_0 .net "word_addr", 9 0, L_011A40A0; 1 drivers
v011393C8_0 .alias "write_data", 31 0, v011A30F0_0;
v01139580_0 .array/port v01139580, 0;
v01139580_1 .array/port v01139580, 1;
E_01136A78/0 .event edge, v01138EA0_0, v01139370_0, v01139580_0, v01139580_1;
v01139580_2 .array/port v01139580, 2;
v01139580_3 .array/port v01139580, 3;
v01139580_4 .array/port v01139580, 4;
v01139580_5 .array/port v01139580, 5;
E_01136A78/1 .event edge, v01139580_2, v01139580_3, v01139580_4, v01139580_5;
v01139580_6 .array/port v01139580, 6;
v01139580_7 .array/port v01139580, 7;
v01139580_8 .array/port v01139580, 8;
v01139580_9 .array/port v01139580, 9;
E_01136A78/2 .event edge, v01139580_6, v01139580_7, v01139580_8, v01139580_9;
v01139580_10 .array/port v01139580, 10;
v01139580_11 .array/port v01139580, 11;
v01139580_12 .array/port v01139580, 12;
v01139580_13 .array/port v01139580, 13;
E_01136A78/3 .event edge, v01139580_10, v01139580_11, v01139580_12, v01139580_13;
v01139580_14 .array/port v01139580, 14;
v01139580_15 .array/port v01139580, 15;
v01139580_16 .array/port v01139580, 16;
v01139580_17 .array/port v01139580, 17;
E_01136A78/4 .event edge, v01139580_14, v01139580_15, v01139580_16, v01139580_17;
v01139580_18 .array/port v01139580, 18;
v01139580_19 .array/port v01139580, 19;
v01139580_20 .array/port v01139580, 20;
v01139580_21 .array/port v01139580, 21;
E_01136A78/5 .event edge, v01139580_18, v01139580_19, v01139580_20, v01139580_21;
v01139580_22 .array/port v01139580, 22;
v01139580_23 .array/port v01139580, 23;
v01139580_24 .array/port v01139580, 24;
v01139580_25 .array/port v01139580, 25;
E_01136A78/6 .event edge, v01139580_22, v01139580_23, v01139580_24, v01139580_25;
v01139580_26 .array/port v01139580, 26;
v01139580_27 .array/port v01139580, 27;
v01139580_28 .array/port v01139580, 28;
v01139580_29 .array/port v01139580, 29;
E_01136A78/7 .event edge, v01139580_26, v01139580_27, v01139580_28, v01139580_29;
v01139580_30 .array/port v01139580, 30;
v01139580_31 .array/port v01139580, 31;
v01139580_32 .array/port v01139580, 32;
v01139580_33 .array/port v01139580, 33;
E_01136A78/8 .event edge, v01139580_30, v01139580_31, v01139580_32, v01139580_33;
v01139580_34 .array/port v01139580, 34;
v01139580_35 .array/port v01139580, 35;
v01139580_36 .array/port v01139580, 36;
v01139580_37 .array/port v01139580, 37;
E_01136A78/9 .event edge, v01139580_34, v01139580_35, v01139580_36, v01139580_37;
v01139580_38 .array/port v01139580, 38;
v01139580_39 .array/port v01139580, 39;
v01139580_40 .array/port v01139580, 40;
v01139580_41 .array/port v01139580, 41;
E_01136A78/10 .event edge, v01139580_38, v01139580_39, v01139580_40, v01139580_41;
v01139580_42 .array/port v01139580, 42;
v01139580_43 .array/port v01139580, 43;
v01139580_44 .array/port v01139580, 44;
v01139580_45 .array/port v01139580, 45;
E_01136A78/11 .event edge, v01139580_42, v01139580_43, v01139580_44, v01139580_45;
v01139580_46 .array/port v01139580, 46;
v01139580_47 .array/port v01139580, 47;
v01139580_48 .array/port v01139580, 48;
v01139580_49 .array/port v01139580, 49;
E_01136A78/12 .event edge, v01139580_46, v01139580_47, v01139580_48, v01139580_49;
v01139580_50 .array/port v01139580, 50;
v01139580_51 .array/port v01139580, 51;
v01139580_52 .array/port v01139580, 52;
v01139580_53 .array/port v01139580, 53;
E_01136A78/13 .event edge, v01139580_50, v01139580_51, v01139580_52, v01139580_53;
v01139580_54 .array/port v01139580, 54;
v01139580_55 .array/port v01139580, 55;
v01139580_56 .array/port v01139580, 56;
v01139580_57 .array/port v01139580, 57;
E_01136A78/14 .event edge, v01139580_54, v01139580_55, v01139580_56, v01139580_57;
v01139580_58 .array/port v01139580, 58;
v01139580_59 .array/port v01139580, 59;
v01139580_60 .array/port v01139580, 60;
v01139580_61 .array/port v01139580, 61;
E_01136A78/15 .event edge, v01139580_58, v01139580_59, v01139580_60, v01139580_61;
v01139580_62 .array/port v01139580, 62;
v01139580_63 .array/port v01139580, 63;
v01139580_64 .array/port v01139580, 64;
v01139580_65 .array/port v01139580, 65;
E_01136A78/16 .event edge, v01139580_62, v01139580_63, v01139580_64, v01139580_65;
v01139580_66 .array/port v01139580, 66;
v01139580_67 .array/port v01139580, 67;
v01139580_68 .array/port v01139580, 68;
v01139580_69 .array/port v01139580, 69;
E_01136A78/17 .event edge, v01139580_66, v01139580_67, v01139580_68, v01139580_69;
v01139580_70 .array/port v01139580, 70;
v01139580_71 .array/port v01139580, 71;
v01139580_72 .array/port v01139580, 72;
v01139580_73 .array/port v01139580, 73;
E_01136A78/18 .event edge, v01139580_70, v01139580_71, v01139580_72, v01139580_73;
v01139580_74 .array/port v01139580, 74;
v01139580_75 .array/port v01139580, 75;
v01139580_76 .array/port v01139580, 76;
v01139580_77 .array/port v01139580, 77;
E_01136A78/19 .event edge, v01139580_74, v01139580_75, v01139580_76, v01139580_77;
v01139580_78 .array/port v01139580, 78;
v01139580_79 .array/port v01139580, 79;
v01139580_80 .array/port v01139580, 80;
v01139580_81 .array/port v01139580, 81;
E_01136A78/20 .event edge, v01139580_78, v01139580_79, v01139580_80, v01139580_81;
v01139580_82 .array/port v01139580, 82;
v01139580_83 .array/port v01139580, 83;
v01139580_84 .array/port v01139580, 84;
v01139580_85 .array/port v01139580, 85;
E_01136A78/21 .event edge, v01139580_82, v01139580_83, v01139580_84, v01139580_85;
v01139580_86 .array/port v01139580, 86;
v01139580_87 .array/port v01139580, 87;
v01139580_88 .array/port v01139580, 88;
v01139580_89 .array/port v01139580, 89;
E_01136A78/22 .event edge, v01139580_86, v01139580_87, v01139580_88, v01139580_89;
v01139580_90 .array/port v01139580, 90;
v01139580_91 .array/port v01139580, 91;
v01139580_92 .array/port v01139580, 92;
v01139580_93 .array/port v01139580, 93;
E_01136A78/23 .event edge, v01139580_90, v01139580_91, v01139580_92, v01139580_93;
v01139580_94 .array/port v01139580, 94;
v01139580_95 .array/port v01139580, 95;
v01139580_96 .array/port v01139580, 96;
v01139580_97 .array/port v01139580, 97;
E_01136A78/24 .event edge, v01139580_94, v01139580_95, v01139580_96, v01139580_97;
v01139580_98 .array/port v01139580, 98;
v01139580_99 .array/port v01139580, 99;
v01139580_100 .array/port v01139580, 100;
v01139580_101 .array/port v01139580, 101;
E_01136A78/25 .event edge, v01139580_98, v01139580_99, v01139580_100, v01139580_101;
v01139580_102 .array/port v01139580, 102;
v01139580_103 .array/port v01139580, 103;
v01139580_104 .array/port v01139580, 104;
v01139580_105 .array/port v01139580, 105;
E_01136A78/26 .event edge, v01139580_102, v01139580_103, v01139580_104, v01139580_105;
v01139580_106 .array/port v01139580, 106;
v01139580_107 .array/port v01139580, 107;
v01139580_108 .array/port v01139580, 108;
v01139580_109 .array/port v01139580, 109;
E_01136A78/27 .event edge, v01139580_106, v01139580_107, v01139580_108, v01139580_109;
v01139580_110 .array/port v01139580, 110;
v01139580_111 .array/port v01139580, 111;
v01139580_112 .array/port v01139580, 112;
v01139580_113 .array/port v01139580, 113;
E_01136A78/28 .event edge, v01139580_110, v01139580_111, v01139580_112, v01139580_113;
v01139580_114 .array/port v01139580, 114;
v01139580_115 .array/port v01139580, 115;
v01139580_116 .array/port v01139580, 116;
v01139580_117 .array/port v01139580, 117;
E_01136A78/29 .event edge, v01139580_114, v01139580_115, v01139580_116, v01139580_117;
v01139580_118 .array/port v01139580, 118;
v01139580_119 .array/port v01139580, 119;
v01139580_120 .array/port v01139580, 120;
v01139580_121 .array/port v01139580, 121;
E_01136A78/30 .event edge, v01139580_118, v01139580_119, v01139580_120, v01139580_121;
v01139580_122 .array/port v01139580, 122;
v01139580_123 .array/port v01139580, 123;
v01139580_124 .array/port v01139580, 124;
v01139580_125 .array/port v01139580, 125;
E_01136A78/31 .event edge, v01139580_122, v01139580_123, v01139580_124, v01139580_125;
v01139580_126 .array/port v01139580, 126;
v01139580_127 .array/port v01139580, 127;
v01139580_128 .array/port v01139580, 128;
v01139580_129 .array/port v01139580, 129;
E_01136A78/32 .event edge, v01139580_126, v01139580_127, v01139580_128, v01139580_129;
v01139580_130 .array/port v01139580, 130;
v01139580_131 .array/port v01139580, 131;
v01139580_132 .array/port v01139580, 132;
v01139580_133 .array/port v01139580, 133;
E_01136A78/33 .event edge, v01139580_130, v01139580_131, v01139580_132, v01139580_133;
v01139580_134 .array/port v01139580, 134;
v01139580_135 .array/port v01139580, 135;
v01139580_136 .array/port v01139580, 136;
v01139580_137 .array/port v01139580, 137;
E_01136A78/34 .event edge, v01139580_134, v01139580_135, v01139580_136, v01139580_137;
v01139580_138 .array/port v01139580, 138;
v01139580_139 .array/port v01139580, 139;
v01139580_140 .array/port v01139580, 140;
v01139580_141 .array/port v01139580, 141;
E_01136A78/35 .event edge, v01139580_138, v01139580_139, v01139580_140, v01139580_141;
v01139580_142 .array/port v01139580, 142;
v01139580_143 .array/port v01139580, 143;
v01139580_144 .array/port v01139580, 144;
v01139580_145 .array/port v01139580, 145;
E_01136A78/36 .event edge, v01139580_142, v01139580_143, v01139580_144, v01139580_145;
v01139580_146 .array/port v01139580, 146;
v01139580_147 .array/port v01139580, 147;
v01139580_148 .array/port v01139580, 148;
v01139580_149 .array/port v01139580, 149;
E_01136A78/37 .event edge, v01139580_146, v01139580_147, v01139580_148, v01139580_149;
v01139580_150 .array/port v01139580, 150;
v01139580_151 .array/port v01139580, 151;
v01139580_152 .array/port v01139580, 152;
v01139580_153 .array/port v01139580, 153;
E_01136A78/38 .event edge, v01139580_150, v01139580_151, v01139580_152, v01139580_153;
v01139580_154 .array/port v01139580, 154;
v01139580_155 .array/port v01139580, 155;
v01139580_156 .array/port v01139580, 156;
v01139580_157 .array/port v01139580, 157;
E_01136A78/39 .event edge, v01139580_154, v01139580_155, v01139580_156, v01139580_157;
v01139580_158 .array/port v01139580, 158;
v01139580_159 .array/port v01139580, 159;
v01139580_160 .array/port v01139580, 160;
v01139580_161 .array/port v01139580, 161;
E_01136A78/40 .event edge, v01139580_158, v01139580_159, v01139580_160, v01139580_161;
v01139580_162 .array/port v01139580, 162;
v01139580_163 .array/port v01139580, 163;
v01139580_164 .array/port v01139580, 164;
v01139580_165 .array/port v01139580, 165;
E_01136A78/41 .event edge, v01139580_162, v01139580_163, v01139580_164, v01139580_165;
v01139580_166 .array/port v01139580, 166;
v01139580_167 .array/port v01139580, 167;
v01139580_168 .array/port v01139580, 168;
v01139580_169 .array/port v01139580, 169;
E_01136A78/42 .event edge, v01139580_166, v01139580_167, v01139580_168, v01139580_169;
v01139580_170 .array/port v01139580, 170;
v01139580_171 .array/port v01139580, 171;
v01139580_172 .array/port v01139580, 172;
v01139580_173 .array/port v01139580, 173;
E_01136A78/43 .event edge, v01139580_170, v01139580_171, v01139580_172, v01139580_173;
v01139580_174 .array/port v01139580, 174;
v01139580_175 .array/port v01139580, 175;
v01139580_176 .array/port v01139580, 176;
v01139580_177 .array/port v01139580, 177;
E_01136A78/44 .event edge, v01139580_174, v01139580_175, v01139580_176, v01139580_177;
v01139580_178 .array/port v01139580, 178;
v01139580_179 .array/port v01139580, 179;
v01139580_180 .array/port v01139580, 180;
v01139580_181 .array/port v01139580, 181;
E_01136A78/45 .event edge, v01139580_178, v01139580_179, v01139580_180, v01139580_181;
v01139580_182 .array/port v01139580, 182;
v01139580_183 .array/port v01139580, 183;
v01139580_184 .array/port v01139580, 184;
v01139580_185 .array/port v01139580, 185;
E_01136A78/46 .event edge, v01139580_182, v01139580_183, v01139580_184, v01139580_185;
v01139580_186 .array/port v01139580, 186;
v01139580_187 .array/port v01139580, 187;
v01139580_188 .array/port v01139580, 188;
v01139580_189 .array/port v01139580, 189;
E_01136A78/47 .event edge, v01139580_186, v01139580_187, v01139580_188, v01139580_189;
v01139580_190 .array/port v01139580, 190;
v01139580_191 .array/port v01139580, 191;
v01139580_192 .array/port v01139580, 192;
v01139580_193 .array/port v01139580, 193;
E_01136A78/48 .event edge, v01139580_190, v01139580_191, v01139580_192, v01139580_193;
v01139580_194 .array/port v01139580, 194;
v01139580_195 .array/port v01139580, 195;
v01139580_196 .array/port v01139580, 196;
v01139580_197 .array/port v01139580, 197;
E_01136A78/49 .event edge, v01139580_194, v01139580_195, v01139580_196, v01139580_197;
v01139580_198 .array/port v01139580, 198;
v01139580_199 .array/port v01139580, 199;
v01139580_200 .array/port v01139580, 200;
v01139580_201 .array/port v01139580, 201;
E_01136A78/50 .event edge, v01139580_198, v01139580_199, v01139580_200, v01139580_201;
v01139580_202 .array/port v01139580, 202;
v01139580_203 .array/port v01139580, 203;
v01139580_204 .array/port v01139580, 204;
v01139580_205 .array/port v01139580, 205;
E_01136A78/51 .event edge, v01139580_202, v01139580_203, v01139580_204, v01139580_205;
v01139580_206 .array/port v01139580, 206;
v01139580_207 .array/port v01139580, 207;
v01139580_208 .array/port v01139580, 208;
v01139580_209 .array/port v01139580, 209;
E_01136A78/52 .event edge, v01139580_206, v01139580_207, v01139580_208, v01139580_209;
v01139580_210 .array/port v01139580, 210;
v01139580_211 .array/port v01139580, 211;
v01139580_212 .array/port v01139580, 212;
v01139580_213 .array/port v01139580, 213;
E_01136A78/53 .event edge, v01139580_210, v01139580_211, v01139580_212, v01139580_213;
v01139580_214 .array/port v01139580, 214;
v01139580_215 .array/port v01139580, 215;
v01139580_216 .array/port v01139580, 216;
v01139580_217 .array/port v01139580, 217;
E_01136A78/54 .event edge, v01139580_214, v01139580_215, v01139580_216, v01139580_217;
v01139580_218 .array/port v01139580, 218;
v01139580_219 .array/port v01139580, 219;
v01139580_220 .array/port v01139580, 220;
v01139580_221 .array/port v01139580, 221;
E_01136A78/55 .event edge, v01139580_218, v01139580_219, v01139580_220, v01139580_221;
v01139580_222 .array/port v01139580, 222;
v01139580_223 .array/port v01139580, 223;
v01139580_224 .array/port v01139580, 224;
v01139580_225 .array/port v01139580, 225;
E_01136A78/56 .event edge, v01139580_222, v01139580_223, v01139580_224, v01139580_225;
v01139580_226 .array/port v01139580, 226;
v01139580_227 .array/port v01139580, 227;
v01139580_228 .array/port v01139580, 228;
v01139580_229 .array/port v01139580, 229;
E_01136A78/57 .event edge, v01139580_226, v01139580_227, v01139580_228, v01139580_229;
v01139580_230 .array/port v01139580, 230;
v01139580_231 .array/port v01139580, 231;
v01139580_232 .array/port v01139580, 232;
v01139580_233 .array/port v01139580, 233;
E_01136A78/58 .event edge, v01139580_230, v01139580_231, v01139580_232, v01139580_233;
v01139580_234 .array/port v01139580, 234;
v01139580_235 .array/port v01139580, 235;
v01139580_236 .array/port v01139580, 236;
v01139580_237 .array/port v01139580, 237;
E_01136A78/59 .event edge, v01139580_234, v01139580_235, v01139580_236, v01139580_237;
v01139580_238 .array/port v01139580, 238;
v01139580_239 .array/port v01139580, 239;
v01139580_240 .array/port v01139580, 240;
v01139580_241 .array/port v01139580, 241;
E_01136A78/60 .event edge, v01139580_238, v01139580_239, v01139580_240, v01139580_241;
v01139580_242 .array/port v01139580, 242;
v01139580_243 .array/port v01139580, 243;
v01139580_244 .array/port v01139580, 244;
v01139580_245 .array/port v01139580, 245;
E_01136A78/61 .event edge, v01139580_242, v01139580_243, v01139580_244, v01139580_245;
v01139580_246 .array/port v01139580, 246;
v01139580_247 .array/port v01139580, 247;
v01139580_248 .array/port v01139580, 248;
v01139580_249 .array/port v01139580, 249;
E_01136A78/62 .event edge, v01139580_246, v01139580_247, v01139580_248, v01139580_249;
v01139580_250 .array/port v01139580, 250;
v01139580_251 .array/port v01139580, 251;
v01139580_252 .array/port v01139580, 252;
v01139580_253 .array/port v01139580, 253;
E_01136A78/63 .event edge, v01139580_250, v01139580_251, v01139580_252, v01139580_253;
v01139580_254 .array/port v01139580, 254;
v01139580_255 .array/port v01139580, 255;
v01139580_256 .array/port v01139580, 256;
v01139580_257 .array/port v01139580, 257;
E_01136A78/64 .event edge, v01139580_254, v01139580_255, v01139580_256, v01139580_257;
v01139580_258 .array/port v01139580, 258;
v01139580_259 .array/port v01139580, 259;
v01139580_260 .array/port v01139580, 260;
v01139580_261 .array/port v01139580, 261;
E_01136A78/65 .event edge, v01139580_258, v01139580_259, v01139580_260, v01139580_261;
v01139580_262 .array/port v01139580, 262;
v01139580_263 .array/port v01139580, 263;
v01139580_264 .array/port v01139580, 264;
v01139580_265 .array/port v01139580, 265;
E_01136A78/66 .event edge, v01139580_262, v01139580_263, v01139580_264, v01139580_265;
v01139580_266 .array/port v01139580, 266;
v01139580_267 .array/port v01139580, 267;
v01139580_268 .array/port v01139580, 268;
v01139580_269 .array/port v01139580, 269;
E_01136A78/67 .event edge, v01139580_266, v01139580_267, v01139580_268, v01139580_269;
v01139580_270 .array/port v01139580, 270;
v01139580_271 .array/port v01139580, 271;
v01139580_272 .array/port v01139580, 272;
v01139580_273 .array/port v01139580, 273;
E_01136A78/68 .event edge, v01139580_270, v01139580_271, v01139580_272, v01139580_273;
v01139580_274 .array/port v01139580, 274;
v01139580_275 .array/port v01139580, 275;
v01139580_276 .array/port v01139580, 276;
v01139580_277 .array/port v01139580, 277;
E_01136A78/69 .event edge, v01139580_274, v01139580_275, v01139580_276, v01139580_277;
v01139580_278 .array/port v01139580, 278;
v01139580_279 .array/port v01139580, 279;
v01139580_280 .array/port v01139580, 280;
v01139580_281 .array/port v01139580, 281;
E_01136A78/70 .event edge, v01139580_278, v01139580_279, v01139580_280, v01139580_281;
v01139580_282 .array/port v01139580, 282;
v01139580_283 .array/port v01139580, 283;
v01139580_284 .array/port v01139580, 284;
v01139580_285 .array/port v01139580, 285;
E_01136A78/71 .event edge, v01139580_282, v01139580_283, v01139580_284, v01139580_285;
v01139580_286 .array/port v01139580, 286;
v01139580_287 .array/port v01139580, 287;
v01139580_288 .array/port v01139580, 288;
v01139580_289 .array/port v01139580, 289;
E_01136A78/72 .event edge, v01139580_286, v01139580_287, v01139580_288, v01139580_289;
v01139580_290 .array/port v01139580, 290;
v01139580_291 .array/port v01139580, 291;
v01139580_292 .array/port v01139580, 292;
v01139580_293 .array/port v01139580, 293;
E_01136A78/73 .event edge, v01139580_290, v01139580_291, v01139580_292, v01139580_293;
v01139580_294 .array/port v01139580, 294;
v01139580_295 .array/port v01139580, 295;
v01139580_296 .array/port v01139580, 296;
v01139580_297 .array/port v01139580, 297;
E_01136A78/74 .event edge, v01139580_294, v01139580_295, v01139580_296, v01139580_297;
v01139580_298 .array/port v01139580, 298;
v01139580_299 .array/port v01139580, 299;
v01139580_300 .array/port v01139580, 300;
v01139580_301 .array/port v01139580, 301;
E_01136A78/75 .event edge, v01139580_298, v01139580_299, v01139580_300, v01139580_301;
v01139580_302 .array/port v01139580, 302;
v01139580_303 .array/port v01139580, 303;
v01139580_304 .array/port v01139580, 304;
v01139580_305 .array/port v01139580, 305;
E_01136A78/76 .event edge, v01139580_302, v01139580_303, v01139580_304, v01139580_305;
v01139580_306 .array/port v01139580, 306;
v01139580_307 .array/port v01139580, 307;
v01139580_308 .array/port v01139580, 308;
v01139580_309 .array/port v01139580, 309;
E_01136A78/77 .event edge, v01139580_306, v01139580_307, v01139580_308, v01139580_309;
v01139580_310 .array/port v01139580, 310;
v01139580_311 .array/port v01139580, 311;
v01139580_312 .array/port v01139580, 312;
v01139580_313 .array/port v01139580, 313;
E_01136A78/78 .event edge, v01139580_310, v01139580_311, v01139580_312, v01139580_313;
v01139580_314 .array/port v01139580, 314;
v01139580_315 .array/port v01139580, 315;
v01139580_316 .array/port v01139580, 316;
v01139580_317 .array/port v01139580, 317;
E_01136A78/79 .event edge, v01139580_314, v01139580_315, v01139580_316, v01139580_317;
v01139580_318 .array/port v01139580, 318;
v01139580_319 .array/port v01139580, 319;
v01139580_320 .array/port v01139580, 320;
v01139580_321 .array/port v01139580, 321;
E_01136A78/80 .event edge, v01139580_318, v01139580_319, v01139580_320, v01139580_321;
v01139580_322 .array/port v01139580, 322;
v01139580_323 .array/port v01139580, 323;
v01139580_324 .array/port v01139580, 324;
v01139580_325 .array/port v01139580, 325;
E_01136A78/81 .event edge, v01139580_322, v01139580_323, v01139580_324, v01139580_325;
v01139580_326 .array/port v01139580, 326;
v01139580_327 .array/port v01139580, 327;
v01139580_328 .array/port v01139580, 328;
v01139580_329 .array/port v01139580, 329;
E_01136A78/82 .event edge, v01139580_326, v01139580_327, v01139580_328, v01139580_329;
v01139580_330 .array/port v01139580, 330;
v01139580_331 .array/port v01139580, 331;
v01139580_332 .array/port v01139580, 332;
v01139580_333 .array/port v01139580, 333;
E_01136A78/83 .event edge, v01139580_330, v01139580_331, v01139580_332, v01139580_333;
v01139580_334 .array/port v01139580, 334;
v01139580_335 .array/port v01139580, 335;
v01139580_336 .array/port v01139580, 336;
v01139580_337 .array/port v01139580, 337;
E_01136A78/84 .event edge, v01139580_334, v01139580_335, v01139580_336, v01139580_337;
v01139580_338 .array/port v01139580, 338;
v01139580_339 .array/port v01139580, 339;
v01139580_340 .array/port v01139580, 340;
v01139580_341 .array/port v01139580, 341;
E_01136A78/85 .event edge, v01139580_338, v01139580_339, v01139580_340, v01139580_341;
v01139580_342 .array/port v01139580, 342;
v01139580_343 .array/port v01139580, 343;
v01139580_344 .array/port v01139580, 344;
v01139580_345 .array/port v01139580, 345;
E_01136A78/86 .event edge, v01139580_342, v01139580_343, v01139580_344, v01139580_345;
v01139580_346 .array/port v01139580, 346;
v01139580_347 .array/port v01139580, 347;
v01139580_348 .array/port v01139580, 348;
v01139580_349 .array/port v01139580, 349;
E_01136A78/87 .event edge, v01139580_346, v01139580_347, v01139580_348, v01139580_349;
v01139580_350 .array/port v01139580, 350;
v01139580_351 .array/port v01139580, 351;
v01139580_352 .array/port v01139580, 352;
v01139580_353 .array/port v01139580, 353;
E_01136A78/88 .event edge, v01139580_350, v01139580_351, v01139580_352, v01139580_353;
v01139580_354 .array/port v01139580, 354;
v01139580_355 .array/port v01139580, 355;
v01139580_356 .array/port v01139580, 356;
v01139580_357 .array/port v01139580, 357;
E_01136A78/89 .event edge, v01139580_354, v01139580_355, v01139580_356, v01139580_357;
v01139580_358 .array/port v01139580, 358;
v01139580_359 .array/port v01139580, 359;
v01139580_360 .array/port v01139580, 360;
v01139580_361 .array/port v01139580, 361;
E_01136A78/90 .event edge, v01139580_358, v01139580_359, v01139580_360, v01139580_361;
v01139580_362 .array/port v01139580, 362;
v01139580_363 .array/port v01139580, 363;
v01139580_364 .array/port v01139580, 364;
v01139580_365 .array/port v01139580, 365;
E_01136A78/91 .event edge, v01139580_362, v01139580_363, v01139580_364, v01139580_365;
v01139580_366 .array/port v01139580, 366;
v01139580_367 .array/port v01139580, 367;
v01139580_368 .array/port v01139580, 368;
v01139580_369 .array/port v01139580, 369;
E_01136A78/92 .event edge, v01139580_366, v01139580_367, v01139580_368, v01139580_369;
v01139580_370 .array/port v01139580, 370;
v01139580_371 .array/port v01139580, 371;
v01139580_372 .array/port v01139580, 372;
v01139580_373 .array/port v01139580, 373;
E_01136A78/93 .event edge, v01139580_370, v01139580_371, v01139580_372, v01139580_373;
v01139580_374 .array/port v01139580, 374;
v01139580_375 .array/port v01139580, 375;
v01139580_376 .array/port v01139580, 376;
v01139580_377 .array/port v01139580, 377;
E_01136A78/94 .event edge, v01139580_374, v01139580_375, v01139580_376, v01139580_377;
v01139580_378 .array/port v01139580, 378;
v01139580_379 .array/port v01139580, 379;
v01139580_380 .array/port v01139580, 380;
v01139580_381 .array/port v01139580, 381;
E_01136A78/95 .event edge, v01139580_378, v01139580_379, v01139580_380, v01139580_381;
v01139580_382 .array/port v01139580, 382;
v01139580_383 .array/port v01139580, 383;
v01139580_384 .array/port v01139580, 384;
v01139580_385 .array/port v01139580, 385;
E_01136A78/96 .event edge, v01139580_382, v01139580_383, v01139580_384, v01139580_385;
v01139580_386 .array/port v01139580, 386;
v01139580_387 .array/port v01139580, 387;
v01139580_388 .array/port v01139580, 388;
v01139580_389 .array/port v01139580, 389;
E_01136A78/97 .event edge, v01139580_386, v01139580_387, v01139580_388, v01139580_389;
v01139580_390 .array/port v01139580, 390;
v01139580_391 .array/port v01139580, 391;
v01139580_392 .array/port v01139580, 392;
v01139580_393 .array/port v01139580, 393;
E_01136A78/98 .event edge, v01139580_390, v01139580_391, v01139580_392, v01139580_393;
v01139580_394 .array/port v01139580, 394;
v01139580_395 .array/port v01139580, 395;
v01139580_396 .array/port v01139580, 396;
v01139580_397 .array/port v01139580, 397;
E_01136A78/99 .event edge, v01139580_394, v01139580_395, v01139580_396, v01139580_397;
v01139580_398 .array/port v01139580, 398;
v01139580_399 .array/port v01139580, 399;
v01139580_400 .array/port v01139580, 400;
v01139580_401 .array/port v01139580, 401;
E_01136A78/100 .event edge, v01139580_398, v01139580_399, v01139580_400, v01139580_401;
v01139580_402 .array/port v01139580, 402;
v01139580_403 .array/port v01139580, 403;
v01139580_404 .array/port v01139580, 404;
v01139580_405 .array/port v01139580, 405;
E_01136A78/101 .event edge, v01139580_402, v01139580_403, v01139580_404, v01139580_405;
v01139580_406 .array/port v01139580, 406;
v01139580_407 .array/port v01139580, 407;
v01139580_408 .array/port v01139580, 408;
v01139580_409 .array/port v01139580, 409;
E_01136A78/102 .event edge, v01139580_406, v01139580_407, v01139580_408, v01139580_409;
v01139580_410 .array/port v01139580, 410;
v01139580_411 .array/port v01139580, 411;
v01139580_412 .array/port v01139580, 412;
v01139580_413 .array/port v01139580, 413;
E_01136A78/103 .event edge, v01139580_410, v01139580_411, v01139580_412, v01139580_413;
v01139580_414 .array/port v01139580, 414;
v01139580_415 .array/port v01139580, 415;
v01139580_416 .array/port v01139580, 416;
v01139580_417 .array/port v01139580, 417;
E_01136A78/104 .event edge, v01139580_414, v01139580_415, v01139580_416, v01139580_417;
v01139580_418 .array/port v01139580, 418;
v01139580_419 .array/port v01139580, 419;
v01139580_420 .array/port v01139580, 420;
v01139580_421 .array/port v01139580, 421;
E_01136A78/105 .event edge, v01139580_418, v01139580_419, v01139580_420, v01139580_421;
v01139580_422 .array/port v01139580, 422;
v01139580_423 .array/port v01139580, 423;
v01139580_424 .array/port v01139580, 424;
v01139580_425 .array/port v01139580, 425;
E_01136A78/106 .event edge, v01139580_422, v01139580_423, v01139580_424, v01139580_425;
v01139580_426 .array/port v01139580, 426;
v01139580_427 .array/port v01139580, 427;
v01139580_428 .array/port v01139580, 428;
v01139580_429 .array/port v01139580, 429;
E_01136A78/107 .event edge, v01139580_426, v01139580_427, v01139580_428, v01139580_429;
v01139580_430 .array/port v01139580, 430;
v01139580_431 .array/port v01139580, 431;
v01139580_432 .array/port v01139580, 432;
v01139580_433 .array/port v01139580, 433;
E_01136A78/108 .event edge, v01139580_430, v01139580_431, v01139580_432, v01139580_433;
v01139580_434 .array/port v01139580, 434;
v01139580_435 .array/port v01139580, 435;
v01139580_436 .array/port v01139580, 436;
v01139580_437 .array/port v01139580, 437;
E_01136A78/109 .event edge, v01139580_434, v01139580_435, v01139580_436, v01139580_437;
v01139580_438 .array/port v01139580, 438;
v01139580_439 .array/port v01139580, 439;
v01139580_440 .array/port v01139580, 440;
v01139580_441 .array/port v01139580, 441;
E_01136A78/110 .event edge, v01139580_438, v01139580_439, v01139580_440, v01139580_441;
v01139580_442 .array/port v01139580, 442;
v01139580_443 .array/port v01139580, 443;
v01139580_444 .array/port v01139580, 444;
v01139580_445 .array/port v01139580, 445;
E_01136A78/111 .event edge, v01139580_442, v01139580_443, v01139580_444, v01139580_445;
v01139580_446 .array/port v01139580, 446;
v01139580_447 .array/port v01139580, 447;
v01139580_448 .array/port v01139580, 448;
v01139580_449 .array/port v01139580, 449;
E_01136A78/112 .event edge, v01139580_446, v01139580_447, v01139580_448, v01139580_449;
v01139580_450 .array/port v01139580, 450;
v01139580_451 .array/port v01139580, 451;
v01139580_452 .array/port v01139580, 452;
v01139580_453 .array/port v01139580, 453;
E_01136A78/113 .event edge, v01139580_450, v01139580_451, v01139580_452, v01139580_453;
v01139580_454 .array/port v01139580, 454;
v01139580_455 .array/port v01139580, 455;
v01139580_456 .array/port v01139580, 456;
v01139580_457 .array/port v01139580, 457;
E_01136A78/114 .event edge, v01139580_454, v01139580_455, v01139580_456, v01139580_457;
v01139580_458 .array/port v01139580, 458;
v01139580_459 .array/port v01139580, 459;
v01139580_460 .array/port v01139580, 460;
v01139580_461 .array/port v01139580, 461;
E_01136A78/115 .event edge, v01139580_458, v01139580_459, v01139580_460, v01139580_461;
v01139580_462 .array/port v01139580, 462;
v01139580_463 .array/port v01139580, 463;
v01139580_464 .array/port v01139580, 464;
v01139580_465 .array/port v01139580, 465;
E_01136A78/116 .event edge, v01139580_462, v01139580_463, v01139580_464, v01139580_465;
v01139580_466 .array/port v01139580, 466;
v01139580_467 .array/port v01139580, 467;
v01139580_468 .array/port v01139580, 468;
v01139580_469 .array/port v01139580, 469;
E_01136A78/117 .event edge, v01139580_466, v01139580_467, v01139580_468, v01139580_469;
v01139580_470 .array/port v01139580, 470;
v01139580_471 .array/port v01139580, 471;
v01139580_472 .array/port v01139580, 472;
v01139580_473 .array/port v01139580, 473;
E_01136A78/118 .event edge, v01139580_470, v01139580_471, v01139580_472, v01139580_473;
v01139580_474 .array/port v01139580, 474;
v01139580_475 .array/port v01139580, 475;
v01139580_476 .array/port v01139580, 476;
v01139580_477 .array/port v01139580, 477;
E_01136A78/119 .event edge, v01139580_474, v01139580_475, v01139580_476, v01139580_477;
v01139580_478 .array/port v01139580, 478;
v01139580_479 .array/port v01139580, 479;
v01139580_480 .array/port v01139580, 480;
v01139580_481 .array/port v01139580, 481;
E_01136A78/120 .event edge, v01139580_478, v01139580_479, v01139580_480, v01139580_481;
v01139580_482 .array/port v01139580, 482;
v01139580_483 .array/port v01139580, 483;
v01139580_484 .array/port v01139580, 484;
v01139580_485 .array/port v01139580, 485;
E_01136A78/121 .event edge, v01139580_482, v01139580_483, v01139580_484, v01139580_485;
v01139580_486 .array/port v01139580, 486;
v01139580_487 .array/port v01139580, 487;
v01139580_488 .array/port v01139580, 488;
v01139580_489 .array/port v01139580, 489;
E_01136A78/122 .event edge, v01139580_486, v01139580_487, v01139580_488, v01139580_489;
v01139580_490 .array/port v01139580, 490;
v01139580_491 .array/port v01139580, 491;
v01139580_492 .array/port v01139580, 492;
v01139580_493 .array/port v01139580, 493;
E_01136A78/123 .event edge, v01139580_490, v01139580_491, v01139580_492, v01139580_493;
v01139580_494 .array/port v01139580, 494;
v01139580_495 .array/port v01139580, 495;
v01139580_496 .array/port v01139580, 496;
v01139580_497 .array/port v01139580, 497;
E_01136A78/124 .event edge, v01139580_494, v01139580_495, v01139580_496, v01139580_497;
v01139580_498 .array/port v01139580, 498;
v01139580_499 .array/port v01139580, 499;
v01139580_500 .array/port v01139580, 500;
v01139580_501 .array/port v01139580, 501;
E_01136A78/125 .event edge, v01139580_498, v01139580_499, v01139580_500, v01139580_501;
v01139580_502 .array/port v01139580, 502;
v01139580_503 .array/port v01139580, 503;
v01139580_504 .array/port v01139580, 504;
v01139580_505 .array/port v01139580, 505;
E_01136A78/126 .event edge, v01139580_502, v01139580_503, v01139580_504, v01139580_505;
v01139580_506 .array/port v01139580, 506;
v01139580_507 .array/port v01139580, 507;
v01139580_508 .array/port v01139580, 508;
v01139580_509 .array/port v01139580, 509;
E_01136A78/127 .event edge, v01139580_506, v01139580_507, v01139580_508, v01139580_509;
v01139580_510 .array/port v01139580, 510;
v01139580_511 .array/port v01139580, 511;
v01139580_512 .array/port v01139580, 512;
v01139580_513 .array/port v01139580, 513;
E_01136A78/128 .event edge, v01139580_510, v01139580_511, v01139580_512, v01139580_513;
v01139580_514 .array/port v01139580, 514;
v01139580_515 .array/port v01139580, 515;
v01139580_516 .array/port v01139580, 516;
v01139580_517 .array/port v01139580, 517;
E_01136A78/129 .event edge, v01139580_514, v01139580_515, v01139580_516, v01139580_517;
v01139580_518 .array/port v01139580, 518;
v01139580_519 .array/port v01139580, 519;
v01139580_520 .array/port v01139580, 520;
v01139580_521 .array/port v01139580, 521;
E_01136A78/130 .event edge, v01139580_518, v01139580_519, v01139580_520, v01139580_521;
v01139580_522 .array/port v01139580, 522;
v01139580_523 .array/port v01139580, 523;
v01139580_524 .array/port v01139580, 524;
v01139580_525 .array/port v01139580, 525;
E_01136A78/131 .event edge, v01139580_522, v01139580_523, v01139580_524, v01139580_525;
v01139580_526 .array/port v01139580, 526;
v01139580_527 .array/port v01139580, 527;
v01139580_528 .array/port v01139580, 528;
v01139580_529 .array/port v01139580, 529;
E_01136A78/132 .event edge, v01139580_526, v01139580_527, v01139580_528, v01139580_529;
v01139580_530 .array/port v01139580, 530;
v01139580_531 .array/port v01139580, 531;
v01139580_532 .array/port v01139580, 532;
v01139580_533 .array/port v01139580, 533;
E_01136A78/133 .event edge, v01139580_530, v01139580_531, v01139580_532, v01139580_533;
v01139580_534 .array/port v01139580, 534;
v01139580_535 .array/port v01139580, 535;
v01139580_536 .array/port v01139580, 536;
v01139580_537 .array/port v01139580, 537;
E_01136A78/134 .event edge, v01139580_534, v01139580_535, v01139580_536, v01139580_537;
v01139580_538 .array/port v01139580, 538;
v01139580_539 .array/port v01139580, 539;
v01139580_540 .array/port v01139580, 540;
v01139580_541 .array/port v01139580, 541;
E_01136A78/135 .event edge, v01139580_538, v01139580_539, v01139580_540, v01139580_541;
v01139580_542 .array/port v01139580, 542;
v01139580_543 .array/port v01139580, 543;
v01139580_544 .array/port v01139580, 544;
v01139580_545 .array/port v01139580, 545;
E_01136A78/136 .event edge, v01139580_542, v01139580_543, v01139580_544, v01139580_545;
v01139580_546 .array/port v01139580, 546;
v01139580_547 .array/port v01139580, 547;
v01139580_548 .array/port v01139580, 548;
v01139580_549 .array/port v01139580, 549;
E_01136A78/137 .event edge, v01139580_546, v01139580_547, v01139580_548, v01139580_549;
v01139580_550 .array/port v01139580, 550;
v01139580_551 .array/port v01139580, 551;
v01139580_552 .array/port v01139580, 552;
v01139580_553 .array/port v01139580, 553;
E_01136A78/138 .event edge, v01139580_550, v01139580_551, v01139580_552, v01139580_553;
v01139580_554 .array/port v01139580, 554;
v01139580_555 .array/port v01139580, 555;
v01139580_556 .array/port v01139580, 556;
v01139580_557 .array/port v01139580, 557;
E_01136A78/139 .event edge, v01139580_554, v01139580_555, v01139580_556, v01139580_557;
v01139580_558 .array/port v01139580, 558;
v01139580_559 .array/port v01139580, 559;
v01139580_560 .array/port v01139580, 560;
v01139580_561 .array/port v01139580, 561;
E_01136A78/140 .event edge, v01139580_558, v01139580_559, v01139580_560, v01139580_561;
v01139580_562 .array/port v01139580, 562;
v01139580_563 .array/port v01139580, 563;
v01139580_564 .array/port v01139580, 564;
v01139580_565 .array/port v01139580, 565;
E_01136A78/141 .event edge, v01139580_562, v01139580_563, v01139580_564, v01139580_565;
v01139580_566 .array/port v01139580, 566;
v01139580_567 .array/port v01139580, 567;
v01139580_568 .array/port v01139580, 568;
v01139580_569 .array/port v01139580, 569;
E_01136A78/142 .event edge, v01139580_566, v01139580_567, v01139580_568, v01139580_569;
v01139580_570 .array/port v01139580, 570;
v01139580_571 .array/port v01139580, 571;
v01139580_572 .array/port v01139580, 572;
v01139580_573 .array/port v01139580, 573;
E_01136A78/143 .event edge, v01139580_570, v01139580_571, v01139580_572, v01139580_573;
v01139580_574 .array/port v01139580, 574;
v01139580_575 .array/port v01139580, 575;
v01139580_576 .array/port v01139580, 576;
v01139580_577 .array/port v01139580, 577;
E_01136A78/144 .event edge, v01139580_574, v01139580_575, v01139580_576, v01139580_577;
v01139580_578 .array/port v01139580, 578;
v01139580_579 .array/port v01139580, 579;
v01139580_580 .array/port v01139580, 580;
v01139580_581 .array/port v01139580, 581;
E_01136A78/145 .event edge, v01139580_578, v01139580_579, v01139580_580, v01139580_581;
v01139580_582 .array/port v01139580, 582;
v01139580_583 .array/port v01139580, 583;
v01139580_584 .array/port v01139580, 584;
v01139580_585 .array/port v01139580, 585;
E_01136A78/146 .event edge, v01139580_582, v01139580_583, v01139580_584, v01139580_585;
v01139580_586 .array/port v01139580, 586;
v01139580_587 .array/port v01139580, 587;
v01139580_588 .array/port v01139580, 588;
v01139580_589 .array/port v01139580, 589;
E_01136A78/147 .event edge, v01139580_586, v01139580_587, v01139580_588, v01139580_589;
v01139580_590 .array/port v01139580, 590;
v01139580_591 .array/port v01139580, 591;
v01139580_592 .array/port v01139580, 592;
v01139580_593 .array/port v01139580, 593;
E_01136A78/148 .event edge, v01139580_590, v01139580_591, v01139580_592, v01139580_593;
v01139580_594 .array/port v01139580, 594;
v01139580_595 .array/port v01139580, 595;
v01139580_596 .array/port v01139580, 596;
v01139580_597 .array/port v01139580, 597;
E_01136A78/149 .event edge, v01139580_594, v01139580_595, v01139580_596, v01139580_597;
v01139580_598 .array/port v01139580, 598;
v01139580_599 .array/port v01139580, 599;
v01139580_600 .array/port v01139580, 600;
v01139580_601 .array/port v01139580, 601;
E_01136A78/150 .event edge, v01139580_598, v01139580_599, v01139580_600, v01139580_601;
v01139580_602 .array/port v01139580, 602;
v01139580_603 .array/port v01139580, 603;
v01139580_604 .array/port v01139580, 604;
v01139580_605 .array/port v01139580, 605;
E_01136A78/151 .event edge, v01139580_602, v01139580_603, v01139580_604, v01139580_605;
v01139580_606 .array/port v01139580, 606;
v01139580_607 .array/port v01139580, 607;
v01139580_608 .array/port v01139580, 608;
v01139580_609 .array/port v01139580, 609;
E_01136A78/152 .event edge, v01139580_606, v01139580_607, v01139580_608, v01139580_609;
v01139580_610 .array/port v01139580, 610;
v01139580_611 .array/port v01139580, 611;
v01139580_612 .array/port v01139580, 612;
v01139580_613 .array/port v01139580, 613;
E_01136A78/153 .event edge, v01139580_610, v01139580_611, v01139580_612, v01139580_613;
v01139580_614 .array/port v01139580, 614;
v01139580_615 .array/port v01139580, 615;
v01139580_616 .array/port v01139580, 616;
v01139580_617 .array/port v01139580, 617;
E_01136A78/154 .event edge, v01139580_614, v01139580_615, v01139580_616, v01139580_617;
v01139580_618 .array/port v01139580, 618;
v01139580_619 .array/port v01139580, 619;
v01139580_620 .array/port v01139580, 620;
v01139580_621 .array/port v01139580, 621;
E_01136A78/155 .event edge, v01139580_618, v01139580_619, v01139580_620, v01139580_621;
v01139580_622 .array/port v01139580, 622;
v01139580_623 .array/port v01139580, 623;
v01139580_624 .array/port v01139580, 624;
v01139580_625 .array/port v01139580, 625;
E_01136A78/156 .event edge, v01139580_622, v01139580_623, v01139580_624, v01139580_625;
v01139580_626 .array/port v01139580, 626;
v01139580_627 .array/port v01139580, 627;
v01139580_628 .array/port v01139580, 628;
v01139580_629 .array/port v01139580, 629;
E_01136A78/157 .event edge, v01139580_626, v01139580_627, v01139580_628, v01139580_629;
v01139580_630 .array/port v01139580, 630;
v01139580_631 .array/port v01139580, 631;
v01139580_632 .array/port v01139580, 632;
v01139580_633 .array/port v01139580, 633;
E_01136A78/158 .event edge, v01139580_630, v01139580_631, v01139580_632, v01139580_633;
v01139580_634 .array/port v01139580, 634;
v01139580_635 .array/port v01139580, 635;
v01139580_636 .array/port v01139580, 636;
v01139580_637 .array/port v01139580, 637;
E_01136A78/159 .event edge, v01139580_634, v01139580_635, v01139580_636, v01139580_637;
v01139580_638 .array/port v01139580, 638;
v01139580_639 .array/port v01139580, 639;
v01139580_640 .array/port v01139580, 640;
v01139580_641 .array/port v01139580, 641;
E_01136A78/160 .event edge, v01139580_638, v01139580_639, v01139580_640, v01139580_641;
v01139580_642 .array/port v01139580, 642;
v01139580_643 .array/port v01139580, 643;
v01139580_644 .array/port v01139580, 644;
v01139580_645 .array/port v01139580, 645;
E_01136A78/161 .event edge, v01139580_642, v01139580_643, v01139580_644, v01139580_645;
v01139580_646 .array/port v01139580, 646;
v01139580_647 .array/port v01139580, 647;
v01139580_648 .array/port v01139580, 648;
v01139580_649 .array/port v01139580, 649;
E_01136A78/162 .event edge, v01139580_646, v01139580_647, v01139580_648, v01139580_649;
v01139580_650 .array/port v01139580, 650;
v01139580_651 .array/port v01139580, 651;
v01139580_652 .array/port v01139580, 652;
v01139580_653 .array/port v01139580, 653;
E_01136A78/163 .event edge, v01139580_650, v01139580_651, v01139580_652, v01139580_653;
v01139580_654 .array/port v01139580, 654;
v01139580_655 .array/port v01139580, 655;
v01139580_656 .array/port v01139580, 656;
v01139580_657 .array/port v01139580, 657;
E_01136A78/164 .event edge, v01139580_654, v01139580_655, v01139580_656, v01139580_657;
v01139580_658 .array/port v01139580, 658;
v01139580_659 .array/port v01139580, 659;
v01139580_660 .array/port v01139580, 660;
v01139580_661 .array/port v01139580, 661;
E_01136A78/165 .event edge, v01139580_658, v01139580_659, v01139580_660, v01139580_661;
v01139580_662 .array/port v01139580, 662;
v01139580_663 .array/port v01139580, 663;
v01139580_664 .array/port v01139580, 664;
v01139580_665 .array/port v01139580, 665;
E_01136A78/166 .event edge, v01139580_662, v01139580_663, v01139580_664, v01139580_665;
v01139580_666 .array/port v01139580, 666;
v01139580_667 .array/port v01139580, 667;
v01139580_668 .array/port v01139580, 668;
v01139580_669 .array/port v01139580, 669;
E_01136A78/167 .event edge, v01139580_666, v01139580_667, v01139580_668, v01139580_669;
v01139580_670 .array/port v01139580, 670;
v01139580_671 .array/port v01139580, 671;
v01139580_672 .array/port v01139580, 672;
v01139580_673 .array/port v01139580, 673;
E_01136A78/168 .event edge, v01139580_670, v01139580_671, v01139580_672, v01139580_673;
v01139580_674 .array/port v01139580, 674;
v01139580_675 .array/port v01139580, 675;
v01139580_676 .array/port v01139580, 676;
v01139580_677 .array/port v01139580, 677;
E_01136A78/169 .event edge, v01139580_674, v01139580_675, v01139580_676, v01139580_677;
v01139580_678 .array/port v01139580, 678;
v01139580_679 .array/port v01139580, 679;
v01139580_680 .array/port v01139580, 680;
v01139580_681 .array/port v01139580, 681;
E_01136A78/170 .event edge, v01139580_678, v01139580_679, v01139580_680, v01139580_681;
v01139580_682 .array/port v01139580, 682;
v01139580_683 .array/port v01139580, 683;
v01139580_684 .array/port v01139580, 684;
v01139580_685 .array/port v01139580, 685;
E_01136A78/171 .event edge, v01139580_682, v01139580_683, v01139580_684, v01139580_685;
v01139580_686 .array/port v01139580, 686;
v01139580_687 .array/port v01139580, 687;
v01139580_688 .array/port v01139580, 688;
v01139580_689 .array/port v01139580, 689;
E_01136A78/172 .event edge, v01139580_686, v01139580_687, v01139580_688, v01139580_689;
v01139580_690 .array/port v01139580, 690;
v01139580_691 .array/port v01139580, 691;
v01139580_692 .array/port v01139580, 692;
v01139580_693 .array/port v01139580, 693;
E_01136A78/173 .event edge, v01139580_690, v01139580_691, v01139580_692, v01139580_693;
v01139580_694 .array/port v01139580, 694;
v01139580_695 .array/port v01139580, 695;
v01139580_696 .array/port v01139580, 696;
v01139580_697 .array/port v01139580, 697;
E_01136A78/174 .event edge, v01139580_694, v01139580_695, v01139580_696, v01139580_697;
v01139580_698 .array/port v01139580, 698;
v01139580_699 .array/port v01139580, 699;
v01139580_700 .array/port v01139580, 700;
v01139580_701 .array/port v01139580, 701;
E_01136A78/175 .event edge, v01139580_698, v01139580_699, v01139580_700, v01139580_701;
v01139580_702 .array/port v01139580, 702;
v01139580_703 .array/port v01139580, 703;
v01139580_704 .array/port v01139580, 704;
v01139580_705 .array/port v01139580, 705;
E_01136A78/176 .event edge, v01139580_702, v01139580_703, v01139580_704, v01139580_705;
v01139580_706 .array/port v01139580, 706;
v01139580_707 .array/port v01139580, 707;
v01139580_708 .array/port v01139580, 708;
v01139580_709 .array/port v01139580, 709;
E_01136A78/177 .event edge, v01139580_706, v01139580_707, v01139580_708, v01139580_709;
v01139580_710 .array/port v01139580, 710;
v01139580_711 .array/port v01139580, 711;
v01139580_712 .array/port v01139580, 712;
v01139580_713 .array/port v01139580, 713;
E_01136A78/178 .event edge, v01139580_710, v01139580_711, v01139580_712, v01139580_713;
v01139580_714 .array/port v01139580, 714;
v01139580_715 .array/port v01139580, 715;
v01139580_716 .array/port v01139580, 716;
v01139580_717 .array/port v01139580, 717;
E_01136A78/179 .event edge, v01139580_714, v01139580_715, v01139580_716, v01139580_717;
v01139580_718 .array/port v01139580, 718;
v01139580_719 .array/port v01139580, 719;
v01139580_720 .array/port v01139580, 720;
v01139580_721 .array/port v01139580, 721;
E_01136A78/180 .event edge, v01139580_718, v01139580_719, v01139580_720, v01139580_721;
v01139580_722 .array/port v01139580, 722;
v01139580_723 .array/port v01139580, 723;
v01139580_724 .array/port v01139580, 724;
v01139580_725 .array/port v01139580, 725;
E_01136A78/181 .event edge, v01139580_722, v01139580_723, v01139580_724, v01139580_725;
v01139580_726 .array/port v01139580, 726;
v01139580_727 .array/port v01139580, 727;
v01139580_728 .array/port v01139580, 728;
v01139580_729 .array/port v01139580, 729;
E_01136A78/182 .event edge, v01139580_726, v01139580_727, v01139580_728, v01139580_729;
v01139580_730 .array/port v01139580, 730;
v01139580_731 .array/port v01139580, 731;
v01139580_732 .array/port v01139580, 732;
v01139580_733 .array/port v01139580, 733;
E_01136A78/183 .event edge, v01139580_730, v01139580_731, v01139580_732, v01139580_733;
v01139580_734 .array/port v01139580, 734;
v01139580_735 .array/port v01139580, 735;
v01139580_736 .array/port v01139580, 736;
v01139580_737 .array/port v01139580, 737;
E_01136A78/184 .event edge, v01139580_734, v01139580_735, v01139580_736, v01139580_737;
v01139580_738 .array/port v01139580, 738;
v01139580_739 .array/port v01139580, 739;
v01139580_740 .array/port v01139580, 740;
v01139580_741 .array/port v01139580, 741;
E_01136A78/185 .event edge, v01139580_738, v01139580_739, v01139580_740, v01139580_741;
v01139580_742 .array/port v01139580, 742;
v01139580_743 .array/port v01139580, 743;
v01139580_744 .array/port v01139580, 744;
v01139580_745 .array/port v01139580, 745;
E_01136A78/186 .event edge, v01139580_742, v01139580_743, v01139580_744, v01139580_745;
v01139580_746 .array/port v01139580, 746;
v01139580_747 .array/port v01139580, 747;
v01139580_748 .array/port v01139580, 748;
v01139580_749 .array/port v01139580, 749;
E_01136A78/187 .event edge, v01139580_746, v01139580_747, v01139580_748, v01139580_749;
v01139580_750 .array/port v01139580, 750;
v01139580_751 .array/port v01139580, 751;
v01139580_752 .array/port v01139580, 752;
v01139580_753 .array/port v01139580, 753;
E_01136A78/188 .event edge, v01139580_750, v01139580_751, v01139580_752, v01139580_753;
v01139580_754 .array/port v01139580, 754;
v01139580_755 .array/port v01139580, 755;
v01139580_756 .array/port v01139580, 756;
v01139580_757 .array/port v01139580, 757;
E_01136A78/189 .event edge, v01139580_754, v01139580_755, v01139580_756, v01139580_757;
v01139580_758 .array/port v01139580, 758;
v01139580_759 .array/port v01139580, 759;
v01139580_760 .array/port v01139580, 760;
v01139580_761 .array/port v01139580, 761;
E_01136A78/190 .event edge, v01139580_758, v01139580_759, v01139580_760, v01139580_761;
v01139580_762 .array/port v01139580, 762;
v01139580_763 .array/port v01139580, 763;
v01139580_764 .array/port v01139580, 764;
v01139580_765 .array/port v01139580, 765;
E_01136A78/191 .event edge, v01139580_762, v01139580_763, v01139580_764, v01139580_765;
v01139580_766 .array/port v01139580, 766;
v01139580_767 .array/port v01139580, 767;
v01139580_768 .array/port v01139580, 768;
v01139580_769 .array/port v01139580, 769;
E_01136A78/192 .event edge, v01139580_766, v01139580_767, v01139580_768, v01139580_769;
v01139580_770 .array/port v01139580, 770;
v01139580_771 .array/port v01139580, 771;
v01139580_772 .array/port v01139580, 772;
v01139580_773 .array/port v01139580, 773;
E_01136A78/193 .event edge, v01139580_770, v01139580_771, v01139580_772, v01139580_773;
v01139580_774 .array/port v01139580, 774;
v01139580_775 .array/port v01139580, 775;
v01139580_776 .array/port v01139580, 776;
v01139580_777 .array/port v01139580, 777;
E_01136A78/194 .event edge, v01139580_774, v01139580_775, v01139580_776, v01139580_777;
v01139580_778 .array/port v01139580, 778;
v01139580_779 .array/port v01139580, 779;
v01139580_780 .array/port v01139580, 780;
v01139580_781 .array/port v01139580, 781;
E_01136A78/195 .event edge, v01139580_778, v01139580_779, v01139580_780, v01139580_781;
v01139580_782 .array/port v01139580, 782;
v01139580_783 .array/port v01139580, 783;
v01139580_784 .array/port v01139580, 784;
v01139580_785 .array/port v01139580, 785;
E_01136A78/196 .event edge, v01139580_782, v01139580_783, v01139580_784, v01139580_785;
v01139580_786 .array/port v01139580, 786;
v01139580_787 .array/port v01139580, 787;
v01139580_788 .array/port v01139580, 788;
v01139580_789 .array/port v01139580, 789;
E_01136A78/197 .event edge, v01139580_786, v01139580_787, v01139580_788, v01139580_789;
v01139580_790 .array/port v01139580, 790;
v01139580_791 .array/port v01139580, 791;
v01139580_792 .array/port v01139580, 792;
v01139580_793 .array/port v01139580, 793;
E_01136A78/198 .event edge, v01139580_790, v01139580_791, v01139580_792, v01139580_793;
v01139580_794 .array/port v01139580, 794;
v01139580_795 .array/port v01139580, 795;
v01139580_796 .array/port v01139580, 796;
v01139580_797 .array/port v01139580, 797;
E_01136A78/199 .event edge, v01139580_794, v01139580_795, v01139580_796, v01139580_797;
v01139580_798 .array/port v01139580, 798;
v01139580_799 .array/port v01139580, 799;
v01139580_800 .array/port v01139580, 800;
v01139580_801 .array/port v01139580, 801;
E_01136A78/200 .event edge, v01139580_798, v01139580_799, v01139580_800, v01139580_801;
v01139580_802 .array/port v01139580, 802;
v01139580_803 .array/port v01139580, 803;
v01139580_804 .array/port v01139580, 804;
v01139580_805 .array/port v01139580, 805;
E_01136A78/201 .event edge, v01139580_802, v01139580_803, v01139580_804, v01139580_805;
v01139580_806 .array/port v01139580, 806;
v01139580_807 .array/port v01139580, 807;
v01139580_808 .array/port v01139580, 808;
v01139580_809 .array/port v01139580, 809;
E_01136A78/202 .event edge, v01139580_806, v01139580_807, v01139580_808, v01139580_809;
v01139580_810 .array/port v01139580, 810;
v01139580_811 .array/port v01139580, 811;
v01139580_812 .array/port v01139580, 812;
v01139580_813 .array/port v01139580, 813;
E_01136A78/203 .event edge, v01139580_810, v01139580_811, v01139580_812, v01139580_813;
v01139580_814 .array/port v01139580, 814;
v01139580_815 .array/port v01139580, 815;
v01139580_816 .array/port v01139580, 816;
v01139580_817 .array/port v01139580, 817;
E_01136A78/204 .event edge, v01139580_814, v01139580_815, v01139580_816, v01139580_817;
v01139580_818 .array/port v01139580, 818;
v01139580_819 .array/port v01139580, 819;
v01139580_820 .array/port v01139580, 820;
v01139580_821 .array/port v01139580, 821;
E_01136A78/205 .event edge, v01139580_818, v01139580_819, v01139580_820, v01139580_821;
v01139580_822 .array/port v01139580, 822;
v01139580_823 .array/port v01139580, 823;
v01139580_824 .array/port v01139580, 824;
v01139580_825 .array/port v01139580, 825;
E_01136A78/206 .event edge, v01139580_822, v01139580_823, v01139580_824, v01139580_825;
v01139580_826 .array/port v01139580, 826;
v01139580_827 .array/port v01139580, 827;
v01139580_828 .array/port v01139580, 828;
v01139580_829 .array/port v01139580, 829;
E_01136A78/207 .event edge, v01139580_826, v01139580_827, v01139580_828, v01139580_829;
v01139580_830 .array/port v01139580, 830;
v01139580_831 .array/port v01139580, 831;
v01139580_832 .array/port v01139580, 832;
v01139580_833 .array/port v01139580, 833;
E_01136A78/208 .event edge, v01139580_830, v01139580_831, v01139580_832, v01139580_833;
v01139580_834 .array/port v01139580, 834;
v01139580_835 .array/port v01139580, 835;
v01139580_836 .array/port v01139580, 836;
v01139580_837 .array/port v01139580, 837;
E_01136A78/209 .event edge, v01139580_834, v01139580_835, v01139580_836, v01139580_837;
v01139580_838 .array/port v01139580, 838;
v01139580_839 .array/port v01139580, 839;
v01139580_840 .array/port v01139580, 840;
v01139580_841 .array/port v01139580, 841;
E_01136A78/210 .event edge, v01139580_838, v01139580_839, v01139580_840, v01139580_841;
v01139580_842 .array/port v01139580, 842;
v01139580_843 .array/port v01139580, 843;
v01139580_844 .array/port v01139580, 844;
v01139580_845 .array/port v01139580, 845;
E_01136A78/211 .event edge, v01139580_842, v01139580_843, v01139580_844, v01139580_845;
v01139580_846 .array/port v01139580, 846;
v01139580_847 .array/port v01139580, 847;
v01139580_848 .array/port v01139580, 848;
v01139580_849 .array/port v01139580, 849;
E_01136A78/212 .event edge, v01139580_846, v01139580_847, v01139580_848, v01139580_849;
v01139580_850 .array/port v01139580, 850;
v01139580_851 .array/port v01139580, 851;
v01139580_852 .array/port v01139580, 852;
v01139580_853 .array/port v01139580, 853;
E_01136A78/213 .event edge, v01139580_850, v01139580_851, v01139580_852, v01139580_853;
v01139580_854 .array/port v01139580, 854;
v01139580_855 .array/port v01139580, 855;
v01139580_856 .array/port v01139580, 856;
v01139580_857 .array/port v01139580, 857;
E_01136A78/214 .event edge, v01139580_854, v01139580_855, v01139580_856, v01139580_857;
v01139580_858 .array/port v01139580, 858;
v01139580_859 .array/port v01139580, 859;
v01139580_860 .array/port v01139580, 860;
v01139580_861 .array/port v01139580, 861;
E_01136A78/215 .event edge, v01139580_858, v01139580_859, v01139580_860, v01139580_861;
v01139580_862 .array/port v01139580, 862;
v01139580_863 .array/port v01139580, 863;
v01139580_864 .array/port v01139580, 864;
v01139580_865 .array/port v01139580, 865;
E_01136A78/216 .event edge, v01139580_862, v01139580_863, v01139580_864, v01139580_865;
v01139580_866 .array/port v01139580, 866;
v01139580_867 .array/port v01139580, 867;
v01139580_868 .array/port v01139580, 868;
v01139580_869 .array/port v01139580, 869;
E_01136A78/217 .event edge, v01139580_866, v01139580_867, v01139580_868, v01139580_869;
v01139580_870 .array/port v01139580, 870;
v01139580_871 .array/port v01139580, 871;
v01139580_872 .array/port v01139580, 872;
v01139580_873 .array/port v01139580, 873;
E_01136A78/218 .event edge, v01139580_870, v01139580_871, v01139580_872, v01139580_873;
v01139580_874 .array/port v01139580, 874;
v01139580_875 .array/port v01139580, 875;
v01139580_876 .array/port v01139580, 876;
v01139580_877 .array/port v01139580, 877;
E_01136A78/219 .event edge, v01139580_874, v01139580_875, v01139580_876, v01139580_877;
v01139580_878 .array/port v01139580, 878;
v01139580_879 .array/port v01139580, 879;
v01139580_880 .array/port v01139580, 880;
v01139580_881 .array/port v01139580, 881;
E_01136A78/220 .event edge, v01139580_878, v01139580_879, v01139580_880, v01139580_881;
v01139580_882 .array/port v01139580, 882;
v01139580_883 .array/port v01139580, 883;
v01139580_884 .array/port v01139580, 884;
v01139580_885 .array/port v01139580, 885;
E_01136A78/221 .event edge, v01139580_882, v01139580_883, v01139580_884, v01139580_885;
v01139580_886 .array/port v01139580, 886;
v01139580_887 .array/port v01139580, 887;
v01139580_888 .array/port v01139580, 888;
v01139580_889 .array/port v01139580, 889;
E_01136A78/222 .event edge, v01139580_886, v01139580_887, v01139580_888, v01139580_889;
v01139580_890 .array/port v01139580, 890;
v01139580_891 .array/port v01139580, 891;
v01139580_892 .array/port v01139580, 892;
v01139580_893 .array/port v01139580, 893;
E_01136A78/223 .event edge, v01139580_890, v01139580_891, v01139580_892, v01139580_893;
v01139580_894 .array/port v01139580, 894;
v01139580_895 .array/port v01139580, 895;
v01139580_896 .array/port v01139580, 896;
v01139580_897 .array/port v01139580, 897;
E_01136A78/224 .event edge, v01139580_894, v01139580_895, v01139580_896, v01139580_897;
v01139580_898 .array/port v01139580, 898;
v01139580_899 .array/port v01139580, 899;
v01139580_900 .array/port v01139580, 900;
v01139580_901 .array/port v01139580, 901;
E_01136A78/225 .event edge, v01139580_898, v01139580_899, v01139580_900, v01139580_901;
v01139580_902 .array/port v01139580, 902;
v01139580_903 .array/port v01139580, 903;
v01139580_904 .array/port v01139580, 904;
v01139580_905 .array/port v01139580, 905;
E_01136A78/226 .event edge, v01139580_902, v01139580_903, v01139580_904, v01139580_905;
v01139580_906 .array/port v01139580, 906;
v01139580_907 .array/port v01139580, 907;
v01139580_908 .array/port v01139580, 908;
v01139580_909 .array/port v01139580, 909;
E_01136A78/227 .event edge, v01139580_906, v01139580_907, v01139580_908, v01139580_909;
v01139580_910 .array/port v01139580, 910;
v01139580_911 .array/port v01139580, 911;
v01139580_912 .array/port v01139580, 912;
v01139580_913 .array/port v01139580, 913;
E_01136A78/228 .event edge, v01139580_910, v01139580_911, v01139580_912, v01139580_913;
v01139580_914 .array/port v01139580, 914;
v01139580_915 .array/port v01139580, 915;
v01139580_916 .array/port v01139580, 916;
v01139580_917 .array/port v01139580, 917;
E_01136A78/229 .event edge, v01139580_914, v01139580_915, v01139580_916, v01139580_917;
v01139580_918 .array/port v01139580, 918;
v01139580_919 .array/port v01139580, 919;
v01139580_920 .array/port v01139580, 920;
v01139580_921 .array/port v01139580, 921;
E_01136A78/230 .event edge, v01139580_918, v01139580_919, v01139580_920, v01139580_921;
v01139580_922 .array/port v01139580, 922;
v01139580_923 .array/port v01139580, 923;
v01139580_924 .array/port v01139580, 924;
v01139580_925 .array/port v01139580, 925;
E_01136A78/231 .event edge, v01139580_922, v01139580_923, v01139580_924, v01139580_925;
v01139580_926 .array/port v01139580, 926;
v01139580_927 .array/port v01139580, 927;
v01139580_928 .array/port v01139580, 928;
v01139580_929 .array/port v01139580, 929;
E_01136A78/232 .event edge, v01139580_926, v01139580_927, v01139580_928, v01139580_929;
v01139580_930 .array/port v01139580, 930;
v01139580_931 .array/port v01139580, 931;
v01139580_932 .array/port v01139580, 932;
v01139580_933 .array/port v01139580, 933;
E_01136A78/233 .event edge, v01139580_930, v01139580_931, v01139580_932, v01139580_933;
v01139580_934 .array/port v01139580, 934;
v01139580_935 .array/port v01139580, 935;
v01139580_936 .array/port v01139580, 936;
v01139580_937 .array/port v01139580, 937;
E_01136A78/234 .event edge, v01139580_934, v01139580_935, v01139580_936, v01139580_937;
v01139580_938 .array/port v01139580, 938;
v01139580_939 .array/port v01139580, 939;
v01139580_940 .array/port v01139580, 940;
v01139580_941 .array/port v01139580, 941;
E_01136A78/235 .event edge, v01139580_938, v01139580_939, v01139580_940, v01139580_941;
v01139580_942 .array/port v01139580, 942;
v01139580_943 .array/port v01139580, 943;
v01139580_944 .array/port v01139580, 944;
v01139580_945 .array/port v01139580, 945;
E_01136A78/236 .event edge, v01139580_942, v01139580_943, v01139580_944, v01139580_945;
v01139580_946 .array/port v01139580, 946;
v01139580_947 .array/port v01139580, 947;
v01139580_948 .array/port v01139580, 948;
v01139580_949 .array/port v01139580, 949;
E_01136A78/237 .event edge, v01139580_946, v01139580_947, v01139580_948, v01139580_949;
v01139580_950 .array/port v01139580, 950;
v01139580_951 .array/port v01139580, 951;
v01139580_952 .array/port v01139580, 952;
v01139580_953 .array/port v01139580, 953;
E_01136A78/238 .event edge, v01139580_950, v01139580_951, v01139580_952, v01139580_953;
v01139580_954 .array/port v01139580, 954;
v01139580_955 .array/port v01139580, 955;
v01139580_956 .array/port v01139580, 956;
v01139580_957 .array/port v01139580, 957;
E_01136A78/239 .event edge, v01139580_954, v01139580_955, v01139580_956, v01139580_957;
v01139580_958 .array/port v01139580, 958;
v01139580_959 .array/port v01139580, 959;
v01139580_960 .array/port v01139580, 960;
v01139580_961 .array/port v01139580, 961;
E_01136A78/240 .event edge, v01139580_958, v01139580_959, v01139580_960, v01139580_961;
v01139580_962 .array/port v01139580, 962;
v01139580_963 .array/port v01139580, 963;
v01139580_964 .array/port v01139580, 964;
v01139580_965 .array/port v01139580, 965;
E_01136A78/241 .event edge, v01139580_962, v01139580_963, v01139580_964, v01139580_965;
v01139580_966 .array/port v01139580, 966;
v01139580_967 .array/port v01139580, 967;
v01139580_968 .array/port v01139580, 968;
v01139580_969 .array/port v01139580, 969;
E_01136A78/242 .event edge, v01139580_966, v01139580_967, v01139580_968, v01139580_969;
v01139580_970 .array/port v01139580, 970;
v01139580_971 .array/port v01139580, 971;
v01139580_972 .array/port v01139580, 972;
v01139580_973 .array/port v01139580, 973;
E_01136A78/243 .event edge, v01139580_970, v01139580_971, v01139580_972, v01139580_973;
v01139580_974 .array/port v01139580, 974;
v01139580_975 .array/port v01139580, 975;
v01139580_976 .array/port v01139580, 976;
v01139580_977 .array/port v01139580, 977;
E_01136A78/244 .event edge, v01139580_974, v01139580_975, v01139580_976, v01139580_977;
v01139580_978 .array/port v01139580, 978;
v01139580_979 .array/port v01139580, 979;
v01139580_980 .array/port v01139580, 980;
v01139580_981 .array/port v01139580, 981;
E_01136A78/245 .event edge, v01139580_978, v01139580_979, v01139580_980, v01139580_981;
v01139580_982 .array/port v01139580, 982;
v01139580_983 .array/port v01139580, 983;
v01139580_984 .array/port v01139580, 984;
v01139580_985 .array/port v01139580, 985;
E_01136A78/246 .event edge, v01139580_982, v01139580_983, v01139580_984, v01139580_985;
v01139580_986 .array/port v01139580, 986;
v01139580_987 .array/port v01139580, 987;
v01139580_988 .array/port v01139580, 988;
v01139580_989 .array/port v01139580, 989;
E_01136A78/247 .event edge, v01139580_986, v01139580_987, v01139580_988, v01139580_989;
v01139580_990 .array/port v01139580, 990;
v01139580_991 .array/port v01139580, 991;
v01139580_992 .array/port v01139580, 992;
v01139580_993 .array/port v01139580, 993;
E_01136A78/248 .event edge, v01139580_990, v01139580_991, v01139580_992, v01139580_993;
v01139580_994 .array/port v01139580, 994;
v01139580_995 .array/port v01139580, 995;
v01139580_996 .array/port v01139580, 996;
v01139580_997 .array/port v01139580, 997;
E_01136A78/249 .event edge, v01139580_994, v01139580_995, v01139580_996, v01139580_997;
v01139580_998 .array/port v01139580, 998;
v01139580_999 .array/port v01139580, 999;
v01139580_1000 .array/port v01139580, 1000;
v01139580_1001 .array/port v01139580, 1001;
E_01136A78/250 .event edge, v01139580_998, v01139580_999, v01139580_1000, v01139580_1001;
v01139580_1002 .array/port v01139580, 1002;
v01139580_1003 .array/port v01139580, 1003;
v01139580_1004 .array/port v01139580, 1004;
v01139580_1005 .array/port v01139580, 1005;
E_01136A78/251 .event edge, v01139580_1002, v01139580_1003, v01139580_1004, v01139580_1005;
v01139580_1006 .array/port v01139580, 1006;
v01139580_1007 .array/port v01139580, 1007;
v01139580_1008 .array/port v01139580, 1008;
v01139580_1009 .array/port v01139580, 1009;
E_01136A78/252 .event edge, v01139580_1006, v01139580_1007, v01139580_1008, v01139580_1009;
v01139580_1010 .array/port v01139580, 1010;
v01139580_1011 .array/port v01139580, 1011;
v01139580_1012 .array/port v01139580, 1012;
v01139580_1013 .array/port v01139580, 1013;
E_01136A78/253 .event edge, v01139580_1010, v01139580_1011, v01139580_1012, v01139580_1013;
v01139580_1014 .array/port v01139580, 1014;
v01139580_1015 .array/port v01139580, 1015;
v01139580_1016 .array/port v01139580, 1016;
v01139580_1017 .array/port v01139580, 1017;
E_01136A78/254 .event edge, v01139580_1014, v01139580_1015, v01139580_1016, v01139580_1017;
v01139580_1018 .array/port v01139580, 1018;
v01139580_1019 .array/port v01139580, 1019;
v01139580_1020 .array/port v01139580, 1020;
v01139580_1021 .array/port v01139580, 1021;
E_01136A78/255 .event edge, v01139580_1018, v01139580_1019, v01139580_1020, v01139580_1021;
v01139580_1022 .array/port v01139580, 1022;
v01139580_1023 .array/port v01139580, 1023;
E_01136A78/256 .event edge, v01139580_1022, v01139580_1023;
E_01136A78 .event/or E_01136A78/0, E_01136A78/1, E_01136A78/2, E_01136A78/3, E_01136A78/4, E_01136A78/5, E_01136A78/6, E_01136A78/7, E_01136A78/8, E_01136A78/9, E_01136A78/10, E_01136A78/11, E_01136A78/12, E_01136A78/13, E_01136A78/14, E_01136A78/15, E_01136A78/16, E_01136A78/17, E_01136A78/18, E_01136A78/19, E_01136A78/20, E_01136A78/21, E_01136A78/22, E_01136A78/23, E_01136A78/24, E_01136A78/25, E_01136A78/26, E_01136A78/27, E_01136A78/28, E_01136A78/29, E_01136A78/30, E_01136A78/31, E_01136A78/32, E_01136A78/33, E_01136A78/34, E_01136A78/35, E_01136A78/36, E_01136A78/37, E_01136A78/38, E_01136A78/39, E_01136A78/40, E_01136A78/41, E_01136A78/42, E_01136A78/43, E_01136A78/44, E_01136A78/45, E_01136A78/46, E_01136A78/47, E_01136A78/48, E_01136A78/49, E_01136A78/50, E_01136A78/51, E_01136A78/52, E_01136A78/53, E_01136A78/54, E_01136A78/55, E_01136A78/56, E_01136A78/57, E_01136A78/58, E_01136A78/59, E_01136A78/60, E_01136A78/61, E_01136A78/62, E_01136A78/63, E_01136A78/64, E_01136A78/65, E_01136A78/66, E_01136A78/67, E_01136A78/68, E_01136A78/69, E_01136A78/70, E_01136A78/71, E_01136A78/72, E_01136A78/73, E_01136A78/74, E_01136A78/75, E_01136A78/76, E_01136A78/77, E_01136A78/78, E_01136A78/79, E_01136A78/80, E_01136A78/81, E_01136A78/82, E_01136A78/83, E_01136A78/84, E_01136A78/85, E_01136A78/86, E_01136A78/87, E_01136A78/88, E_01136A78/89, E_01136A78/90, E_01136A78/91, E_01136A78/92, E_01136A78/93, E_01136A78/94, E_01136A78/95, E_01136A78/96, E_01136A78/97, E_01136A78/98, E_01136A78/99, E_01136A78/100, E_01136A78/101, E_01136A78/102, E_01136A78/103, E_01136A78/104, E_01136A78/105, E_01136A78/106, E_01136A78/107, E_01136A78/108, E_01136A78/109, E_01136A78/110, E_01136A78/111, E_01136A78/112, E_01136A78/113, E_01136A78/114, E_01136A78/115, E_01136A78/116, E_01136A78/117, E_01136A78/118, E_01136A78/119, E_01136A78/120, E_01136A78/121, E_01136A78/122, E_01136A78/123, E_01136A78/124, E_01136A78/125, E_01136A78/126, E_01136A78/127, E_01136A78/128, E_01136A78/129, E_01136A78/130, E_01136A78/131, E_01136A78/132, E_01136A78/133, E_01136A78/134, E_01136A78/135, E_01136A78/136, E_01136A78/137, E_01136A78/138, E_01136A78/139, E_01136A78/140, E_01136A78/141, E_01136A78/142, E_01136A78/143, E_01136A78/144, E_01136A78/145, E_01136A78/146, E_01136A78/147, E_01136A78/148, E_01136A78/149, E_01136A78/150, E_01136A78/151, E_01136A78/152, E_01136A78/153, E_01136A78/154, E_01136A78/155, E_01136A78/156, E_01136A78/157, E_01136A78/158, E_01136A78/159, E_01136A78/160, E_01136A78/161, E_01136A78/162, E_01136A78/163, E_01136A78/164, E_01136A78/165, E_01136A78/166, E_01136A78/167, E_01136A78/168, E_01136A78/169, E_01136A78/170, E_01136A78/171, E_01136A78/172, E_01136A78/173, E_01136A78/174, E_01136A78/175, E_01136A78/176, E_01136A78/177, E_01136A78/178, E_01136A78/179, E_01136A78/180, E_01136A78/181, E_01136A78/182, E_01136A78/183, E_01136A78/184, E_01136A78/185, E_01136A78/186, E_01136A78/187, E_01136A78/188, E_01136A78/189, E_01136A78/190, E_01136A78/191, E_01136A78/192, E_01136A78/193, E_01136A78/194, E_01136A78/195, E_01136A78/196, E_01136A78/197, E_01136A78/198, E_01136A78/199, E_01136A78/200, E_01136A78/201, E_01136A78/202, E_01136A78/203, E_01136A78/204, E_01136A78/205, E_01136A78/206, E_01136A78/207, E_01136A78/208, E_01136A78/209, E_01136A78/210, E_01136A78/211, E_01136A78/212, E_01136A78/213, E_01136A78/214, E_01136A78/215, E_01136A78/216, E_01136A78/217, E_01136A78/218, E_01136A78/219, E_01136A78/220, E_01136A78/221, E_01136A78/222, E_01136A78/223, E_01136A78/224, E_01136A78/225, E_01136A78/226, E_01136A78/227, E_01136A78/228, E_01136A78/229, E_01136A78/230, E_01136A78/231, E_01136A78/232, E_01136A78/233, E_01136A78/234, E_01136A78/235, E_01136A78/236, E_01136A78/237, E_01136A78/238, E_01136A78/239, E_01136A78/240, E_01136A78/241, E_01136A78/242, E_01136A78/243, E_01136A78/244, E_01136A78/245, E_01136A78/246, E_01136A78/247, E_01136A78/248, E_01136A78/249, E_01136A78/250, E_01136A78/251, E_01136A78/252, E_01136A78/253, E_01136A78/254, E_01136A78/255, E_01136A78/256;
E_01136DD8 .event posedge, v01139318_0;
L_011A40A0 .part v011A1748_0, 2, 10;
    .scope S_0113CF70;
T_0 ;
    %wait E_01136FD8;
    %load/v 8, v011A2B18_0, 1;
    %jmp/0xz  T_0.0, 8;
    %ix/load 0, 32, 0;
    %assign/v0 v011A26F8_0, 0, 0;
    %jmp T_0.1;
T_0.0 ;
    %load/v 8, v011A27A8_0, 32;
    %ix/load 0, 32, 0;
    %assign/v0 v011A26F8_0, 0, 8;
T_0.1 ;
    %jmp T_0;
    .thread T_0;
    .scope S_0113C778;
T_1 ;
    %movi 8, 537395205, 32;
   %ix/load 1, 0, 0;
   %ix/load 3, 0, 0;
   %set/av v011A2C20, 8, 32;
    %movi 8, 537460746, 32;
   %ix/load 1, 0, 0;
   %ix/load 3, 1, 0;
   %set/av v011A2C20, 8, 32;
    %movi 8, 17387552, 32;
   %ix/load 1, 0, 0;
   %ix/load 3, 2, 0;
   %set/av v011A2C20, 8, 32;
    %movi 8, 2886336512, 32;
   %ix/load 1, 0, 0;
   %ix/load 3, 3, 0;
   %set/av v011A2C20, 8, 32;
    %movi 8, 2349531136, 32;
   %ix/load 1, 0, 0;
   %ix/load 3, 4, 0;
   %set/av v011A2C20, 8, 32;
    %end;
    .thread T_1;
    .scope S_0113CE60;
T_2 ;
    %wait E_01136F58;
    %set/v v011A1FE0_0, 0, 1;
    %set/v v011A2350_0, 0, 1;
    %set/v v011A22A0_0, 0, 1;
    %set/v v011A20E8_0, 0, 1;
    %set/v v011A1F30_0, 0, 1;
    %set/v v011A21F0_0, 0, 1;
    %set/v v011A2090_0, 0, 1;
    %set/v v011A2248_0, 0, 1;
    %set/v v011A1538_0, 0, 4;
    %load/v 8, v011A22F8_0, 6;
    %cmpi/u 8, 0, 6;
    %jmp/1 T_2.0, 6;
    %cmpi/u 8, 8, 6;
    %jmp/1 T_2.1, 6;
    %cmpi/u 8, 35, 6;
    %jmp/1 T_2.2, 6;
    %cmpi/u 8, 43, 6;
    %jmp/1 T_2.3, 6;
    %cmpi/u 8, 4, 6;
    %jmp/1 T_2.4, 6;
    %cmpi/u 8, 2, 6;
    %jmp/1 T_2.5, 6;
    %jmp T_2.7;
T_2.0 ;
    %set/v v011A1FE0_0, 1, 1;
    %set/v v011A20E8_0, 1, 1;
    %set/v v011A2350_0, 0, 1;
    %load/v 8, v011A1ED8_0, 6;
    %cmpi/u 8, 32, 6;
    %jmp/1 T_2.8, 6;
    %cmpi/u 8, 34, 6;
    %jmp/1 T_2.9, 6;
    %cmpi/u 8, 36, 6;
    %jmp/1 T_2.10, 6;
    %cmpi/u 8, 37, 6;
    %jmp/1 T_2.11, 6;
    %cmpi/u 8, 38, 6;
    %jmp/1 T_2.12, 6;
    %cmpi/u 8, 39, 6;
    %jmp/1 T_2.13, 6;
    %cmpi/u 8, 0, 6;
    %jmp/1 T_2.14, 6;
    %cmpi/u 8, 2, 6;
    %jmp/1 T_2.15, 6;
    %cmpi/u 8, 3, 6;
    %jmp/1 T_2.16, 6;
    %cmpi/u 8, 42, 6;
    %jmp/1 T_2.17, 6;
    %cmpi/u 8, 41, 6;
    %jmp/1 T_2.18, 6;
    %set/v v011A1538_0, 0, 4;
    %jmp T_2.20;
T_2.8 ;
    %movi 8, 2, 4;
    %set/v v011A1538_0, 8, 4;
    %jmp T_2.20;
T_2.9 ;
    %movi 8, 3, 4;
    %set/v v011A1538_0, 8, 4;
    %jmp T_2.20;
T_2.10 ;
    %set/v v011A1538_0, 0, 4;
    %jmp T_2.20;
T_2.11 ;
    %movi 8, 1, 4;
    %set/v v011A1538_0, 8, 4;
    %jmp T_2.20;
T_2.12 ;
    %movi 8, 4, 4;
    %set/v v011A1538_0, 8, 4;
    %jmp T_2.20;
T_2.13 ;
    %movi 8, 5, 4;
    %set/v v011A1538_0, 8, 4;
    %jmp T_2.20;
T_2.14 ;
    %movi 8, 6, 4;
    %set/v v011A1538_0, 8, 4;
    %jmp T_2.20;
T_2.15 ;
    %movi 8, 7, 4;
    %set/v v011A1538_0, 8, 4;
    %jmp T_2.20;
T_2.16 ;
    %movi 8, 8, 4;
    %set/v v011A1538_0, 8, 4;
    %jmp T_2.20;
T_2.17 ;
    %movi 8, 9, 4;
    %set/v v011A1538_0, 8, 4;
    %jmp T_2.20;
T_2.18 ;
    %movi 8, 10, 4;
    %set/v v011A1538_0, 8, 4;
    %jmp T_2.20;
T_2.20 ;
    %jmp T_2.7;
T_2.1 ;
    %set/v v011A1FE0_0, 0, 1;
    %set/v v011A20E8_0, 1, 1;
    %set/v v011A2350_0, 1, 1;
    %movi 8, 2, 4;
    %set/v v011A1538_0, 8, 4;
    %jmp T_2.7;
T_2.2 ;
    %set/v v011A1FE0_0, 0, 1;
    %set/v v011A2350_0, 1, 1;
    %set/v v011A22A0_0, 1, 1;
    %set/v v011A20E8_0, 1, 1;
    %set/v v011A1F30_0, 1, 1;
    %movi 8, 2, 4;
    %set/v v011A1538_0, 8, 4;
    %jmp T_2.7;
T_2.3 ;
    %set/v v011A2350_0, 1, 1;
    %set/v v011A21F0_0, 1, 1;
    %movi 8, 2, 4;
    %set/v v011A1538_0, 8, 4;
    %jmp T_2.7;
T_2.4 ;
    %set/v v011A2090_0, 1, 1;
    %movi 8, 3, 4;
    %set/v v011A1538_0, 8, 4;
    %jmp T_2.7;
T_2.5 ;
    %set/v v011A2248_0, 1, 1;
    %jmp T_2.7;
T_2.7 ;
    %jmp T_2;
    .thread T_2, $push;
    .scope S_0113D438;
T_3 ;
    %wait E_01136D78;
    %set/v v011A15E8_0, 0, 32;
T_3.0 ;
    %load/v 8, v011A15E8_0, 32;
   %cmpi/s 8, 32, 32;
    %jmp/0xz T_3.1, 5;
    %ix/getv/s 3, v011A15E8_0;
    %jmp/1 t_0, 4;
    %ix/load 0, 32, 0; word width
    %ix/load 1, 0, 0; part off
    %assign/av v011A1A60, 0, 0;
t_0 ;
    %ix/load 0, 1, 0;
    %load/vp0/s 8, v011A15E8_0, 32;
    %set/v v011A15E8_0, 8, 32;
    %jmp T_3.0;
T_3.1 ;
    %jmp T_3;
    .thread T_3;
    .scope S_0113D438;
T_4 ;
    %wait E_01136DD8;
    %load/v 8, v011A1B10_0, 1;
    %load/v 9, v011A13D8_0, 5;
    %mov 14, 0, 1;
    %cmpi/u 9, 0, 6;
    %inv 4, 1;
    %mov 9, 4, 1;
    %and 8, 9, 1;
    %jmp/0xz  T_4.0, 8;
    %load/v 8, v011A14E0_0, 32;
    %ix/getv 3, v011A13D8_0;
    %jmp/1 t_1, 4;
    %ix/load 0, 32, 0; word width
    %ix/load 1, 0, 0; part off
    %assign/av v011A1A60, 0, 8;
t_1 ;
T_4.0 ;
    %jmp T_4;
    .thread T_4;
    .scope S_0113D218;
T_5 ;
    %wait E_01136B58;
    %load/v 8, v011A16F0_0, 4;
    %cmpi/u 8, 0, 4;
    %jmp/1 T_5.0, 6;
    %cmpi/u 8, 1, 4;
    %jmp/1 T_5.1, 6;
    %cmpi/u 8, 2, 4;
    %jmp/1 T_5.2, 6;
    %cmpi/u 8, 3, 4;
    %jmp/1 T_5.3, 6;
    %cmpi/u 8, 4, 4;
    %jmp/1 T_5.4, 6;
    %cmpi/u 8, 5, 4;
    %jmp/1 T_5.5, 6;
    %cmpi/u 8, 6, 4;
    %jmp/1 T_5.6, 6;
    %cmpi/u 8, 7, 4;
    %jmp/1 T_5.7, 6;
    %cmpi/u 8, 8, 4;
    %jmp/1 T_5.8, 6;
    %cmpi/u 8, 9, 4;
    %jmp/1 T_5.9, 6;
    %cmpi/u 8, 10, 4;
    %jmp/1 T_5.10, 6;
    %set/v v011A1748_0, 0, 32;
    %jmp T_5.12;
T_5.0 ;
    %load/v 8, v01138F50_0, 32;
    %load/v 40, v011A1C18_0, 32;
    %and 8, 40, 32;
    %set/v v011A1748_0, 8, 32;
    %jmp T_5.12;
T_5.1 ;
    %load/v 8, v01138F50_0, 32;
    %load/v 40, v011A1C18_0, 32;
    %or 8, 40, 32;
    %set/v v011A1748_0, 8, 32;
    %jmp T_5.12;
T_5.2 ;
    %load/v 8, v01138F50_0, 32;
    %load/v 40, v011A1C18_0, 32;
    %add 8, 40, 32;
    %set/v v011A1748_0, 8, 32;
    %jmp T_5.12;
T_5.3 ;
    %load/v 8, v01138F50_0, 32;
    %load/v 40, v011A1C18_0, 32;
    %sub 8, 40, 32;
    %set/v v011A1748_0, 8, 32;
    %jmp T_5.12;
T_5.4 ;
    %load/v 8, v01138F50_0, 32;
    %load/v 40, v011A1C18_0, 32;
    %xor 8, 40, 32;
    %set/v v011A1748_0, 8, 32;
    %jmp T_5.12;
T_5.5 ;
    %load/v 8, v01138F50_0, 32;
    %inv 8, 32;
    %set/v v011A1748_0, 8, 32;
    %jmp T_5.12;
T_5.6 ;
    %load/v 8, v01138F50_0, 32;
    %load/v 40, v011A1C70_0, 5;
    %ix/get 0, 40, 5;
    %shiftl/i0  8, 32;
    %set/v v011A1748_0, 8, 32;
    %jmp T_5.12;
T_5.7 ;
    %load/v 8, v01138F50_0, 32;
    %load/v 40, v011A1C70_0, 5;
    %ix/get 0, 40, 5;
    %shiftr/i0  8, 32;
    %set/v v011A1748_0, 8, 32;
    %jmp T_5.12;
T_5.8 ;
    %load/v 8, v011A19B0_0, 32;
    %load/v 40, v011A1C70_0, 5;
    %ix/get 0, 40, 5;
    %shiftr/s/i0  8, 32;
    %set/v v011A1748_0, 8, 32;
    %jmp T_5.12;
T_5.9 ;
    %load/v 8, v011A19B0_0, 32;
    %load/v 40, v011A1900_0, 32;
    %cmp/s 8, 40, 32;
    %mov 8, 5, 1;
    %jmp/0  T_5.13, 8;
    %movi 9, 1, 32;
    %jmp/1  T_5.15, 8;
T_5.13 ; End of true expr.
    %jmp/0  T_5.14, 8;
 ; End of false expr.
    %blend  9, 0, 32; Condition unknown.
    %jmp  T_5.15;
T_5.14 ;
    %mov 9, 0, 32; Return false value
T_5.15 ;
    %set/v v011A1748_0, 9, 32;
    %jmp T_5.12;
T_5.10 ;
    %load/v 8, v01138F50_0, 32;
    %load/v 40, v011A1C18_0, 32;
    %cmp/u 8, 40, 32;
    %mov 8, 4, 1;
    %jmp/0  T_5.16, 8;
    %movi 9, 1, 32;
    %jmp/1  T_5.18, 8;
T_5.16 ; End of true expr.
    %jmp/0  T_5.17, 8;
 ; End of false expr.
    %blend  9, 0, 32; Condition unknown.
    %jmp  T_5.18;
T_5.17 ;
    %mov 9, 0, 32; Return false value
T_5.18 ;
    %set/v v011A1748_0, 9, 32;
    %jmp T_5.12;
T_5.12 ;
    %jmp T_5;
    .thread T_5, $push;
    .scope S_0113D108;
T_6 ;
    %wait E_01136DD8;
    %load/v 8, v01139528_0, 1;
    %jmp/0xz  T_6.0, 8;
    %load/v 8, v011393C8_0, 32;
    %ix/getv 3, v01139370_0;
    %jmp/1 t_2, 4;
    %ix/load 0, 32, 0; word width
    %ix/load 1, 0, 0; part off
    %assign/av v01139580, 0, 8;
t_2 ;
T_6.0 ;
    %jmp T_6;
    .thread T_6;
    .scope S_0113D108;
T_7 ;
    %wait E_01136A78;
    %load/v 8, v01138EA0_0, 1;
    %jmp/0xz  T_7.0, 8;
    %ix/getv 3, v01139370_0;
    %load/av 8, v01139580, 32;
    %set/v v01139478_0, 8, 32;
    %jmp T_7.1;
T_7.0 ;
    %set/v v01139478_0, 0, 32;
T_7.1 ;
    %jmp T_7;
    .thread T_7, $push;
    .scope S_0113D3B0;
T_8 ;
    %wait E_01136DD8;
    %vpi_call 3 121 "$display", "PC: %h | Instruction: %h", v011A3098_0, v011A2648_0;
    %jmp T_8;
    .thread T_8;
    .scope S_0113D3B0;
T_9 ;
    %wait E_01136DD8;
    %load/v 8, v011A31A0_0, 1;
    %inv 8, 1;
    %jmp/0xz  T_9.0, 8;
    %vpi_call 3 127 "$display", "reg[8] (t0)  = %d", &A<v011A1640, 8>;
    %vpi_call 3 128 "$display", "reg[9] (t1)  = %d", &A<v011A1640, 9>;
    %vpi_call 3 129 "$display", "reg[10] (t2) = %d", &A<v011A1640, 10>;
    %vpi_call 3 130 "$display", "reg[11] (t3) = %d", &A<v011A1640, 11>;
    %vpi_call 3 131 "$display", "mem[0]       = %d", &A<v01139580, 0>;
T_9.0 ;
    %jmp T_9;
    .thread T_9;
    .scope S_0113CEE8;
T_10 ;
    %set/v v011A3808_0, 0, 1;
    %end;
    .thread T_10;
    .scope S_0113CEE8;
T_11 ;
    %set/v v011A3CD8_0, 1, 1;
    %end;
    .thread T_11;
    .scope S_0113CEE8;
T_12 ;
    %delay 5000, 0;
    %load/v 8, v011A3808_0, 1;
    %inv 8, 1;
    %set/v v011A3808_0, 8, 1;
    %jmp T_12;
    .thread T_12;
    .scope S_0113CEE8;
T_13 ;
    %vpi_call 2 18 "$monitor", "Time: %0t | PC: %h | Instruction: %h | Reg[8]: %h | Reg[9]: %h | Reg[10]: %h", $time, v011A3098_0, v011A2648_0, &A<v011A1A60, 8>, &A<v011A1A60, 9>, &A<v011A1A60, 10>;
    %vpi_call 2 21 "$display", "===== IITK-Mini-MIPS Simulation Start =====";
    %vpi_call 2 22 "$dumpfile", "cpu.vcd";
    %vpi_call 2 23 "$dumpvars", 1'sb0, S_0113D3B0;
    %delay 10000, 0;
    %set/v v011A3CD8_0, 0, 1;
    %delay 500000, 0;
    %vpi_call 2 27 "$display", "===== Simulation Done =====";
    %vpi_call 2 28 "$finish";
    %end;
    .thread T_13;
# The file index is used to find the file name in the following table.
:file_names 11;
    "N/A";
    "<interactive>";
    ".\testbench.v";
    ".\top.v";
    ".\pc.v";
    ".\instruction_mem.v";
    ".\decoder.v";
    ".\controller.v";
    ".\register_file.v";
    ".\alu.v";
    ".\data_mem.v";
