#! /c/iverilog/bin/vvp
:ivl_version "0.9.7 " "(v0_9_7)";
:vpi_time_precision + 0;
:vpi_module "system";
:vpi_module "v2005_math";
:vpi_module "va_math";
S_0122FD08 .scope module, "tb" "tb" 2 1;
 .timescale 0 0;
v012705D8_0 .net "IR", 31 0, v012709F8_0; 1 drivers
v01270318_0 .net "PC", 31 0, v01270898_0; 1 drivers
v01270688_0 .var/s "a", 31 0;
v01270738_0 .var/s "b", 31 0;
v01270790_0 .var "clk", 0 0;
S_0122FE18 .scope module, "uut" "cpu" 2 5, 3 207, S_0122FD08;
 .timescale 0 0;
v012703C8_0 .var "IMM", 31 0;
v012700B0_0 .alias/s "IR", 31 0, v012705D8_0;
v01270898_0 .var "PC", 31 0;
v01270630_0 .net "RD_d", 31 0, v01270B58_0; 1 drivers
v0126FF50_0 .var "RD_d2", 31 0;
v01270210_0 .net "RD_i", 31 0, v011FC7F8_0; 1 drivers
v012701B8_0 .var "RS_d", 31 0;
v01270268_0 .var "RS_i", 31 0;
v012708F0_0 .var "RT_i", 31 0;
v012702C0_0 .var "SHAMT", 4 0;
v01270420_0 .var "alu_en", 0 0;
v01270108_0 .net "clk", 0 0, v01270790_0; 1 drivers
v01270160_0 .var "mode", 0 0;
v012707E8 .array "registers", 0 31, 31 0;
v01270000_0 .net "type1", 1 0, v011FC6F0_0; 1 drivers
v01270840_0 .net "type2", 5 0, L_01270058; 1 drivers
v01270580_0 .var "we", 0 0;
E_012348E8 .event negedge, v01270108_0;
E_012349E8 .event posedge, v01270108_0;
L_01270478 .arith/sum 32, v012701B8_0, v012703C8_0;
S_0122FF28 .scope module, "memory_instr" "VEDA" 3 248, 3 1, S_0122FE18;
 .timescale 0 0;
v01270AA8_0 .alias "address", 31 0, v01270318_0;
v01270C08_0 .net "clk", 0 0, C4<z>; 0 drivers
v01270CB8_0 .net "data_in", 31 0, C4<00000000000000000000000000000000>; 1 drivers
v01270E70_0 .alias "data_out", 31 0, v012705D8_0;
v012709F8_0 .var "data_reg", 31 0;
v012706E0 .array "mem", 0 127, 31 0;
v012704D0_0 .net "mode", 0 0, C4<1>; 1 drivers
v0126FFA8_0 .net "reset", 0 0, C4<0>; 1 drivers
v01270948_0 .net "we", 0 0, C4<0>; 1 drivers
E_012349A8/0 .event edge, v0126FFA8_0, v012704D0_0, v01270948_0, v01270CB8_0;
v012706E0_0 .array/port v012706E0, 0;
v012706E0_1 .array/port v012706E0, 1;
v012706E0_2 .array/port v012706E0, 2;
E_012349A8/1 .event edge, v01270AA8_0, v012706E0_0, v012706E0_1, v012706E0_2;
v012706E0_3 .array/port v012706E0, 3;
v012706E0_4 .array/port v012706E0, 4;
v012706E0_5 .array/port v012706E0, 5;
v012706E0_6 .array/port v012706E0, 6;
E_012349A8/2 .event edge, v012706E0_3, v012706E0_4, v012706E0_5, v012706E0_6;
v012706E0_7 .array/port v012706E0, 7;
v012706E0_8 .array/port v012706E0, 8;
v012706E0_9 .array/port v012706E0, 9;
v012706E0_10 .array/port v012706E0, 10;
E_012349A8/3 .event edge, v012706E0_7, v012706E0_8, v012706E0_9, v012706E0_10;
v012706E0_11 .array/port v012706E0, 11;
v012706E0_12 .array/port v012706E0, 12;
v012706E0_13 .array/port v012706E0, 13;
v012706E0_14 .array/port v012706E0, 14;
E_012349A8/4 .event edge, v012706E0_11, v012706E0_12, v012706E0_13, v012706E0_14;
v012706E0_15 .array/port v012706E0, 15;
v012706E0_16 .array/port v012706E0, 16;
v012706E0_17 .array/port v012706E0, 17;
v012706E0_18 .array/port v012706E0, 18;
E_012349A8/5 .event edge, v012706E0_15, v012706E0_16, v012706E0_17, v012706E0_18;
v012706E0_19 .array/port v012706E0, 19;
v012706E0_20 .array/port v012706E0, 20;
v012706E0_21 .array/port v012706E0, 21;
v012706E0_22 .array/port v012706E0, 22;
E_012349A8/6 .event edge, v012706E0_19, v012706E0_20, v012706E0_21, v012706E0_22;
v012706E0_23 .array/port v012706E0, 23;
v012706E0_24 .array/port v012706E0, 24;
v012706E0_25 .array/port v012706E0, 25;
v012706E0_26 .array/port v012706E0, 26;
E_012349A8/7 .event edge, v012706E0_23, v012706E0_24, v012706E0_25, v012706E0_26;
v012706E0_27 .array/port v012706E0, 27;
v012706E0_28 .array/port v012706E0, 28;
v012706E0_29 .array/port v012706E0, 29;
v012706E0_30 .array/port v012706E0, 30;
E_012349A8/8 .event edge, v012706E0_27, v012706E0_28, v012706E0_29, v012706E0_30;
v012706E0_31 .array/port v012706E0, 31;
v012706E0_32 .array/port v012706E0, 32;
v012706E0_33 .array/port v012706E0, 33;
v012706E0_34 .array/port v012706E0, 34;
E_012349A8/9 .event edge, v012706E0_31, v012706E0_32, v012706E0_33, v012706E0_34;
v012706E0_35 .array/port v012706E0, 35;
v012706E0_36 .array/port v012706E0, 36;
v012706E0_37 .array/port v012706E0, 37;
v012706E0_38 .array/port v012706E0, 38;
E_012349A8/10 .event edge, v012706E0_35, v012706E0_36, v012706E0_37, v012706E0_38;
v012706E0_39 .array/port v012706E0, 39;
v012706E0_40 .array/port v012706E0, 40;
v012706E0_41 .array/port v012706E0, 41;
v012706E0_42 .array/port v012706E0, 42;
E_012349A8/11 .event edge, v012706E0_39, v012706E0_40, v012706E0_41, v012706E0_42;
v012706E0_43 .array/port v012706E0, 43;
v012706E0_44 .array/port v012706E0, 44;
v012706E0_45 .array/port v012706E0, 45;
v012706E0_46 .array/port v012706E0, 46;
E_012349A8/12 .event edge, v012706E0_43, v012706E0_44, v012706E0_45, v012706E0_46;
v012706E0_47 .array/port v012706E0, 47;
v012706E0_48 .array/port v012706E0, 48;
v012706E0_49 .array/port v012706E0, 49;
v012706E0_50 .array/port v012706E0, 50;
E_012349A8/13 .event edge, v012706E0_47, v012706E0_48, v012706E0_49, v012706E0_50;
v012706E0_51 .array/port v012706E0, 51;
v012706E0_52 .array/port v012706E0, 52;
v012706E0_53 .array/port v012706E0, 53;
v012706E0_54 .array/port v012706E0, 54;
E_012349A8/14 .event edge, v012706E0_51, v012706E0_52, v012706E0_53, v012706E0_54;
v012706E0_55 .array/port v012706E0, 55;
v012706E0_56 .array/port v012706E0, 56;
v012706E0_57 .array/port v012706E0, 57;
v012706E0_58 .array/port v012706E0, 58;
E_012349A8/15 .event edge, v012706E0_55, v012706E0_56, v012706E0_57, v012706E0_58;
v012706E0_59 .array/port v012706E0, 59;
v012706E0_60 .array/port v012706E0, 60;
v012706E0_61 .array/port v012706E0, 61;
v012706E0_62 .array/port v012706E0, 62;
E_012349A8/16 .event edge, v012706E0_59, v012706E0_60, v012706E0_61, v012706E0_62;
v012706E0_63 .array/port v012706E0, 63;
v012706E0_64 .array/port v012706E0, 64;
v012706E0_65 .array/port v012706E0, 65;
v012706E0_66 .array/port v012706E0, 66;
E_012349A8/17 .event edge, v012706E0_63, v012706E0_64, v012706E0_65, v012706E0_66;
v012706E0_67 .array/port v012706E0, 67;
v012706E0_68 .array/port v012706E0, 68;
v012706E0_69 .array/port v012706E0, 69;
v012706E0_70 .array/port v012706E0, 70;
E_012349A8/18 .event edge, v012706E0_67, v012706E0_68, v012706E0_69, v012706E0_70;
v012706E0_71 .array/port v012706E0, 71;
v012706E0_72 .array/port v012706E0, 72;
v012706E0_73 .array/port v012706E0, 73;
v012706E0_74 .array/port v012706E0, 74;
E_012349A8/19 .event edge, v012706E0_71, v012706E0_72, v012706E0_73, v012706E0_74;
v012706E0_75 .array/port v012706E0, 75;
v012706E0_76 .array/port v012706E0, 76;
v012706E0_77 .array/port v012706E0, 77;
v012706E0_78 .array/port v012706E0, 78;
E_012349A8/20 .event edge, v012706E0_75, v012706E0_76, v012706E0_77, v012706E0_78;
v012706E0_79 .array/port v012706E0, 79;
v012706E0_80 .array/port v012706E0, 80;
v012706E0_81 .array/port v012706E0, 81;
v012706E0_82 .array/port v012706E0, 82;
E_012349A8/21 .event edge, v012706E0_79, v012706E0_80, v012706E0_81, v012706E0_82;
v012706E0_83 .array/port v012706E0, 83;
v012706E0_84 .array/port v012706E0, 84;
v012706E0_85 .array/port v012706E0, 85;
v012706E0_86 .array/port v012706E0, 86;
E_012349A8/22 .event edge, v012706E0_83, v012706E0_84, v012706E0_85, v012706E0_86;
v012706E0_87 .array/port v012706E0, 87;
v012706E0_88 .array/port v012706E0, 88;
v012706E0_89 .array/port v012706E0, 89;
v012706E0_90 .array/port v012706E0, 90;
E_012349A8/23 .event edge, v012706E0_87, v012706E0_88, v012706E0_89, v012706E0_90;
v012706E0_91 .array/port v012706E0, 91;
v012706E0_92 .array/port v012706E0, 92;
v012706E0_93 .array/port v012706E0, 93;
v012706E0_94 .array/port v012706E0, 94;
E_012349A8/24 .event edge, v012706E0_91, v012706E0_92, v012706E0_93, v012706E0_94;
v012706E0_95 .array/port v012706E0, 95;
v012706E0_96 .array/port v012706E0, 96;
v012706E0_97 .array/port v012706E0, 97;
v012706E0_98 .array/port v012706E0, 98;
E_012349A8/25 .event edge, v012706E0_95, v012706E0_96, v012706E0_97, v012706E0_98;
v012706E0_99 .array/port v012706E0, 99;
v012706E0_100 .array/port v012706E0, 100;
v012706E0_101 .array/port v012706E0, 101;
v012706E0_102 .array/port v012706E0, 102;
E_012349A8/26 .event edge, v012706E0_99, v012706E0_100, v012706E0_101, v012706E0_102;
v012706E0_103 .array/port v012706E0, 103;
v012706E0_104 .array/port v012706E0, 104;
v012706E0_105 .array/port v012706E0, 105;
v012706E0_106 .array/port v012706E0, 106;
E_012349A8/27 .event edge, v012706E0_103, v012706E0_104, v012706E0_105, v012706E0_106;
v012706E0_107 .array/port v012706E0, 107;
v012706E0_108 .array/port v012706E0, 108;
v012706E0_109 .array/port v012706E0, 109;
v012706E0_110 .array/port v012706E0, 110;
E_012349A8/28 .event edge, v012706E0_107, v012706E0_108, v012706E0_109, v012706E0_110;
v012706E0_111 .array/port v012706E0, 111;
v012706E0_112 .array/port v012706E0, 112;
v012706E0_113 .array/port v012706E0, 113;
v012706E0_114 .array/port v012706E0, 114;
E_012349A8/29 .event edge, v012706E0_111, v012706E0_112, v012706E0_113, v012706E0_114;
v012706E0_115 .array/port v012706E0, 115;
v012706E0_116 .array/port v012706E0, 116;
v012706E0_117 .array/port v012706E0, 117;
v012706E0_118 .array/port v012706E0, 118;
E_012349A8/30 .event edge, v012706E0_115, v012706E0_116, v012706E0_117, v012706E0_118;
v012706E0_119 .array/port v012706E0, 119;
v012706E0_120 .array/port v012706E0, 120;
v012706E0_121 .array/port v012706E0, 121;
v012706E0_122 .array/port v012706E0, 122;
E_012349A8/31 .event edge, v012706E0_119, v012706E0_120, v012706E0_121, v012706E0_122;
v012706E0_123 .array/port v012706E0, 123;
v012706E0_124 .array/port v012706E0, 124;
v012706E0_125 .array/port v012706E0, 125;
v012706E0_126 .array/port v012706E0, 126;
E_012349A8/32 .event edge, v012706E0_123, v012706E0_124, v012706E0_125, v012706E0_126;
v012706E0_127 .array/port v012706E0, 127;
E_012349A8/33 .event edge, v012706E0_127;
E_012349A8 .event/or E_012349A8/0, E_012349A8/1, E_012349A8/2, E_012349A8/3, E_012349A8/4, E_012349A8/5, E_012349A8/6, E_012349A8/7, E_012349A8/8, E_012349A8/9, E_012349A8/10, E_012349A8/11, E_012349A8/12, E_012349A8/13, E_012349A8/14, E_012349A8/15, E_012349A8/16, E_012349A8/17, E_012349A8/18, E_012349A8/19, E_012349A8/20, E_012349A8/21, E_012349A8/22, E_012349A8/23, E_012349A8/24, E_012349A8/25, E_012349A8/26, E_012349A8/27, E_012349A8/28, E_012349A8/29, E_012349A8/30, E_012349A8/31, E_012349A8/32, E_012349A8/33;
S_0122FD90 .scope module, "memory_data" "VEDA" 3 249, 3 1, S_0122FE18;
 .timescale 0 0;
v01270C60_0 .net "address", 31 0, L_01270478; 1 drivers
v01270DC0_0 .net "clk", 0 0, C4<z>; 0 drivers
v01270D10_0 .net "data_in", 31 0, v0126FF50_0; 1 drivers
v01270A50_0 .alias "data_out", 31 0, v01270630_0;
v01270B58_0 .var "data_reg", 31 0;
v01270D68 .array "mem", 0 127, 31 0;
v01270E18_0 .net "mode", 0 0, v01270160_0; 1 drivers
v01270B00_0 .net "reset", 0 0, C4<0>; 1 drivers
v01270BB0_0 .net "we", 0 0, v01270580_0; 1 drivers
E_01234888/0 .event edge, v01270B00_0, v01270E18_0, v01270BB0_0, v01270D10_0;
v01270D68_0 .array/port v01270D68, 0;
v01270D68_1 .array/port v01270D68, 1;
v01270D68_2 .array/port v01270D68, 2;
E_01234888/1 .event edge, v01270C60_0, v01270D68_0, v01270D68_1, v01270D68_2;
v01270D68_3 .array/port v01270D68, 3;
v01270D68_4 .array/port v01270D68, 4;
v01270D68_5 .array/port v01270D68, 5;
v01270D68_6 .array/port v01270D68, 6;
E_01234888/2 .event edge, v01270D68_3, v01270D68_4, v01270D68_5, v01270D68_6;
v01270D68_7 .array/port v01270D68, 7;
v01270D68_8 .array/port v01270D68, 8;
v01270D68_9 .array/port v01270D68, 9;
v01270D68_10 .array/port v01270D68, 10;
E_01234888/3 .event edge, v01270D68_7, v01270D68_8, v01270D68_9, v01270D68_10;
v01270D68_11 .array/port v01270D68, 11;
v01270D68_12 .array/port v01270D68, 12;
v01270D68_13 .array/port v01270D68, 13;
v01270D68_14 .array/port v01270D68, 14;
E_01234888/4 .event edge, v01270D68_11, v01270D68_12, v01270D68_13, v01270D68_14;
v01270D68_15 .array/port v01270D68, 15;
v01270D68_16 .array/port v01270D68, 16;
v01270D68_17 .array/port v01270D68, 17;
v01270D68_18 .array/port v01270D68, 18;
E_01234888/5 .event edge, v01270D68_15, v01270D68_16, v01270D68_17, v01270D68_18;
v01270D68_19 .array/port v01270D68, 19;
v01270D68_20 .array/port v01270D68, 20;
v01270D68_21 .array/port v01270D68, 21;
v01270D68_22 .array/port v01270D68, 22;
E_01234888/6 .event edge, v01270D68_19, v01270D68_20, v01270D68_21, v01270D68_22;
v01270D68_23 .array/port v01270D68, 23;
v01270D68_24 .array/port v01270D68, 24;
v01270D68_25 .array/port v01270D68, 25;
v01270D68_26 .array/port v01270D68, 26;
E_01234888/7 .event edge, v01270D68_23, v01270D68_24, v01270D68_25, v01270D68_26;
v01270D68_27 .array/port v01270D68, 27;
v01270D68_28 .array/port v01270D68, 28;
v01270D68_29 .array/port v01270D68, 29;
v01270D68_30 .array/port v01270D68, 30;
E_01234888/8 .event edge, v01270D68_27, v01270D68_28, v01270D68_29, v01270D68_30;
v01270D68_31 .array/port v01270D68, 31;
v01270D68_32 .array/port v01270D68, 32;
v01270D68_33 .array/port v01270D68, 33;
v01270D68_34 .array/port v01270D68, 34;
E_01234888/9 .event edge, v01270D68_31, v01270D68_32, v01270D68_33, v01270D68_34;
v01270D68_35 .array/port v01270D68, 35;
v01270D68_36 .array/port v01270D68, 36;
v01270D68_37 .array/port v01270D68, 37;
v01270D68_38 .array/port v01270D68, 38;
E_01234888/10 .event edge, v01270D68_35, v01270D68_36, v01270D68_37, v01270D68_38;
v01270D68_39 .array/port v01270D68, 39;
v01270D68_40 .array/port v01270D68, 40;
v01270D68_41 .array/port v01270D68, 41;
v01270D68_42 .array/port v01270D68, 42;
E_01234888/11 .event edge, v01270D68_39, v01270D68_40, v01270D68_41, v01270D68_42;
v01270D68_43 .array/port v01270D68, 43;
v01270D68_44 .array/port v01270D68, 44;
v01270D68_45 .array/port v01270D68, 45;
v01270D68_46 .array/port v01270D68, 46;
E_01234888/12 .event edge, v01270D68_43, v01270D68_44, v01270D68_45, v01270D68_46;
v01270D68_47 .array/port v01270D68, 47;
v01270D68_48 .array/port v01270D68, 48;
v01270D68_49 .array/port v01270D68, 49;
v01270D68_50 .array/port v01270D68, 50;
E_01234888/13 .event edge, v01270D68_47, v01270D68_48, v01270D68_49, v01270D68_50;
v01270D68_51 .array/port v01270D68, 51;
v01270D68_52 .array/port v01270D68, 52;
v01270D68_53 .array/port v01270D68, 53;
v01270D68_54 .array/port v01270D68, 54;
E_01234888/14 .event edge, v01270D68_51, v01270D68_52, v01270D68_53, v01270D68_54;
v01270D68_55 .array/port v01270D68, 55;
v01270D68_56 .array/port v01270D68, 56;
v01270D68_57 .array/port v01270D68, 57;
v01270D68_58 .array/port v01270D68, 58;
E_01234888/15 .event edge, v01270D68_55, v01270D68_56, v01270D68_57, v01270D68_58;
v01270D68_59 .array/port v01270D68, 59;
v01270D68_60 .array/port v01270D68, 60;
v01270D68_61 .array/port v01270D68, 61;
v01270D68_62 .array/port v01270D68, 62;
E_01234888/16 .event edge, v01270D68_59, v01270D68_60, v01270D68_61, v01270D68_62;
v01270D68_63 .array/port v01270D68, 63;
v01270D68_64 .array/port v01270D68, 64;
v01270D68_65 .array/port v01270D68, 65;
v01270D68_66 .array/port v01270D68, 66;
E_01234888/17 .event edge, v01270D68_63, v01270D68_64, v01270D68_65, v01270D68_66;
v01270D68_67 .array/port v01270D68, 67;
v01270D68_68 .array/port v01270D68, 68;
v01270D68_69 .array/port v01270D68, 69;
v01270D68_70 .array/port v01270D68, 70;
E_01234888/18 .event edge, v01270D68_67, v01270D68_68, v01270D68_69, v01270D68_70;
v01270D68_71 .array/port v01270D68, 71;
v01270D68_72 .array/port v01270D68, 72;
v01270D68_73 .array/port v01270D68, 73;
v01270D68_74 .array/port v01270D68, 74;
E_01234888/19 .event edge, v01270D68_71, v01270D68_72, v01270D68_73, v01270D68_74;
v01270D68_75 .array/port v01270D68, 75;
v01270D68_76 .array/port v01270D68, 76;
v01270D68_77 .array/port v01270D68, 77;
v01270D68_78 .array/port v01270D68, 78;
E_01234888/20 .event edge, v01270D68_75, v01270D68_76, v01270D68_77, v01270D68_78;
v01270D68_79 .array/port v01270D68, 79;
v01270D68_80 .array/port v01270D68, 80;
v01270D68_81 .array/port v01270D68, 81;
v01270D68_82 .array/port v01270D68, 82;
E_01234888/21 .event edge, v01270D68_79, v01270D68_80, v01270D68_81, v01270D68_82;
v01270D68_83 .array/port v01270D68, 83;
v01270D68_84 .array/port v01270D68, 84;
v01270D68_85 .array/port v01270D68, 85;
v01270D68_86 .array/port v01270D68, 86;
E_01234888/22 .event edge, v01270D68_83, v01270D68_84, v01270D68_85, v01270D68_86;
v01270D68_87 .array/port v01270D68, 87;
v01270D68_88 .array/port v01270D68, 88;
v01270D68_89 .array/port v01270D68, 89;
v01270D68_90 .array/port v01270D68, 90;
E_01234888/23 .event edge, v01270D68_87, v01270D68_88, v01270D68_89, v01270D68_90;
v01270D68_91 .array/port v01270D68, 91;
v01270D68_92 .array/port v01270D68, 92;
v01270D68_93 .array/port v01270D68, 93;
v01270D68_94 .array/port v01270D68, 94;
E_01234888/24 .event edge, v01270D68_91, v01270D68_92, v01270D68_93, v01270D68_94;
v01270D68_95 .array/port v01270D68, 95;
v01270D68_96 .array/port v01270D68, 96;
v01270D68_97 .array/port v01270D68, 97;
v01270D68_98 .array/port v01270D68, 98;
E_01234888/25 .event edge, v01270D68_95, v01270D68_96, v01270D68_97, v01270D68_98;
v01270D68_99 .array/port v01270D68, 99;
v01270D68_100 .array/port v01270D68, 100;
v01270D68_101 .array/port v01270D68, 101;
v01270D68_102 .array/port v01270D68, 102;
E_01234888/26 .event edge, v01270D68_99, v01270D68_100, v01270D68_101, v01270D68_102;
v01270D68_103 .array/port v01270D68, 103;
v01270D68_104 .array/port v01270D68, 104;
v01270D68_105 .array/port v01270D68, 105;
v01270D68_106 .array/port v01270D68, 106;
E_01234888/27 .event edge, v01270D68_103, v01270D68_104, v01270D68_105, v01270D68_106;
v01270D68_107 .array/port v01270D68, 107;
v01270D68_108 .array/port v01270D68, 108;
v01270D68_109 .array/port v01270D68, 109;
v01270D68_110 .array/port v01270D68, 110;
E_01234888/28 .event edge, v01270D68_107, v01270D68_108, v01270D68_109, v01270D68_110;
v01270D68_111 .array/port v01270D68, 111;
v01270D68_112 .array/port v01270D68, 112;
v01270D68_113 .array/port v01270D68, 113;
v01270D68_114 .array/port v01270D68, 114;
E_01234888/29 .event edge, v01270D68_111, v01270D68_112, v01270D68_113, v01270D68_114;
v01270D68_115 .array/port v01270D68, 115;
v01270D68_116 .array/port v01270D68, 116;
v01270D68_117 .array/port v01270D68, 117;
v01270D68_118 .array/port v01270D68, 118;
E_01234888/30 .event edge, v01270D68_115, v01270D68_116, v01270D68_117, v01270D68_118;
v01270D68_119 .array/port v01270D68, 119;
v01270D68_120 .array/port v01270D68, 120;
v01270D68_121 .array/port v01270D68, 121;
v01270D68_122 .array/port v01270D68, 122;
E_01234888/31 .event edge, v01270D68_119, v01270D68_120, v01270D68_121, v01270D68_122;
v01270D68_123 .array/port v01270D68, 123;
v01270D68_124 .array/port v01270D68, 124;
v01270D68_125 .array/port v01270D68, 125;
v01270D68_126 .array/port v01270D68, 126;
E_01234888/32 .event edge, v01270D68_123, v01270D68_124, v01270D68_125, v01270D68_126;
v01270D68_127 .array/port v01270D68, 127;
E_01234888/33 .event edge, v01270D68_127;
E_01234888 .event/or E_01234888/0, E_01234888/1, E_01234888/2, E_01234888/3, E_01234888/4, E_01234888/5, E_01234888/6, E_01234888/7, E_01234888/8, E_01234888/9, E_01234888/10, E_01234888/11, E_01234888/12, E_01234888/13, E_01234888/14, E_01234888/15, E_01234888/16, E_01234888/17, E_01234888/18, E_01234888/19, E_01234888/20, E_01234888/21, E_01234888/22, E_01234888/23, E_01234888/24, E_01234888/25, E_01234888/26, E_01234888/27, E_01234888/28, E_01234888/29, E_01234888/30, E_01234888/31, E_01234888/32, E_01234888/33;
S_0122FBF8 .scope module, "instr" "decoder" 3 250, 3 149, S_0122FE18;
 .timescale 0 0;
v011FC8A8_0 .alias "IR", 31 0, v012705D8_0;
v011FCA60_0 .var "shifted_opcode1", 31 0;
v011FC958_0 .var "shifted_opcode2", 31 0;
v011FC900_0 .alias "type1", 1 0, v01270000_0;
v011FCA08_0 .alias "type2", 5 0, v01270840_0;
v011FC6F0_0 .var "type_1", 1 0;
v011FCBC0_0 .var "type_2", 31 0;
E_01234988 .event edge, v011FC8A8_0, v011FCA60_0, v011FC958_0;
L_01270058 .part v011FCBC0_0, 0, 6;
S_012309C8 .scope module, "ALU" "alu" 3 251, 3 79, S_0122FE18;
 .timescale 0 0;
v011FC850_0 .net "IMM", 31 0, v012703C8_0; 1 drivers
v011FC7F8_0 .var "RD", 31 0;
v011FC640_0 .net "RS", 31 0, v01270268_0; 1 drivers
v011FC7A0_0 .net "RT", 31 0, v012708F0_0; 1 drivers
v011FCB68_0 .net "SHAMT", 4 0, v012702C0_0; 1 drivers
v011FC538_0 .net "alu_en", 0 0, v01270420_0; 1 drivers
v011FC590_0 .alias "type1", 1 0, v01270000_0;
v011FCB10_0 .alias "type2", 5 0, v01270840_0;
E_01234968/0 .event edge, v011FC538_0, v011FC590_0, v011FCB10_0, v011FC640_0;
E_01234968/1 .event edge, v011FC7A0_0, v011FCB68_0, v011FC850_0;
E_01234968 .event/or E_01234968/0, E_01234968/1;
    .scope S_0122FF28;
T_0 ;
    %movi 8, 67106848, 32;
   %ix/load 1, 0, 0;
   %ix/load 3, 0, 0;
   %set/av v012706E0, 8, 32;
    %movi 8, 16416, 32;
   %ix/load 1, 0, 0;
   %ix/load 3, 1, 0;
   %set/av v012706E0, 8, 32;
    %movi 8, 574095359, 32;
   %ix/load 1, 0, 0;
   %ix/load 3, 2, 0;
   %set/av v012706E0, 8, 32;
    %movi 8, 18333738, 32;
   %ix/load 1, 0, 0;
   %ix/load 3, 3, 0;
   %set/av v012706E0, 8, 32;
    %movi 8, 318767125, 32;
   %ix/load 1, 0, 0;
   %ix/load 3, 4, 0;
   %set/av v012706E0, 8, 32;
    %movi 8, 18464, 32;
   %ix/load 1, 0, 0;
   %ix/load 3, 5, 0;
   %set/av v012706E0, 8, 32;
    %movi 8, 48810018, 32;
   %ix/load 1, 0, 0;
   %ix/load 3, 6, 0;
   %set/av v012706E0, 8, 32;
    %movi 8, 20561962, 32;
   %ix/load 1, 0, 0;
   %ix/load 3, 7, 0;
   %set/av v012706E0, 8, 32;
    %movi 8, 318767123, 32;
   %ix/load 1, 0, 0;
   %ix/load 3, 8, 0;
   %set/av v012706E0, 8, 32;
    %movi 8, 18894848, 32;
   %ix/load 1, 0, 0;
   %ix/load 3, 9, 0;
   %set/av v012706E0, 8, 32;
    %movi 8, 22042656, 32;
   %ix/load 1, 0, 0;
   %ix/load 3, 10, 0;
   %set/av v012706E0, 8, 32;
    %movi 8, 2373058560, 32;
   %ix/load 1, 0, 0;
   %ix/load 3, 11, 0;
   %set/av v012706E0, 8, 32;
    %movi 8, 560726017, 32;
   %ix/load 1, 0, 0;
   %ix/load 3, 12, 0;
   %set/av v012706E0, 8, 32;
    %movi 8, 2375221248, 32;
   %ix/load 1, 0, 0;
   %ix/load 3, 13, 0;
   %set/av v012706E0, 8, 32;
    %movi 8, 41052202, 32;
   %ix/load 1, 0, 0;
   %ix/load 3, 14, 0;
   %set/av v012706E0, 8, 32;
    %movi 8, 295698449, 32;
   %ix/load 1, 0, 0;
   %ix/load 3, 15, 0;
   %set/av v012706E0, 8, 32;
    %movi 8, 2912026624, 32;
   %ix/load 1, 0, 0;
   %ix/load 3, 16, 0;
   %set/av v012706E0, 8, 32;
    %movi 8, 2909995008, 32;
   %ix/load 1, 0, 0;
   %ix/load 3, 17, 0;
   %set/av v012706E0, 8, 32;
    %movi 8, 556335105, 32;
   %ix/load 1, 0, 0;
   %ix/load 3, 18, 0;
   %set/av v012706E0, 8, 32;
    %movi 8, 134217734, 32;
   %ix/load 1, 0, 0;
   %ix/load 3, 19, 0;
   %set/av v012706E0, 8, 32;
    %movi 8, 554172417, 32;
   %ix/load 1, 0, 0;
   %ix/load 3, 20, 0;
   %set/av v012706E0, 8, 32;
    %movi 8, 134217731, 32;
   %ix/load 1, 0, 0;
   %ix/load 3, 21, 0;
   %set/av v012706E0, 8, 32;
    %movi 8, 4227858432, 32;
   %ix/load 1, 0, 0;
   %ix/load 3, 22, 0;
   %set/av v012706E0, 8, 32;
    %movi 8, 15, 32;
   %ix/load 1, 0, 0;
   %ix/load 3, 32, 0;
   %set/av v012706E0, 8, 32;
    %movi 8, 10, 32;
   %ix/load 1, 0, 0;
   %ix/load 3, 33, 0;
   %set/av v012706E0, 8, 32;
    %movi 8, 12, 32;
   %ix/load 1, 0, 0;
   %ix/load 3, 34, 0;
   %set/av v012706E0, 8, 32;
    %movi 8, 8, 32;
   %ix/load 1, 0, 0;
   %ix/load 3, 35, 0;
   %set/av v012706E0, 8, 32;
    %movi 8, 21, 32;
   %ix/load 1, 0, 0;
   %ix/load 3, 36, 0;
   %set/av v012706E0, 8, 32;
    %movi 8, 56, 32;
   %ix/load 1, 0, 0;
   %ix/load 3, 37, 0;
   %set/av v012706E0, 8, 32;
    %movi 8, 2, 32;
   %ix/load 1, 0, 0;
   %ix/load 3, 38, 0;
   %set/av v012706E0, 8, 32;
    %movi 8, 30, 32;
   %ix/load 1, 0, 0;
   %ix/load 3, 39, 0;
   %set/av v012706E0, 8, 32;
    %vpi_call 3 51 "$monitor", "%d, %d, %d, %d, %d", &A<v012706E0, 32>, &A<v012706E0, 33>, &A<v012706E0, 34>, &A<v012706E0, 35>, &A<v012706E0, 36>, &A<v012706E0, 37>, &A<v012706E0, 38>, &A<v012706E0, 39>;
    %end;
    .thread T_0;
    .scope S_0122FF28;
T_1 ;
    %wait E_012349A8;
    %load/v 8, v0126FFA8_0, 1;
    %jmp/0xz  T_1.0, 8;
    %ix/load 0, 32, 0;
    %assign/v0 v012709F8_0, 0, 0;
    %jmp T_1.1;
T_1.0 ;
    %load/v 8, v012704D0_0, 1;
    %mov 9, 0, 1;
    %cmpi/u 8, 0, 2;
    %jmp/0xz  T_1.2, 4;
    %load/v 8, v01270948_0, 1;
    %jmp/0xz  T_1.4, 8;
    %load/v 8, v01270CB8_0, 32;
    %ix/getv 3, v01270AA8_0;
    %jmp/1 t_0, 4;
    %ix/load 0, 32, 0; word width
    %ix/load 1, 0, 0; part off
    %assign/av v012706E0, 0, 8;
t_0 ;
T_1.4 ;
    %load/v 8, v01270CB8_0, 32;
    %ix/load 0, 32, 0;
    %assign/v0 v012709F8_0, 0, 8;
    %jmp T_1.3;
T_1.2 ;
    %ix/getv 3, v01270AA8_0;
    %load/av 8, v012706E0, 32;
    %ix/load 0, 32, 0;
    %assign/v0 v012709F8_0, 0, 8;
T_1.3 ;
T_1.1 ;
    %jmp T_1;
    .thread T_1, $push;
    .scope S_0122FD90;
T_2 ;
    %movi 8, 67106848, 32;
   %ix/load 1, 0, 0;
   %ix/load 3, 0, 0;
   %set/av v01270D68, 8, 32;
    %movi 8, 16416, 32;
   %ix/load 1, 0, 0;
   %ix/load 3, 1, 0;
   %set/av v01270D68, 8, 32;
    %movi 8, 574095359, 32;
   %ix/load 1, 0, 0;
   %ix/load 3, 2, 0;
   %set/av v01270D68, 8, 32;
    %movi 8, 18333738, 32;
   %ix/load 1, 0, 0;
   %ix/load 3, 3, 0;
   %set/av v01270D68, 8, 32;
    %movi 8, 318767125, 32;
   %ix/load 1, 0, 0;
   %ix/load 3, 4, 0;
   %set/av v01270D68, 8, 32;
    %movi 8, 18464, 32;
   %ix/load 1, 0, 0;
   %ix/load 3, 5, 0;
   %set/av v01270D68, 8, 32;
    %movi 8, 48810018, 32;
   %ix/load 1, 0, 0;
   %ix/load 3, 6, 0;
   %set/av v01270D68, 8, 32;
    %movi 8, 20561962, 32;
   %ix/load 1, 0, 0;
   %ix/load 3, 7, 0;
   %set/av v01270D68, 8, 32;
    %movi 8, 318767123, 32;
   %ix/load 1, 0, 0;
   %ix/load 3, 8, 0;
   %set/av v01270D68, 8, 32;
    %movi 8, 18894848, 32;
   %ix/load 1, 0, 0;
   %ix/load 3, 9, 0;
   %set/av v01270D68, 8, 32;
    %movi 8, 22042656, 32;
   %ix/load 1, 0, 0;
   %ix/load 3, 10, 0;
   %set/av v01270D68, 8, 32;
    %movi 8, 2373058560, 32;
   %ix/load 1, 0, 0;
   %ix/load 3, 11, 0;
   %set/av v01270D68, 8, 32;
    %movi 8, 560726017, 32;
   %ix/load 1, 0, 0;
   %ix/load 3, 12, 0;
   %set/av v01270D68, 8, 32;
    %movi 8, 2375221248, 32;
   %ix/load 1, 0, 0;
   %ix/load 3, 13, 0;
   %set/av v01270D68, 8, 32;
    %movi 8, 41052202, 32;
   %ix/load 1, 0, 0;
   %ix/load 3, 14, 0;
   %set/av v01270D68, 8, 32;
    %movi 8, 295698449, 32;
   %ix/load 1, 0, 0;
   %ix/load 3, 15, 0;
   %set/av v01270D68, 8, 32;
    %movi 8, 2912026624, 32;
   %ix/load 1, 0, 0;
   %ix/load 3, 16, 0;
   %set/av v01270D68, 8, 32;
    %movi 8, 2909995008, 32;
   %ix/load 1, 0, 0;
   %ix/load 3, 17, 0;
   %set/av v01270D68, 8, 32;
    %movi 8, 556335105, 32;
   %ix/load 1, 0, 0;
   %ix/load 3, 18, 0;
   %set/av v01270D68, 8, 32;
    %movi 8, 134217734, 32;
   %ix/load 1, 0, 0;
   %ix/load 3, 19, 0;
   %set/av v01270D68, 8, 32;
    %movi 8, 554172417, 32;
   %ix/load 1, 0, 0;
   %ix/load 3, 20, 0;
   %set/av v01270D68, 8, 32;
    %movi 8, 134217731, 32;
   %ix/load 1, 0, 0;
   %ix/load 3, 21, 0;
   %set/av v01270D68, 8, 32;
    %movi 8, 4227858432, 32;
   %ix/load 1, 0, 0;
   %ix/load 3, 22, 0;
   %set/av v01270D68, 8, 32;
    %movi 8, 15, 32;
   %ix/load 1, 0, 0;
   %ix/load 3, 32, 0;
   %set/av v01270D68, 8, 32;
    %movi 8, 10, 32;
   %ix/load 1, 0, 0;
   %ix/load 3, 33, 0;
   %set/av v01270D68, 8, 32;
    %movi 8, 12, 32;
   %ix/load 1, 0, 0;
   %ix/load 3, 34, 0;
   %set/av v01270D68, 8, 32;
    %movi 8, 8, 32;
   %ix/load 1, 0, 0;
   %ix/load 3, 35, 0;
   %set/av v01270D68, 8, 32;
    %movi 8, 21, 32;
   %ix/load 1, 0, 0;
   %ix/load 3, 36, 0;
   %set/av v01270D68, 8, 32;
    %movi 8, 56, 32;
   %ix/load 1, 0, 0;
   %ix/load 3, 37, 0;
   %set/av v01270D68, 8, 32;
    %movi 8, 2, 32;
   %ix/load 1, 0, 0;
   %ix/load 3, 38, 0;
   %set/av v01270D68, 8, 32;
    %movi 8, 30, 32;
   %ix/load 1, 0, 0;
   %ix/load 3, 39, 0;
   %set/av v01270D68, 8, 32;
    %vpi_call 3 51 "$monitor", "%d, %d, %d, %d, %d", &A<v01270D68, 32>, &A<v01270D68, 33>, &A<v01270D68, 34>, &A<v01270D68, 35>, &A<v01270D68, 36>, &A<v01270D68, 37>, &A<v01270D68, 38>, &A<v01270D68, 39>;
    %end;
    .thread T_2;
    .scope S_0122FD90;
T_3 ;
    %wait E_01234888;
    %load/v 8, v01270B00_0, 1;
    %jmp/0xz  T_3.0, 8;
    %ix/load 0, 32, 0;
    %assign/v0 v01270B58_0, 0, 0;
    %jmp T_3.1;
T_3.0 ;
    %load/v 8, v01270E18_0, 1;
    %mov 9, 0, 1;
    %cmpi/u 8, 0, 2;
    %jmp/0xz  T_3.2, 4;
    %load/v 8, v01270BB0_0, 1;
    %jmp/0xz  T_3.4, 8;
    %load/v 8, v01270D10_0, 32;
    %ix/getv 3, v01270C60_0;
    %jmp/1 t_1, 4;
    %ix/load 0, 32, 0; word width
    %ix/load 1, 0, 0; part off
    %assign/av v01270D68, 0, 8;
t_1 ;
T_3.4 ;
    %load/v 8, v01270D10_0, 32;
    %ix/load 0, 32, 0;
    %assign/v0 v01270B58_0, 0, 8;
    %jmp T_3.3;
T_3.2 ;
    %ix/getv 3, v01270C60_0;
    %load/av 8, v01270D68, 32;
    %ix/load 0, 32, 0;
    %assign/v0 v01270B58_0, 0, 8;
T_3.3 ;
T_3.1 ;
    %jmp T_3;
    .thread T_3, $push;
    .scope S_0122FBF8;
T_4 ;
    %wait E_01234988;
    %load/v 8, v011FC8A8_0, 32;
    %ix/load 0, 26, 0;
    %mov 4, 0, 1;
    %shiftr/i0  8, 32;
    %set/v v011FCA60_0, 8, 32;
    %load/v 8, v011FCA60_0, 32;
    %cmpi/u 8, 0, 32;
    %jmp/0xz  T_4.0, 6;
    %set/v v011FC6F0_0, 0, 2;
    %load/v 8, v011FC8A8_0, 32;
    %ix/load 0, 26, 0;
    %mov 4, 0, 1;
    %shiftl/i0  8, 32;
    %ix/load 0, 26, 0;
    %mov 4, 0, 1;
    %shiftr/i0  8, 32;
    %set/v v011FC958_0, 8, 32;
    %load/v 8, v011FC958_0, 32;
    %cmpi/u 8, 32, 32;
    %jmp/0xz  T_4.2, 6;
    %set/v v011FCBC0_0, 0, 32;
    %jmp T_4.3;
T_4.2 ;
    %load/v 8, v011FC958_0, 32;
    %cmpi/u 8, 34, 32;
    %jmp/0xz  T_4.4, 6;
    %movi 8, 1, 32;
    %set/v v011FCBC0_0, 8, 32;
    %jmp T_4.5;
T_4.4 ;
    %load/v 8, v011FC958_0, 32;
    %cmpi/u 8, 33, 32;
    %jmp/0xz  T_4.6, 6;
    %movi 8, 2, 32;
    %set/v v011FCBC0_0, 8, 32;
    %jmp T_4.7;
T_4.6 ;
    %load/v 8, v011FC958_0, 32;
    %cmpi/u 8, 35, 32;
    %jmp/0xz  T_4.8, 6;
    %movi 8, 3, 32;
    %set/v v011FCBC0_0, 8, 32;
    %jmp T_4.9;
T_4.8 ;
    %load/v 8, v011FC958_0, 32;
    %cmpi/u 8, 36, 32;
    %jmp/0xz  T_4.10, 6;
    %movi 8, 4, 32;
    %set/v v011FCBC0_0, 8, 32;
    %jmp T_4.11;
T_4.10 ;
    %load/v 8, v011FC958_0, 32;
    %cmpi/u 8, 37, 32;
    %jmp/0xz  T_4.12, 6;
    %movi 8, 5, 32;
    %set/v v011FCBC0_0, 8, 32;
    %jmp T_4.13;
T_4.12 ;
    %load/v 8, v011FC958_0, 32;
    %cmpi/u 8, 0, 32;
    %jmp/0xz  T_4.14, 6;
    %movi 8, 6, 32;
    %set/v v011FCBC0_0, 8, 32;
    %jmp T_4.15;
T_4.14 ;
    %load/v 8, v011FC958_0, 32;
    %cmpi/u 8, 2, 32;
    %jmp/0xz  T_4.16, 6;
    %movi 8, 7, 32;
    %set/v v011FCBC0_0, 8, 32;
    %jmp T_4.17;
T_4.16 ;
    %load/v 8, v011FC958_0, 32;
    %cmpi/u 8, 8, 32;
    %jmp/0xz  T_4.18, 6;
    %movi 8, 8, 32;
    %set/v v011FCBC0_0, 8, 32;
    %jmp T_4.19;
T_4.18 ;
    %load/v 8, v011FC958_0, 32;
    %cmpi/u 8, 42, 32;
    %jmp/0xz  T_4.20, 6;
    %movi 8, 9, 32;
    %set/v v011FCBC0_0, 8, 32;
T_4.20 ;
T_4.19 ;
T_4.17 ;
T_4.15 ;
T_4.13 ;
T_4.11 ;
T_4.9 ;
T_4.7 ;
T_4.5 ;
T_4.3 ;
    %jmp T_4.1;
T_4.0 ;
    %load/v 8, v011FCA60_0, 32;
    %cmpi/u 8, 2, 32;
    %jmp/0xz  T_4.22, 6;
    %movi 8, 1, 2;
    %set/v v011FC6F0_0, 8, 2;
    %jmp T_4.23;
T_4.22 ;
    %load/v 8, v011FCA60_0, 32;
    %cmpi/u 8, 3, 32;
    %jmp/0xz  T_4.24, 6;
    %movi 8, 2, 2;
    %set/v v011FC6F0_0, 8, 2;
    %jmp T_4.25;
T_4.24 ;
    %load/v 8, v011FCA60_0, 32;
    %cmpi/u 8, 8, 32;
    %jmp/0xz  T_4.26, 6;
    %set/v v011FCBC0_0, 0, 32;
    %jmp T_4.27;
T_4.26 ;
    %load/v 8, v011FCA60_0, 32;
    %cmpi/u 8, 9, 32;
    %jmp/0xz  T_4.28, 6;
    %movi 8, 1, 32;
    %set/v v011FCBC0_0, 8, 32;
    %jmp T_4.29;
T_4.28 ;
    %load/v 8, v011FCA60_0, 32;
    %cmpi/u 8, 12, 32;
    %jmp/0xz  T_4.30, 6;
    %movi 8, 2, 32;
    %set/v v011FCBC0_0, 8, 32;
    %jmp T_4.31;
T_4.30 ;
    %load/v 8, v011FCA60_0, 32;
    %cmpi/u 8, 13, 32;
    %jmp/0xz  T_4.32, 6;
    %movi 8, 3, 32;
    %set/v v011FCBC0_0, 8, 32;
    %jmp T_4.33;
T_4.32 ;
    %load/v 8, v011FCA60_0, 32;
    %cmpi/u 8, 35, 32;
    %jmp/0xz  T_4.34, 6;
    %movi 8, 4, 32;
    %set/v v011FCBC0_0, 8, 32;
    %jmp T_4.35;
T_4.34 ;
    %load/v 8, v011FCA60_0, 32;
    %cmpi/u 8, 43, 32;
    %jmp/0xz  T_4.36, 6;
    %movi 8, 5, 32;
    %set/v v011FCBC0_0, 8, 32;
    %jmp T_4.37;
T_4.36 ;
    %load/v 8, v011FCA60_0, 32;
    %cmpi/u 8, 4, 32;
    %jmp/0xz  T_4.38, 6;
    %movi 8, 6, 32;
    %set/v v011FCBC0_0, 8, 32;
    %jmp T_4.39;
T_4.38 ;
    %load/v 8, v011FCA60_0, 32;
    %cmpi/u 8, 5, 32;
    %jmp/0xz  T_4.40, 6;
    %movi 8, 7, 32;
    %set/v v011FCBC0_0, 8, 32;
    %jmp T_4.41;
T_4.40 ;
    %load/v 8, v011FCA60_0, 32;
    %cmpi/u 8, 7, 32;
    %jmp/0xz  T_4.42, 6;
    %movi 8, 8, 32;
    %set/v v011FCBC0_0, 8, 32;
    %jmp T_4.43;
T_4.42 ;
    %load/v 8, v011FCA60_0, 32;
    %cmpi/u 8, 1, 32;
    %jmp/0xz  T_4.44, 6;
    %movi 8, 9, 32;
    %set/v v011FCBC0_0, 8, 32;
    %jmp T_4.45;
T_4.44 ;
    %load/v 8, v011FCA60_0, 32;
    %cmpi/u 8, 14, 32;
    %jmp/0xz  T_4.46, 6;
    %movi 8, 10, 32;
    %set/v v011FCBC0_0, 8, 32;
    %jmp T_4.47;
T_4.46 ;
    %load/v 8, v011FCA60_0, 32;
    %cmpi/u 8, 15, 32;
    %jmp/0xz  T_4.48, 6;
    %movi 8, 11, 32;
    %set/v v011FCBC0_0, 8, 32;
    %jmp T_4.49;
T_4.48 ;
    %load/v 8, v011FCA60_0, 32;
    %cmpi/u 8, 10, 32;
    %jmp/0xz  T_4.50, 6;
    %movi 8, 12, 32;
    %set/v v011FCBC0_0, 8, 32;
    %jmp T_4.51;
T_4.50 ;
    %load/v 8, v011FCA60_0, 32;
    %cmpi/u 8, 63, 32;
    %jmp/0xz  T_4.52, 6;
    %movi 8, 13, 32;
    %set/v v011FCBC0_0, 8, 32;
T_4.52 ;
T_4.51 ;
T_4.49 ;
T_4.47 ;
T_4.45 ;
T_4.43 ;
T_4.41 ;
T_4.39 ;
T_4.37 ;
T_4.35 ;
T_4.33 ;
T_4.31 ;
T_4.29 ;
T_4.27 ;
    %set/v v011FC6F0_0, 1, 2;
T_4.25 ;
T_4.23 ;
T_4.1 ;
    %jmp T_4;
    .thread T_4, $push;
    .scope S_012309C8;
T_5 ;
    %wait E_01234968;
    %load/v 8, v011FC538_0, 1;
    %mov 9, 0, 2;
    %cmpi/u 8, 1, 3;
    %jmp/0xz  T_5.0, 6;
    %load/v 8, v011FC590_0, 2;
    %mov 10, 0, 1;
    %cmpi/u 8, 0, 3;
    %jmp/0xz  T_5.2, 6;
    %load/v 8, v011FCB10_0, 6;
    %mov 14, 0, 1;
    %cmpi/u 8, 0, 7;
    %jmp/0xz  T_5.4, 6;
    %load/v 8, v011FC640_0, 32;
    %load/v 40, v011FC7A0_0, 32;
    %add 8, 40, 32;
    %set/v v011FC7F8_0, 8, 32;
T_5.4 ;
    %load/v 8, v011FCB10_0, 6;
    %mov 14, 0, 1;
    %cmpi/u 8, 1, 7;
    %jmp/0xz  T_5.6, 6;
    %load/v 8, v011FC640_0, 32;
    %load/v 40, v011FC7A0_0, 32;
    %sub 8, 40, 32;
    %set/v v011FC7F8_0, 8, 32;
T_5.6 ;
    %load/v 8, v011FCB10_0, 6;
    %mov 14, 0, 1;
    %cmpi/u 8, 2, 7;
    %jmp/0xz  T_5.8, 6;
    %load/v 8, v011FC640_0, 32;
    %load/v 40, v011FC7A0_0, 32;
    %add 8, 40, 32;
    %set/v v011FC7F8_0, 8, 32;
T_5.8 ;
    %load/v 8, v011FCB10_0, 6;
    %mov 14, 0, 1;
    %cmpi/u 8, 3, 7;
    %jmp/0xz  T_5.10, 6;
    %load/v 8, v011FC640_0, 32;
    %load/v 40, v011FC7A0_0, 32;
    %sub 8, 40, 32;
    %set/v v011FC7F8_0, 8, 32;
T_5.10 ;
    %load/v 8, v011FCB10_0, 6;
    %mov 14, 0, 1;
    %cmpi/u 8, 4, 7;
    %jmp/0xz  T_5.12, 6;
    %load/v 8, v011FC640_0, 32;
    %load/v 40, v011FC7A0_0, 32;
    %and 8, 40, 32;
    %set/v v011FC7F8_0, 8, 32;
T_5.12 ;
    %load/v 8, v011FCB10_0, 6;
    %mov 14, 0, 1;
    %cmpi/u 8, 5, 7;
    %jmp/0xz  T_5.14, 6;
    %load/v 8, v011FC640_0, 32;
    %load/v 40, v011FC7A0_0, 32;
    %or 8, 40, 32;
    %set/v v011FC7F8_0, 8, 32;
T_5.14 ;
    %load/v 8, v011FCB10_0, 6;
    %mov 14, 0, 1;
    %cmpi/u 8, 6, 7;
    %jmp/0xz  T_5.16, 6;
    %load/v 8, v011FC640_0, 32;
    %load/v 40, v011FCB68_0, 5;
    %ix/get 0, 40, 5;
    %shiftl/i0  8, 32;
    %set/v v011FC7F8_0, 8, 32;
T_5.16 ;
    %load/v 8, v011FCB10_0, 6;
    %mov 14, 0, 1;
    %cmpi/u 8, 7, 7;
    %jmp/0xz  T_5.18, 6;
    %load/v 8, v011FC640_0, 32;
    %load/v 40, v011FCB68_0, 5;
    %ix/get 0, 40, 5;
    %shiftr/i0  8, 32;
    %set/v v011FC7F8_0, 8, 32;
T_5.18 ;
    %load/v 8, v011FCB10_0, 6;
    %mov 14, 0, 1;
    %cmpi/u 8, 9, 7;
    %jmp/0xz  T_5.20, 6;
    %load/v 8, v011FC640_0, 32;
    %load/v 40, v011FC7A0_0, 32;
    %cmp/u 8, 40, 32;
    %jmp/0xz  T_5.22, 5;
    %movi 8, 1, 32;
    %set/v v011FC7F8_0, 8, 32;
    %jmp T_5.23;
T_5.22 ;
    %set/v v011FC7F8_0, 0, 32;
T_5.23 ;
T_5.20 ;
    %jmp T_5.3;
T_5.2 ;
    %load/v 8, v011FC590_0, 2;
    %mov 10, 0, 2;
    %cmpi/u 8, 3, 4;
    %jmp/0xz  T_5.24, 6;
    %load/v 8, v011FCB10_0, 6;
    %mov 14, 0, 1;
    %cmpi/u 8, 0, 7;
    %jmp/0xz  T_5.26, 6;
    %load/v 8, v011FC640_0, 32;
    %load/v 40, v011FC850_0, 32;
    %add 8, 40, 32;
    %set/v v011FC7F8_0, 8, 32;
T_5.26 ;
    %load/v 8, v011FCB10_0, 6;
    %mov 14, 0, 1;
    %cmpi/u 8, 1, 7;
    %jmp/0xz  T_5.28, 6;
    %load/v 8, v011FC640_0, 32;
    %load/v 40, v011FC850_0, 32;
    %add 8, 40, 32;
    %set/v v011FC7F8_0, 8, 32;
T_5.28 ;
    %load/v 8, v011FCB10_0, 6;
    %mov 14, 0, 1;
    %cmpi/u 8, 2, 7;
    %jmp/0xz  T_5.30, 6;
    %load/v 8, v011FC640_0, 32;
    %load/v 40, v011FC850_0, 32;
    %and 8, 40, 32;
    %set/v v011FC7F8_0, 8, 32;
T_5.30 ;
    %load/v 8, v011FCB10_0, 6;
    %mov 14, 0, 1;
    %cmpi/u 8, 3, 7;
    %jmp/0xz  T_5.32, 6;
    %load/v 8, v011FC640_0, 32;
    %load/v 40, v011FC850_0, 32;
    %or 8, 40, 32;
    %set/v v011FC7F8_0, 8, 32;
T_5.32 ;
    %load/v 8, v011FCB10_0, 6;
    %mov 14, 0, 1;
    %cmpi/u 8, 12, 7;
    %jmp/0xz  T_5.34, 6;
    %load/v 8, v011FC640_0, 32;
    %load/v 40, v011FC850_0, 32;
    %cmp/u 8, 40, 32;
    %jmp/0xz  T_5.36, 5;
    %movi 8, 1, 32;
    %set/v v011FC7F8_0, 8, 32;
    %jmp T_5.37;
T_5.36 ;
    %set/v v011FC7F8_0, 0, 32;
T_5.37 ;
T_5.34 ;
T_5.24 ;
T_5.3 ;
T_5.0 ;
    %jmp T_5;
    .thread T_5, $push;
    .scope S_0122FE18;
T_6 ;
    %set/v v01270898_0, 0, 32;
    %end;
    .thread T_6;
    .scope S_0122FE18;
T_7 ;
   %ix/load 1, 0, 0;
   %ix/load 3, 0, 0;
   %set/av v012707E8, 0, 32;
    %movi 8, 32, 32;
   %ix/load 1, 0, 0;
   %ix/load 3, 16, 0;
   %set/av v012707E8, 8, 32;
    %movi 8, 8, 32;
   %ix/load 1, 0, 0;
   %ix/load 3, 17, 0;
   %set/av v012707E8, 8, 32;
    %end;
    .thread T_7;
    .scope S_0122FE18;
T_8 ;
    %wait E_012349E8;
    %load/v 8, v01270000_0, 2;
    %mov 10, 0, 1;
    %cmpi/u 8, 0, 3;
    %jmp/0xz  T_8.0, 4;
    %load/v 8, v01270840_0, 6;
    %mov 14, 0, 1;
    %cmpi/u 8, 8, 7;
    %inv 4, 1;
    %jmp/0xz  T_8.2, 4;
    %set/v v01270420_0, 0, 1;
    %load/v 8, v01270210_0, 32;
    %load/v 40, v012700B0_0, 32;
    %ix/load 0, 16, 0;
    %mov 4, 0, 1;
    %shiftl/i0  40, 32;
    %ix/load 0, 27, 0;
    %mov 4, 0, 1;
    %shiftr/i0  40, 32;
    %ix/get 3, 40, 32;
   %jmp/1 t_2, 4;
   %ix/load 1, 0, 0;
   %set/av v012707E8, 8, 32;
t_2 ;
    %load/v 8, v01270898_0, 32;
    %mov 40, 0, 1;
    %addi 8, 1, 33;
    %set/v v01270898_0, 8, 32;
    %jmp T_8.3;
T_8.2 ;
    %set/v v01270420_0, 0, 1;
    %load/v 40, v012700B0_0, 32;
    %ix/load 0, 6, 0;
    %mov 4, 0, 1;
    %shiftl/i0  40, 32;
    %ix/load 0, 27, 0;
    %mov 4, 0, 1;
    %shiftr/i0  40, 32;
    %ix/get 3, 40, 32;
    %load/av 8, v012707E8, 32;
    %set/v v01270898_0, 8, 32;
    %load/v 8, v01270898_0, 32;
    %mov 40, 0, 1;
    %addi 8, 1, 33;
    %set/v v01270898_0, 8, 32;
T_8.3 ;
    %jmp T_8.1;
T_8.0 ;
    %load/v 8, v01270000_0, 2;
    %mov 10, 0, 1;
    %cmpi/u 8, 1, 3;
    %jmp/0xz  T_8.4, 4;
    %set/v v01270420_0, 0, 1;
    %load/v 8, v012700B0_0, 32;
    %ix/load 0, 6, 0;
    %mov 4, 0, 1;
    %shiftl/i0  8, 32;
    %ix/load 0, 6, 0;
    %mov 4, 0, 1;
    %shiftr/i0  8, 32;
    %set/v v01270898_0, 8, 32;
    %jmp T_8.5;
T_8.4 ;
    %load/v 8, v01270000_0, 2;
    %mov 10, 0, 2;
    %cmpi/u 8, 2, 4;
    %jmp/0xz  T_8.6, 6;
    %set/v v01270420_0, 0, 1;
    %load/v 8, v01270898_0, 32;
   %ix/load 1, 0, 0;
   %ix/load 3, 31, 0;
   %set/av v012707E8, 8, 32;
    %load/v 8, v012700B0_0, 32;
    %ix/load 0, 6, 0;
    %mov 4, 0, 1;
    %shiftl/i0  8, 32;
    %ix/load 0, 6, 0;
    %mov 4, 0, 1;
    %shiftr/i0  8, 32;
    %set/v v01270898_0, 8, 32;
    %jmp T_8.7;
T_8.6 ;
    %load/v 8, v01270000_0, 2;
    %mov 10, 0, 2;
    %cmpi/u 8, 3, 4;
    %jmp/0xz  T_8.8, 6;
    %load/v 8, v01270840_0, 6;
    %mov 14, 0, 1;
   %cmpi/u 8, 4, 7;
    %mov 8, 5, 1;
    %load/v 9, v01270840_0, 6;
    %mov 15, 0, 1;
    %cmpi/u 9, 12, 7;
    %or 8, 6, 1;
    %jmp/0xz  T_8.10, 8;
    %set/v v01270420_0, 0, 1;
    %load/v 8, v01270210_0, 32;
    %load/v 40, v012700B0_0, 32;
    %ix/load 0, 11, 0;
    %mov 4, 0, 1;
    %shiftl/i0  40, 32;
    %ix/load 0, 27, 0;
    %mov 4, 0, 1;
    %shiftr/i0  40, 32;
    %ix/get 3, 40, 32;
   %jmp/1 t_3, 4;
   %ix/load 1, 0, 0;
   %set/av v012707E8, 8, 32;
t_3 ;
    %load/v 8, v01270898_0, 32;
    %mov 40, 0, 1;
    %addi 8, 1, 33;
    %set/v v01270898_0, 8, 32;
    %jmp T_8.11;
T_8.10 ;
    %load/v 8, v01270840_0, 6;
    %mov 14, 0, 1;
    %cmpi/u 8, 6, 7;
    %jmp/0xz  T_8.12, 6;
    %set/v v01270420_0, 0, 1;
    %load/v 8, v01270268_0, 32;
    %load/v 40, v012708F0_0, 32;
    %cmp/u 8, 40, 32;
    %jmp/0xz  T_8.14, 4;
    %movi 8, 1, 33;
    %load/v 41, v012703C8_0, 32;
    %mov 73, 0, 1;
    %add 8, 41, 33;
    %set/v v01270898_0, 8, 32;
    %jmp T_8.15;
T_8.14 ;
    %load/v 8, v01270898_0, 32;
    %mov 40, 0, 1;
    %addi 8, 1, 33;
    %set/v v01270898_0, 8, 32;
T_8.15 ;
    %jmp T_8.13;
T_8.12 ;
    %load/v 8, v01270840_0, 6;
    %mov 14, 0, 1;
    %cmpi/u 8, 7, 7;
    %jmp/0xz  T_8.16, 6;
    %set/v v01270420_0, 0, 1;
    %load/v 40, v01270268_0, 32;
    %nor/r 40, 40, 32;
    %mov 8, 40, 1;
    %mov 9, 0, 31;
    %load/v 40, v012708F0_0, 32;
    %cmp/u 8, 40, 32;
    %jmp/0xz  T_8.18, 6;
    %movi 8, 1, 33;
    %load/v 41, v012703C8_0, 32;
    %mov 73, 0, 1;
    %add 8, 41, 33;
    %set/v v01270898_0, 8, 32;
    %jmp T_8.19;
T_8.18 ;
    %load/v 8, v01270898_0, 32;
    %mov 40, 0, 1;
    %addi 8, 1, 33;
    %set/v v01270898_0, 8, 32;
T_8.19 ;
    %jmp T_8.17;
T_8.16 ;
    %load/v 8, v01270840_0, 6;
    %mov 14, 0, 1;
    %cmpi/u 8, 8, 7;
    %jmp/0xz  T_8.20, 6;
    %set/v v01270420_0, 0, 1;
    %load/v 8, v012708F0_0, 32;
    %load/v 40, v01270268_0, 32;
    %cmp/u 8, 40, 32;
    %jmp/0xz  T_8.22, 5;
    %movi 8, 1, 33;
    %load/v 41, v012703C8_0, 32;
    %mov 73, 0, 1;
    %add 8, 41, 33;
    %set/v v01270898_0, 8, 32;
    %jmp T_8.23;
T_8.22 ;
    %load/v 8, v01270898_0, 32;
    %mov 40, 0, 1;
    %addi 8, 1, 33;
    %set/v v01270898_0, 8, 32;
T_8.23 ;
    %jmp T_8.21;
T_8.20 ;
    %load/v 8, v01270840_0, 6;
    %mov 14, 0, 1;
    %cmpi/u 8, 9, 7;
    %jmp/0xz  T_8.24, 6;
    %set/v v01270420_0, 0, 1;
    %load/v 8, v012708F0_0, 32;
    %load/v 40, v01270268_0, 32;
    %cmp/u 8, 40, 32;
    %or 5, 4, 1;
    %jmp/0xz  T_8.26, 5;
    %movi 8, 1, 33;
    %load/v 41, v012703C8_0, 32;
    %mov 73, 0, 1;
    %add 8, 41, 33;
    %set/v v01270898_0, 8, 32;
    %jmp T_8.27;
T_8.26 ;
    %load/v 8, v01270898_0, 32;
    %mov 40, 0, 1;
    %addi 8, 1, 33;
    %set/v v01270898_0, 8, 32;
T_8.27 ;
    %jmp T_8.25;
T_8.24 ;
    %load/v 8, v01270840_0, 6;
    %mov 14, 0, 1;
    %cmpi/u 8, 10, 7;
    %jmp/0xz  T_8.28, 6;
    %set/v v01270420_0, 0, 1;
    %load/v 8, v01270268_0, 32;
    %load/v 40, v012708F0_0, 32;
    %cmp/u 8, 40, 32;
    %jmp/0xz  T_8.30, 5;
    %movi 8, 1, 34;
    %load/v 42, v012703C8_0, 32;
    %mov 74, 0, 2;
    %add 8, 42, 34;
    %load/v 42, v01270898_0, 32;
    %mov 74, 0, 2;
    %add 8, 42, 34;
    %set/v v01270898_0, 8, 32;
    %jmp T_8.31;
T_8.30 ;
    %load/v 8, v01270898_0, 32;
    %mov 40, 0, 1;
    %addi 8, 1, 33;
    %set/v v01270898_0, 8, 32;
T_8.31 ;
    %jmp T_8.29;
T_8.28 ;
    %load/v 8, v01270840_0, 6;
    %mov 14, 0, 1;
    %cmpi/u 8, 11, 7;
    %jmp/0xz  T_8.32, 6;
    %set/v v01270420_0, 0, 1;
    %load/v 8, v01270268_0, 32;
    %load/v 40, v012708F0_0, 32;
    %cmp/u 8, 40, 32;
    %or 5, 4, 1;
    %jmp/0xz  T_8.34, 5;
    %movi 8, 1, 33;
    %load/v 41, v012703C8_0, 32;
    %mov 73, 0, 1;
    %add 8, 41, 33;
    %set/v v01270898_0, 8, 32;
    %jmp T_8.35;
T_8.34 ;
    %load/v 8, v01270898_0, 32;
    %mov 40, 0, 1;
    %addi 8, 1, 33;
    %set/v v01270898_0, 8, 32;
T_8.35 ;
    %jmp T_8.33;
T_8.32 ;
    %load/v 8, v01270840_0, 6;
    %mov 14, 0, 1;
    %cmpi/u 8, 4, 7;
    %jmp/0xz  T_8.36, 4;
    %set/v v01270420_0, 0, 1;
    %load/v 8, v01270630_0, 32;
    %load/v 40, v012700B0_0, 32;
    %ix/load 0, 11, 0;
    %mov 4, 0, 1;
    %shiftl/i0  40, 32;
    %ix/load 0, 27, 0;
    %mov 4, 0, 1;
    %shiftr/i0  40, 32;
    %ix/get 3, 40, 32;
   %jmp/1 t_4, 4;
   %ix/load 1, 0, 0;
   %set/av v012707E8, 8, 32;
t_4 ;
    %load/v 8, v01270898_0, 32;
    %mov 40, 0, 1;
    %addi 8, 1, 33;
    %set/v v01270898_0, 8, 32;
    %jmp T_8.37;
T_8.36 ;
    %load/v 8, v01270840_0, 6;
    %mov 14, 0, 1;
    %cmpi/u 8, 5, 7;
    %jmp/0xz  T_8.38, 4;
    %set/v v01270420_0, 0, 1;
    %set/v v012701B8_0, 2, 32;
    %load/v 8, v01270898_0, 32;
    %mov 40, 0, 1;
    %addi 8, 1, 33;
    %set/v v01270898_0, 8, 32;
    %jmp T_8.39;
T_8.38 ;
    %load/v 8, v01270840_0, 6;
    %mov 14, 0, 1;
    %cmpi/u 8, 13, 7;
    %jmp/0xz  T_8.40, 4;
    %set/v v01270420_0, 0, 1;
    %load/v 8, v01270898_0, 32;
    %set/v v01270898_0, 8, 32;
T_8.40 ;
T_8.39 ;
T_8.37 ;
T_8.33 ;
T_8.29 ;
T_8.25 ;
T_8.21 ;
T_8.17 ;
T_8.13 ;
T_8.11 ;
T_8.8 ;
T_8.7 ;
T_8.5 ;
T_8.1 ;
    %jmp T_8;
    .thread T_8;
    .scope S_0122FE18;
T_9 ;
    %wait E_012348E8;
    %load/v 8, v01270000_0, 2;
    %mov 10, 0, 1;
    %cmpi/u 8, 0, 3;
    %jmp/0xz  T_9.0, 4;
    %load/v 8, v01270840_0, 6;
    %mov 14, 0, 1;
    %cmpi/u 8, 8, 7;
    %inv 4, 1;
    %jmp/0xz  T_9.2, 4;
    %set/v v01270420_0, 1, 1;
    %load/v 40, v012700B0_0, 32;
    %ix/load 0, 6, 0;
    %mov 4, 0, 1;
    %shiftl/i0  40, 32;
    %ix/load 0, 27, 0;
    %mov 4, 0, 1;
    %shiftr/i0  40, 32;
    %ix/get 3, 40, 32;
    %load/av 8, v012707E8, 32;
    %set/v v01270268_0, 8, 32;
    %load/v 40, v012700B0_0, 32;
    %ix/load 0, 11, 0;
    %mov 4, 0, 1;
    %shiftl/i0  40, 32;
    %ix/load 0, 27, 0;
    %mov 4, 0, 1;
    %shiftr/i0  40, 32;
    %ix/get 3, 40, 32;
    %load/av 8, v012707E8, 32;
    %set/v v012708F0_0, 8, 32;
    %load/v 8, v012700B0_0, 32;
    %ix/load 0, 21, 0;
    %mov 4, 0, 1;
    %shiftl/i0  8, 32;
    %ix/load 0, 27, 0;
    %mov 4, 0, 1;
    %shiftr/i0  8, 32;
    %set/v v012702C0_0, 8, 5;
T_9.2 ;
T_9.0 ;
    %load/v 8, v01270000_0, 2;
    %mov 10, 0, 2;
    %cmpi/u 8, 3, 4;
    %jmp/0xz  T_9.4, 4;
    %load/v 8, v01270840_0, 6;
    %mov 14, 0, 1;
   %cmpi/u 8, 4, 7;
    %mov 8, 5, 1;
    %load/v 9, v01270840_0, 6;
    %mov 15, 0, 1;
    %cmpi/u 9, 12, 7;
    %or 8, 6, 1;
    %jmp/0xz  T_9.6, 8;
    %set/v v01270420_0, 1, 1;
    %load/v 40, v012700B0_0, 32;
    %ix/load 0, 6, 0;
    %mov 4, 0, 1;
    %shiftl/i0  40, 32;
    %ix/load 0, 27, 0;
    %mov 4, 0, 1;
    %shiftr/i0  40, 32;
    %ix/get 3, 40, 32;
    %load/av 8, v012707E8, 32;
    %set/v v01270268_0, 8, 32;
    %load/v 40, v012700B0_0, 32;
    %ix/load 0, 11, 0;
    %mov 4, 0, 1;
    %shiftl/i0  40, 32;
    %ix/load 0, 27, 0;
    %mov 4, 0, 1;
    %shiftr/i0  40, 32;
    %ix/get 3, 40, 32;
    %load/av 8, v012707E8, 32;
    %set/v v012708F0_0, 8, 32;
    %load/v 8, v012700B0_0, 32;
    %ix/load 0, 16, 0;
    %mov 4, 0, 1;
    %shiftl/i0  8, 32;
    %ix/load 0, 16, 0;
    %mov 4, 0, 1;
    %shiftr/s/i0  8, 32;
    %set/v v012703C8_0, 8, 32;
T_9.6 ;
    %load/v 8, v01270840_0, 6;
    %mov 14, 0, 1;
    %cmpi/u 8, 4, 7;
    %jmp/0xz  T_9.8, 4;
    %set/v v01270420_0, 0, 1;
    %set/v v01270580_0, 0, 1;
    %set/v v01270160_0, 1, 1;
    %load/v 40, v012700B0_0, 32;
    %ix/load 0, 6, 0;
    %mov 4, 0, 1;
    %shiftl/i0  40, 32;
    %ix/load 0, 27, 0;
    %mov 4, 0, 1;
    %shiftr/i0  40, 32;
    %ix/get 3, 40, 32;
    %load/av 8, v012707E8, 32;
    %set/v v012701B8_0, 8, 32;
    %load/v 8, v012700B0_0, 32;
    %ix/load 0, 16, 0;
    %mov 4, 0, 1;
    %shiftl/i0  8, 32;
    %ix/load 0, 16, 0;
    %mov 4, 0, 1;
    %shiftr/s/i0  8, 32;
    %set/v v012703C8_0, 8, 32;
    %jmp T_9.9;
T_9.8 ;
    %load/v 8, v01270840_0, 6;
    %mov 14, 0, 1;
    %cmpi/u 8, 5, 7;
    %jmp/0xz  T_9.10, 4;
    %set/v v01270420_0, 0, 1;
    %load/v 40, v012700B0_0, 32;
    %ix/load 0, 11, 0;
    %mov 4, 0, 1;
    %shiftl/i0  40, 32;
    %ix/load 0, 27, 0;
    %mov 4, 0, 1;
    %shiftr/i0  40, 32;
    %ix/get 3, 40, 32;
    %load/av 8, v012707E8, 32;
    %set/v v0126FF50_0, 8, 32;
    %set/v v01270580_0, 1, 1;
    %set/v v01270160_0, 0, 1;
    %load/v 40, v012700B0_0, 32;
    %ix/load 0, 6, 0;
    %mov 4, 0, 1;
    %shiftl/i0  40, 32;
    %ix/load 0, 27, 0;
    %mov 4, 0, 1;
    %shiftr/i0  40, 32;
    %ix/get 3, 40, 32;
    %load/av 8, v012707E8, 32;
    %set/v v012701B8_0, 8, 32;
    %load/v 8, v012700B0_0, 32;
    %ix/load 0, 16, 0;
    %mov 4, 0, 1;
    %shiftl/i0  8, 32;
    %ix/load 0, 16, 0;
    %mov 4, 0, 1;
    %shiftr/i0  8, 32;
    %set/v v012703C8_0, 8, 32;
T_9.10 ;
T_9.9 ;
    %load/v 8, v01270840_0, 6;
    %mov 14, 0, 1;
    %cmpi/u 8, 10, 7;
    %jmp/0xz  T_9.12, 4;
    %set/v v01270420_0, 0, 1;
    %load/v 40, v012700B0_0, 32;
    %ix/load 0, 6, 0;
    %mov 4, 0, 1;
    %shiftl/i0  40, 32;
    %ix/load 0, 27, 0;
    %mov 4, 0, 1;
    %shiftr/i0  40, 32;
    %ix/get 3, 40, 32;
    %load/av 8, v012707E8, 32;
    %set/v v01270268_0, 8, 32;
    %load/v 40, v012700B0_0, 32;
    %ix/load 0, 11, 0;
    %mov 4, 0, 1;
    %shiftl/i0  40, 32;
    %ix/load 0, 27, 0;
    %mov 4, 0, 1;
    %shiftr/i0  40, 32;
    %ix/get 3, 40, 32;
    %load/av 8, v012707E8, 32;
    %set/v v012708F0_0, 8, 32;
    %load/v 8, v012700B0_0, 32;
    %ix/load 0, 16, 0;
    %mov 4, 0, 1;
    %shiftl/i0  8, 32;
    %ix/load 0, 16, 0;
    %mov 4, 0, 1;
    %shiftr/s/i0  8, 32;
    %set/v v012703C8_0, 8, 32;
T_9.12 ;
    %load/v 8, v01270840_0, 6;
    %mov 14, 0, 1;
    %cmpi/u 8, 6, 7;
    %jmp/0xz  T_9.14, 4;
    %set/v v01270420_0, 0, 1;
    %load/v 40, v012700B0_0, 32;
    %ix/load 0, 6, 0;
    %mov 4, 0, 1;
    %shiftl/i0  40, 32;
    %ix/load 0, 27, 0;
    %mov 4, 0, 1;
    %shiftr/i0  40, 32;
    %ix/get 3, 40, 32;
    %load/av 8, v012707E8, 32;
    %set/v v01270268_0, 8, 32;
    %load/v 40, v012700B0_0, 32;
    %ix/load 0, 11, 0;
    %mov 4, 0, 1;
    %shiftl/i0  40, 32;
    %ix/load 0, 27, 0;
    %mov 4, 0, 1;
    %shiftr/i0  40, 32;
    %ix/get 3, 40, 32;
    %load/av 8, v012707E8, 32;
    %set/v v012708F0_0, 8, 32;
    %load/v 8, v012700B0_0, 32;
    %ix/load 0, 16, 0;
    %mov 4, 0, 1;
    %shiftl/i0  8, 32;
    %ix/load 0, 16, 0;
    %mov 4, 0, 1;
    %shiftr/s/i0  8, 32;
    %set/v v012703C8_0, 8, 32;
T_9.14 ;
T_9.4 ;
    %jmp T_9;
    .thread T_9;
    .scope S_0122FD08;
T_10 ;
    %movi 8, 2, 32;
    %set/v v01270688_0, 8, 32;
    %end;
    .thread T_10;
    .scope S_0122FD08;
T_11 ;
    %movi 8, 2147483649, 32;
    %set/v v01270738_0, 8, 32;
    %end;
    .thread T_11;
    .scope S_0122FD08;
T_12 ;
    %delay 1, 0;
    %load/v 8, v01270790_0, 1;
    %inv 8, 1;
    %set/v v01270790_0, 8, 1;
    %jmp T_12;
    .thread T_12;
    .scope S_0122FD08;
T_13 ;
    %vpi_call 2 14 "$dumpfile", "PDS.vcd";
    %vpi_call 2 15 "$dumpvars", 1'sb0, S_0122FD08;
    %set/v v01270790_0, 0, 1;
    %end;
    .thread T_13;
# The file index is used to find the file name in the following table.
:file_names 4;
    "N/A";
    "<interactive>";
    "trytb.v";
    "try.v";
